#
# There is insufficient memory for the Java Runtime Environment to continue.
# Native memory allocation (malloc) failed to allocate 1137776 bytes for Chunk::new
# Possible reasons:
#   The system is out of physical RAM or swap space
#   The process is running with CompressedOops enabled, and the Java Heap may be blocking the growth of the native heap
# Possible solutions:
#   Reduce memory load on the system
#   Increase physical memory or swap space
#   Check if swap backing store is full
#   Decrease Java heap size (-Xmx/-Xms)
#   Decrease number of Java threads
#   Decrease Java thread stack sizes (-Xss)
#   Set larger code cache with -XX:ReservedCodeCacheSize=
#   JVM is running with Zero Based Compressed Oops mode in which the Java heap is
#     placed in the first 32GB address space. The Java Heap base address is the
#     maximum limit for the native heap growth. Please use -XX:HeapBaseMinAddress
#     to set the Java Heap base and to place the Java Heap above 32GB virtual address.
# This output file may be truncated or incomplete.
#
#  Out of Memory Error (arena.cpp:168), pid=16888, tid=1672
#
# JRE version: Java(TM) SE Runtime Environment (21.0.2+13) (build 21.0.2+13-LTS-58)
# Java VM: Java HotSpot(TM) 64-Bit Server VM (21.0.2+13-LTS-58, mixed mode, sharing, tiered, compressed oops, compressed class ptrs, g1 gc, windows-amd64)
# No core dump will be written. Minidumps are not enabled by default on client versions of Windows
#

---------------  S U M M A R Y ------------

Command Line: C:\Users\Q530\AppData\Local\Temp\surefire10408163914284907299\surefirebooter-20260329162817882_3.jar C:\Users\Q530\AppData\Local\Temp\surefire10408163914284907299 2026-03-29T16-28-17_797-jvmRun1 surefire-20260329162817882_1tmp surefire_0-20260329162817882_2tmp

Host: 13th Gen Intel(R) Core(TM) i7-13620H, 16 cores, 15G,  Windows 11 , 64 bit Build 26100 (10.0.26100.7920)
Time: Sun Mar 29 16:28:22 2026 SE Asia Standard Time elapsed time: 4.890194 seconds (0d 0h 0m 4s)

---------------  T H R E A D  ---------------

Current thread (0x000002237f813410):  JavaThread "C2 CompilerThread1" daemon [_thread_in_native, id=1672, stack(0x0000002d39900000,0x0000002d39a00000) (1024K)]


Current CompileTask:
C2:   4890 6146       4       org.springframework.core.annotation.AnnotationsScanner::scan (21 bytes)

Stack: [0x0000002d39900000,0x0000002d39a00000]
Native frames: (J=compiled Java code, j=interpreted, Vv=VM code, C=native code)
V  [jvm.dll+0x6cade9]
V  [jvm.dll+0x8569c1]
V  [jvm.dll+0x858d2e]
V  [jvm.dll+0x859413]
V  [jvm.dll+0x280e56]
V  [jvm.dll+0xc3f3d]
V  [jvm.dll+0xc4473]
V  [jvm.dll+0x3b5bf2]
V  [jvm.dll+0x1e2013]
V  [jvm.dll+0x249d22]
V  [jvm.dll+0x2491b1]
V  [jvm.dll+0x1c9634]
V  [jvm.dll+0x258859]
V  [jvm.dll+0x256e3a]
V  [jvm.dll+0x3ef6c6]
V  [jvm.dll+0x7ff568]
V  [jvm.dll+0x6c953d]
C  [ucrtbase.dll+0x37b0]
C  [KERNEL32.DLL+0x2e8d7]
C  [ntdll.dll+0x8c48c]


---------------  P R O C E S S  ---------------

Threads class SMR info:
_java_thread_list=0x000002234f8d1970, length=26, elements={
0x000002236208f440, 0x000002237f7f8cf0, 0x000002237f7f9950, 0x000002237f802fa0,
0x000002237f8062e0, 0x000002237f806970, 0x000002237f807000, 0x0000022349020f30,
0x000002237f812d40, 0x000002237f813ae0, 0x000002237f804210, 0x000002237f803b80,
0x000002237f8141b0, 0x000002237f813410, 0x000002237f804f30, 0x000002237f805c50,
0x000002237f810b30, 0x000002237f811fa0, 0x000002234b323770, 0x000002234b3230e0,
0x000002234b323e00, 0x000002234b351220, 0x000002234b3518f0, 0x000002234b34f6e0,
0x000002234b353430, 0x000002234b353b00
}

Java Threads: ( => current thread )
  0x000002236208f440 JavaThread "main"                              [_thread_blocked, id=3208, stack(0x0000002d38500000,0x0000002d38600000) (1024K)]
  0x000002237f7f8cf0 JavaThread "Reference Handler"          daemon [_thread_blocked, id=11496, stack(0x0000002d38d00000,0x0000002d38e00000) (1024K)]
  0x000002237f7f9950 JavaThread "Finalizer"                  daemon [_thread_blocked, id=22388, stack(0x0000002d38e00000,0x0000002d38f00000) (1024K)]
  0x000002237f802fa0 JavaThread "Signal Dispatcher"          daemon [_thread_blocked, id=11840, stack(0x0000002d38f00000,0x0000002d39000000) (1024K)]
  0x000002237f8062e0 JavaThread "Attach Listener"            daemon [_thread_blocked, id=19592, stack(0x0000002d39000000,0x0000002d39100000) (1024K)]
  0x000002237f806970 JavaThread "Service Thread"             daemon [_thread_blocked, id=11836, stack(0x0000002d39100000,0x0000002d39200000) (1024K)]
  0x000002237f807000 JavaThread "Monitor Deflation Thread"   daemon [_thread_blocked, id=23868, stack(0x0000002d39200000,0x0000002d39300000) (1024K)]
  0x0000022349020f30 JavaThread "C2 CompilerThread0"         daemon [_thread_blocked, id=19164, stack(0x0000002d39300000,0x0000002d39400000) (1024K)]
  0x000002237f812d40 JavaThread "C1 CompilerThread0"         daemon [_thread_blocked, id=24836, stack(0x0000002d39400000,0x0000002d39500000) (1024K)]
  0x000002237f813ae0 JavaThread "C1 CompilerThread1"         daemon [_thread_blocked, id=21428, stack(0x0000002d39500000,0x0000002d39600000) (1024K)]
  0x000002237f804210 JavaThread "Notification Thread"        daemon [_thread_blocked, id=24868, stack(0x0000002d39600000,0x0000002d39700000) (1024K)]
  0x000002237f803b80 JavaThread "Common-Cleaner"             daemon [_thread_blocked, id=13460, stack(0x0000002d39700000,0x0000002d39800000) (1024K)]
  0x000002237f8141b0 JavaThread "C1 CompilerThread2"         daemon [_thread_blocked, id=23664, stack(0x0000002d39800000,0x0000002d39900000) (1024K)]
=>0x000002237f813410 JavaThread "C2 CompilerThread1"         daemon [_thread_in_native, id=1672, stack(0x0000002d39900000,0x0000002d39a00000) (1024K)]
  0x000002237f804f30 JavaThread "surefire-forkedjvm-stream-flusher" daemon [_thread_blocked, id=7800, stack(0x0000002d39a00000,0x0000002d39b00000) (1024K)]
  0x000002237f805c50 JavaThread "surefire-forkedjvm-command-thread" daemon [_thread_in_native, id=10692, stack(0x0000002d39b00000,0x0000002d39c00000) (1024K)]
  0x000002237f810b30 JavaThread "C1 CompilerThread3"         daemon [_thread_blocked, id=10864, stack(0x0000002d39c00000,0x0000002d39d00000) (1024K)]
  0x000002237f811fa0 JavaThread "C2 CompilerThread2"         daemon [_thread_blocked, id=14100, stack(0x0000002d3a400000,0x0000002d3a500000) (1024K)]
  0x000002234b323770 JavaThread "mysql-cj-abandoned-connection-cleanup" daemon [_thread_blocked, id=13924, stack(0x0000002d3a800000,0x0000002d3a900000) (1024K)]
  0x000002234b3230e0 JavaThread "HikariPool-1 housekeeper"   daemon [_thread_blocked, id=22668, stack(0x0000002d3b200000,0x0000002d3b300000) (1024K)]
  0x000002234b323e00 JavaThread "HikariPool-1 connection adder" daemon [_thread_blocked, id=3864, stack(0x0000002d3b300000,0x0000002d3b400000) (1024K)]
  0x000002234b351220 JavaThread "C2 CompilerThread3"         daemon [_thread_blocked, id=8148, stack(0x0000002d3a900000,0x0000002d3aa00000) (1024K)]
  0x000002234b3518f0 JavaThread "C2 CompilerThread4"         daemon [_thread_in_native, id=6972, stack(0x0000002d3ae00000,0x0000002d3af00000) (1024K)]
  0x000002234b34f6e0 JavaThread "C2 CompilerThread5"         daemon [_thread_blocked, id=11076, stack(0x0000002d3af00000,0x0000002d3b000000) (1024K)]
  0x000002234b353430 JavaThread "C2 CompilerThread6"         daemon [_thread_blocked, id=4136, stack(0x0000002d3b000000,0x0000002d3b100000) (1024K)]
  0x000002234b353b00 JavaThread "C2 CompilerThread7"         daemon [_thread_blocked, id=17632, stack(0x0000002d3b400000,0x0000002d3b500000) (1024K)]
Total: 26

Other Threads:
  0x000002237f7d8900 VMThread "VM Thread"                           [id=22716, stack(0x0000002d38c00000,0x0000002d38d00000) (1024K)]
  0x000002237f7bf800 WatcherThread "VM Periodic Task Thread"        [id=15400, stack(0x0000002d38b00000,0x0000002d38c00000) (1024K)]
  0x00000223620ef6b0 WorkerThread "GC Thread#0"                     [id=23028, stack(0x0000002d38600000,0x0000002d38700000) (1024K)]
  0x0000022349a47380 WorkerThread "GC Thread#1"                     [id=15132, stack(0x0000002d39d00000,0x0000002d39e00000) (1024K)]
  0x0000022349a47720 WorkerThread "GC Thread#2"                     [id=15240, stack(0x0000002d39e00000,0x0000002d39f00000) (1024K)]
  0x0000022349a44c70 WorkerThread "GC Thread#3"                     [id=10976, stack(0x0000002d39f00000,0x0000002d3a000000) (1024K)]
  0x0000022349a45010 WorkerThread "GC Thread#4"                     [id=3080, stack(0x0000002d3a000000,0x0000002d3a100000) (1024K)]
  0x0000022349a453b0 WorkerThread "GC Thread#5"                     [id=10316, stack(0x0000002d3a100000,0x0000002d3a200000) (1024K)]
  0x0000022349f9d600 WorkerThread "GC Thread#6"                     [id=15628, stack(0x0000002d3a200000,0x0000002d3a300000) (1024K)]
  0x0000022349f9d9a0 WorkerThread "GC Thread#7"                     [id=25444, stack(0x0000002d3a300000,0x0000002d3a400000) (1024K)]
  0x000002234a380960 WorkerThread "GC Thread#8"                     [id=1760, stack(0x0000002d3a500000,0x0000002d3a600000) (1024K)]
  0x000002234a492e90 WorkerThread "GC Thread#9"                     [id=23132, stack(0x0000002d3a600000,0x0000002d3a700000) (1024K)]
  0x000002234a2967b0 WorkerThread "GC Thread#10"                    [id=24792, stack(0x0000002d3a700000,0x0000002d3a800000) (1024K)]
  0x000002234a295cd0 WorkerThread "GC Thread#11"                    [id=19176, stack(0x0000002d3aa00000,0x0000002d3ab00000) (1024K)]
  0x000002234a2951f0 WorkerThread "GC Thread#12"                    [id=8108, stack(0x0000002d3ab00000,0x0000002d3ac00000) (1024K)]
  0x0000022362101760 ConcurrentGCThread "G1 Main Marker"            [id=14384, stack(0x0000002d38700000,0x0000002d38800000) (1024K)]
  0x0000022362102260 WorkerThread "G1 Conc#0"                       [id=23128, stack(0x0000002d38800000,0x0000002d38900000) (1024K)]
  0x000002234a296070 WorkerThread "G1 Conc#1"                       [id=2836, stack(0x0000002d3ac00000,0x0000002d3ad00000) (1024K)]
  0x000002234a296410 WorkerThread "G1 Conc#2"                       [id=23652, stack(0x0000002d3ad00000,0x0000002d3ae00000) (1024K)]
  0x000002237f68ecd0 ConcurrentGCThread "G1 Refine#0"               [id=11348, stack(0x0000002d38900000,0x0000002d38a00000) (1024K)]
  0x000002237f68f840 ConcurrentGCThread "G1 Service"                [id=13096, stack(0x0000002d38a00000,0x0000002d38b00000) (1024K)]
Total: 21

Threads with active compile tasks:
C2 CompilerThread0     4903 6409       4       org.antlr.v4.runtime.atn.ParserATNSimulator::closureCheckingStopState (370 bytes)
C2 CompilerThread1     4903 6146       4       org.springframework.core.annotation.AnnotationsScanner::scan (21 bytes)
C2 CompilerThread2     4903 6405       4       org.antlr.v4.runtime.atn.ParserATNSimulator::closure_ (343 bytes)
C2 CompilerThread3     4903 6403       4       org.antlr.v4.runtime.atn.PredictionContext::mergeArrays (809 bytes)
C2 CompilerThread4     4903 6147       4       org.springframework.core.annotation.AnnotationsScanner::process (55 bytes)
C2 CompilerThread5     4903 6396       4       org.antlr.v4.runtime.atn.PredictionContext::merge (139 bytes)
C2 CompilerThread6     4903 6399       4       org.antlr.v4.runtime.atn.ParserATNSimulator::getEpsilonTarget (155 bytes)
C2 CompilerThread7     4903 6425       4       org.antlr.v4.runtime.misc.Array2DHashSet::getOrAddImpl (146 bytes)
Total: 8

VM state: at safepoint (normal execution)

VM Mutex/Monitor currently owned by a thread:  ([mutex/lock_event])
[0x00007ff97220cd68] Threads_lock - owner thread: 0x000002237f7d8900
[0x00007ff97220ce68] Heap_lock - owner thread: 0x000002236208f440

Heap address: 0x0000000705c00000, size: 4004 MB, Compressed Oops mode: Zero based, Oop shift amount: 3

CDS archive(s) mapped at: [0x0000022304000000-0x0000022304c90000-0x0000022304c90000), size 13172736, SharedBaseAddress: 0x0000022304000000, ArchiveRelocationMode: 1.
Compressed class space mapped at: 0x0000022305000000-0x0000022345000000, reserved size: 1073741824
Narrow klass base: 0x0000022304000000, Narrow klass shift: 0, Narrow klass range: 0x100000000

GC Precious Log:
 CardTable entry size: 512
 Card Set container configuration: InlinePtr #cards 4 size 8 Array Of Cards #cards 16 size 48 Howl #buckets 8 coarsen threshold 3686 Howl Bitmap #cards 512 size 80 coarsen threshold 460 Card regions per heap region 1 cards per card region 4096
 CPUs: 16 total, 16 available
 Memory: 16010M
 Large Page Support: Disabled
 NUMA Support: Disabled
 Compressed Oops: Enabled (Zero based)
 Heap Region Size: 2M
 Heap Min Capacity: 8M
 Heap Initial Capacity: 252M
 Heap Max Capacity: 4004M
 Pre-touch: Disabled
 Parallel Workers: 13
 Concurrent Workers: 3
 Concurrent Refinement Workers: 13
 Periodic GC: Disabled

Heap:
 garbage-first heap   total 86016K, used 74078K [0x0000000705c00000, 0x0000000800000000)
  region size 2048K, 26 young (53248K), 3 survivors (6144K)
 Metaspace       used 66499K, committed 67136K, reserved 1114112K
  class space    used 9267K, committed 9536K, reserved 1048576K

Heap Regions: E=young(eden), S=young(survivor), O=old, HS=humongous(starts), HC=humongous(continues), CS=collection set, F=free, TAMS=top-at-mark-start, PB=parsable bottom
|   0|0x0000000705c00000, 0x0000000705e00000, 0x0000000705e00000|100%| O|  |TAMS 0x0000000705c00000| PB 0x0000000705c00000| Untracked 
|   1|0x0000000705e00000, 0x0000000706000000, 0x0000000706000000|100%| O|  |TAMS 0x0000000705e00000| PB 0x0000000705e00000| Untracked 
|   2|0x0000000706000000, 0x0000000706200000, 0x0000000706200000|100%| O|  |TAMS 0x0000000706000000| PB 0x0000000706000000| Untracked 
|   3|0x0000000706200000, 0x0000000706400000, 0x0000000706400000|100%| O|  |TAMS 0x0000000706200000| PB 0x0000000706200000| Untracked 
|   4|0x0000000706400000, 0x0000000706600000, 0x0000000706600000|100%| O|  |TAMS 0x0000000706400000| PB 0x0000000706400000| Untracked 
|   5|0x0000000706600000, 0x0000000706800000, 0x0000000706800000|100%| O|  |TAMS 0x0000000706600000| PB 0x0000000706600000| Untracked 
|   6|0x0000000706800000, 0x0000000706a00000, 0x0000000706a00000|100%| O|  |TAMS 0x0000000706800000| PB 0x0000000706800000| Untracked 
|   7|0x0000000706a00000, 0x0000000706c00000, 0x0000000706c00000|100%| O|  |TAMS 0x0000000706a00000| PB 0x0000000706a00000| Untracked 
|   8|0x0000000706c00000, 0x0000000706e00000, 0x0000000706e00000|100%| O|  |TAMS 0x0000000706c00000| PB 0x0000000706c00000| Untracked 
|   9|0x0000000706e00000, 0x0000000707000000, 0x0000000707000000|100%| O|Cm|TAMS 0x0000000706e00000| PB 0x0000000706e00000| Complete 
|  10|0x0000000707000000, 0x0000000707200000, 0x0000000707200000|100%| O|  |TAMS 0x0000000707000000| PB 0x0000000707000000| Untracked 
|  11|0x0000000707200000, 0x00000007072dcba0, 0x0000000707400000| 43%| O|  |TAMS 0x0000000707200000| PB 0x0000000707200000| Untracked 
|  12|0x0000000707400000, 0x0000000707400000, 0x0000000707600000|  0%| F|  |TAMS 0x0000000707400000| PB 0x0000000707400000| Untracked 
|  13|0x0000000707600000, 0x0000000707600000, 0x0000000707800000|  0%| F|  |TAMS 0x0000000707600000| PB 0x0000000707600000| Untracked 
|  14|0x0000000707800000, 0x00000007079fac70, 0x0000000707a00000| 98%| S|  |TAMS 0x0000000707800000| PB 0x0000000707800000| Complete 
|  15|0x0000000707a00000, 0x0000000707c00000, 0x0000000707c00000|100%| S|  |TAMS 0x0000000707a00000| PB 0x0000000707a00000| Complete 
|  16|0x0000000707c00000, 0x0000000707e00000, 0x0000000707e00000|100%| S|  |TAMS 0x0000000707c00000| PB 0x0000000707c00000| Complete 
|  17|0x0000000707e00000, 0x0000000708000000, 0x0000000708000000|100%| E|CS|TAMS 0x0000000707e00000| PB 0x0000000707e00000| Complete 
|  18|0x0000000708000000, 0x0000000708200000, 0x0000000708200000|100%| E|CS|TAMS 0x0000000708000000| PB 0x0000000708000000| Complete 
|  19|0x0000000708200000, 0x0000000708400000, 0x0000000708400000|100%| E|CS|TAMS 0x0000000708200000| PB 0x0000000708200000| Complete 
|  20|0x0000000708400000, 0x0000000708600000, 0x0000000708600000|100%| E|CS|TAMS 0x0000000708400000| PB 0x0000000708400000| Complete 
|  21|0x0000000708600000, 0x0000000708800000, 0x0000000708800000|100%| E|CS|TAMS 0x0000000708600000| PB 0x0000000708600000| Complete 
|  22|0x0000000708800000, 0x0000000708a00000, 0x0000000708a00000|100%| E|CS|TAMS 0x0000000708800000| PB 0x0000000708800000| Complete 
|  23|0x0000000708a00000, 0x0000000708c00000, 0x0000000708c00000|100%| E|CS|TAMS 0x0000000708a00000| PB 0x0000000708a00000| Complete 
|  24|0x0000000708c00000, 0x0000000708e00000, 0x0000000708e00000|100%| E|CS|TAMS 0x0000000708c00000| PB 0x0000000708c00000| Complete 
|  25|0x0000000708e00000, 0x0000000709000000, 0x0000000709000000|100%| E|CS|TAMS 0x0000000708e00000| PB 0x0000000708e00000| Complete 
|  26|0x0000000709000000, 0x0000000709200000, 0x0000000709200000|100%| E|CS|TAMS 0x0000000709000000| PB 0x0000000709000000| Complete 
|  27|0x0000000709200000, 0x0000000709400000, 0x0000000709400000|100%| E|CS|TAMS 0x0000000709200000| PB 0x0000000709200000| Complete 
|  28|0x0000000709400000, 0x0000000709600000, 0x0000000709600000|100%| E|CS|TAMS 0x0000000709400000| PB 0x0000000709400000| Complete 
|  29|0x0000000709600000, 0x0000000709800000, 0x0000000709800000|100%| E|CS|TAMS 0x0000000709600000| PB 0x0000000709600000| Complete 
|  30|0x0000000709800000, 0x0000000709a00000, 0x0000000709a00000|100%| E|CS|TAMS 0x0000000709800000| PB 0x0000000709800000| Complete 
|  31|0x0000000709a00000, 0x0000000709c00000, 0x0000000709c00000|100%| E|CS|TAMS 0x0000000709a00000| PB 0x0000000709a00000| Complete 
|  32|0x0000000709c00000, 0x0000000709e00000, 0x0000000709e00000|100%| E|CS|TAMS 0x0000000709c00000| PB 0x0000000709c00000| Complete 
|  33|0x0000000709e00000, 0x000000070a000000, 0x000000070a000000|100%| E|CS|TAMS 0x0000000709e00000| PB 0x0000000709e00000| Complete 
|  34|0x000000070a000000, 0x000000070a200000, 0x000000070a200000|100%| E|CS|TAMS 0x000000070a000000| PB 0x000000070a000000| Complete 
|  35|0x000000070a200000, 0x000000070a37aca8, 0x000000070a400000| 73%| E|CS|TAMS 0x000000070a200000| PB 0x000000070a200000| Complete 
|  36|0x000000070a400000, 0x000000070a600000, 0x000000070a600000|100%| E|CS|TAMS 0x000000070a400000| PB 0x000000070a400000| Complete 
|  37|0x000000070a600000, 0x000000070a800000, 0x000000070a800000|100%| E|CS|TAMS 0x000000070a600000| PB 0x000000070a600000| Complete 
|  98|0x0000000712000000, 0x0000000712200000, 0x0000000712200000|100%| E|CS|TAMS 0x0000000712000000| PB 0x0000000712000000| Complete 
|  99|0x0000000712200000, 0x0000000712400000, 0x0000000712400000|100%| E|CS|TAMS 0x0000000712200000| PB 0x0000000712200000| Complete 
| 100|0x0000000712400000, 0x0000000712600000, 0x0000000712600000|100%| E|CS|TAMS 0x0000000712400000| PB 0x0000000712400000| Complete 
| 125|0x0000000715600000, 0x0000000715800000, 0x0000000715800000|100%| E|CS|TAMS 0x0000000715600000| PB 0x0000000715600000| Complete 

Card table byte_map: [0x000002237c500000,0x000002237cce0000] _byte_map_base: 0x0000022378cd2000

Marking Bits: (CMBitMap*) 0x00000223620f05c0
 Bits: [0x0000022300000000, 0x0000022303e90000)

Polling page: 0x0000022362150000

Metaspace:

Usage:
  Non-class:     55.89 MB used.
      Class:      9.05 MB used.
       Both:     64.94 MB used.

Virtual space:
  Non-class space:       64.00 MB reserved,      56.25 MB ( 88%) committed,  1 nodes.
      Class space:        1.00 GB reserved,       9.31 MB ( <1%) committed,  1 nodes.
             Both:        1.06 GB reserved,      65.56 MB (  6%) committed. 

Chunk freelists:
   Non-Class:  7.47 MB
       Class:  6.58 MB
        Both:  14.05 MB

MaxMetaspaceSize: unlimited
CompressedClassSpaceSize: 1.00 GB
Initial GC threshold: 21.00 MB
Current GC threshold: 98.38 MB
CDS: on
 - commit_granule_bytes: 65536.
 - commit_granule_words: 8192.
 - virtual_space_node_default_size: 8388608.
 - enlarge_chunks_in_place: 1.
 - use_allocation_guard: 0.


Internal statistics:

num_allocs_failed_limit: 9.
num_arena_births: 870.
num_arena_deaths: 0.
num_vsnodes_births: 2.
num_vsnodes_deaths: 0.
num_space_committed: 1048.
num_space_uncommitted: 0.
num_chunks_returned_to_freelist: 9.
num_chunks_taken_from_freelist: 3335.
num_chunk_merges: 6.
num_chunk_splits: 2382.
num_chunks_enlarged: 1857.
num_inconsistent_stats: 0.

CodeHeap 'non-profiled nmethods': size=119168Kb used=3688Kb max_used=3688Kb free=115479Kb
 bounds [0x00000223738f0000, 0x0000022373ca0000, 0x000002237ad50000]
CodeHeap 'profiled nmethods': size=119104Kb used=11178Kb max_used=11178Kb free=107925Kb
 bounds [0x000002236bd50000, 0x000002236c840000, 0x00000223731a0000]
CodeHeap 'non-nmethods': size=7488Kb used=3370Kb max_used=3453Kb free=4117Kb
 bounds [0x00000223731a0000, 0x0000022373510000, 0x00000223738f0000]
 total_blobs=6411 nmethods=5692 adapters=620
 compilation: enabled
              stopped_count=0, restarted_count=0
 full_count=0

Compilation events (20 events):
Event: 4.735 Thread 0x000002237f813ae0 6417       3       org.antlr.v4.runtime.atn.PredictionContext::getCachedContext (261 bytes)
Event: 4.735 Thread 0x000002234b353430 6414       4       java.util.AbstractMap::<init> (5 bytes)
Event: 4.735 Thread 0x000002234b353b00 6395       4       org.antlr.v4.runtime.atn.ArrayPredictionContext::equals (68 bytes)
Event: 4.735 Thread 0x000002237f810b30 6419       3       org.antlr.v4.runtime.atn.AtomTransition::matches (14 bytes)
Event: 4.736 Thread 0x000002237f810b30 nmethod 6419 0x000002236c833f10 code [0x000002236c8340a0, 0x000002236c834208]
Event: 4.736 Thread 0x000002234b353430 nmethod 6414 0x00000223739feb10 code [0x00000223739feca0, 0x00000223739fed28]
Event: 4.736 Thread 0x000002234b353430 6418       4       org.antlr.v4.runtime.misc.MurmurHash::update (17 bytes)
Event: 4.736 Thread 0x000002237f813ae0 nmethod 6417 0x000002236c834290 code [0x000002236c834640, 0x000002236c836028]
Event: 4.738 Thread 0x000002234b34f6e0 nmethod 6412 0x0000022373a2b890 code [0x0000022373a2ba40, 0x0000022373a2bbc0]
Event: 4.739 Thread 0x000002237f812d40 6421       1       org.antlr.v4.runtime.atn.BlockEndState::getStateType (3 bytes)
Event: 4.739 Thread 0x000002234b34f6e0 6396       4       org.antlr.v4.runtime.atn.PredictionContext::merge (139 bytes)
Event: 4.740 Thread 0x000002237f812d40 nmethod 6421 0x0000022373a2b590 code [0x0000022373a2b720, 0x0000022373a2b7e8]
Event: 4.740 Thread 0x000002234b353b00 nmethod 6395 0x0000022373a2b090 code [0x0000022373a2b240, 0x0000022373a2b3e0]
Event: 4.741 Thread 0x000002234b353430 nmethod 6418 0x0000022373a2ad10 code [0x0000022373a2aea0, 0x0000022373a2afb0]
Event: 4.741 Thread 0x000002234b353b00 6398       4       org.antlr.v4.runtime.atn.SingletonPredictionContext::<init> (49 bytes)
Event: 4.741 Thread 0x000002234b353430 6415       4       org.antlr.v4.runtime.atn.SingletonPredictionContext::create (24 bytes)
Event: 4.744 Thread 0x000002237f8141b0 6427       3       java.util.IdentityHashMap::<init> (11 bytes)
Event: 4.744 Thread 0x000002237f813ae0 6428   !   3       org.antlr.v4.runtime.atn.ATNSimulator::getCachedContext (43 bytes)
Event: 4.744 Thread 0x000002237f812d40 6429       3       org.antlr.v4.runtime.atn.SingletonPredictionContext::getParent (23 bytes)
Event: 4.744 Thread 0x000002237f810b30 6430       3       org.antlr.v4.runtime.atn.ATNConfig::hashCode (53 bytes)

GC Heap History (18 events):
Event: 0.250 GC heap before
{Heap before GC invocations=0 (full 0):
 garbage-first heap   total 258048K, used 20480K [0x0000000705c00000, 0x0000000800000000)
  region size 2048K, 11 young (22528K), 0 survivors (0K)
 Metaspace       used 4051K, committed 4160K, reserved 1114112K
  class space    used 414K, committed 448K, reserved 1048576K
}
Event: 0.252 GC heap after
{Heap after GC invocations=1 (full 0):
 garbage-first heap   total 258048K, used 9300K [0x0000000705c00000, 0x0000000800000000)
  region size 2048K, 2 young (4096K), 2 survivors (4096K)
 Metaspace       used 4051K, committed 4160K, reserved 1114112K
  class space    used 414K, committed 448K, reserved 1048576K
}
Event: 0.575 GC heap before
{Heap before GC invocations=1 (full 0):
 garbage-first heap   total 258048K, used 29780K [0x0000000705c00000, 0x0000000800000000)
  region size 2048K, 13 young (26624K), 2 survivors (4096K)
 Metaspace       used 10050K, committed 10304K, reserved 1114112K
  class space    used 1204K, committed 1344K, reserved 1048576K
}
Event: 0.578 GC heap after
{Heap after GC invocations=2 (full 0):
 garbage-first heap   total 258048K, used 10785K [0x0000000705c00000, 0x0000000800000000)
  region size 2048K, 1 young (2048K), 1 survivors (2048K)
 Metaspace       used 10050K, committed 10304K, reserved 1114112K
  class space    used 1204K, committed 1344K, reserved 1048576K
}
Event: 1.055 GC heap before
{Heap before GC invocations=2 (full 0):
 garbage-first heap   total 258048K, used 55841K [0x0000000705c00000, 0x0000000800000000)
  region size 2048K, 25 young (51200K), 1 survivors (2048K)
 Metaspace       used 21206K, committed 21504K, reserved 1114112K
  class space    used 2804K, committed 2944K, reserved 1048576K
}
Event: 1.058 GC heap after
{Heap after GC invocations=3 (full 0):
 garbage-first heap   total 258048K, used 14626K [0x0000000705c00000, 0x0000000800000000)
  region size 2048K, 3 young (6144K), 3 survivors (6144K)
 Metaspace       used 21206K, committed 21504K, reserved 1114112K
  class space    used 2804K, committed 2944K, reserved 1048576K
}
Event: 1.492 GC heap before
{Heap before GC invocations=4 (full 0):
 garbage-first heap   total 61440K, used 59682K [0x0000000705c00000, 0x0000000800000000)
  region size 2048K, 25 young (51200K), 3 survivors (6144K)
 Metaspace       used 28435K, committed 28800K, reserved 1114112K
  class space    used 3712K, committed 3904K, reserved 1048576K
}
Event: 1.496 GC heap after
{Heap after GC invocations=5 (full 0):
 garbage-first heap   total 71680K, used 18399K [0x0000000705c00000, 0x0000000800000000)
  region size 2048K, 5 young (10240K), 5 survivors (10240K)
 Metaspace       used 28435K, committed 28800K, reserved 1114112K
  class space    used 3712K, committed 3904K, reserved 1048576K
}
Event: 2.049 GC heap before
{Heap before GC invocations=5 (full 0):
 garbage-first heap   total 71680K, used 51167K [0x0000000705c00000, 0x0000000800000000)
  region size 2048K, 21 young (43008K), 5 survivors (10240K)
 Metaspace       used 32937K, committed 33408K, reserved 1114112K
  class space    used 4357K, committed 4544K, reserved 1048576K
}
Event: 2.057 GC heap after
{Heap after GC invocations=6 (full 0):
 garbage-first heap   total 71680K, used 20987K [0x0000000705c00000, 0x0000000800000000)
  region size 2048K, 2 young (4096K), 2 survivors (4096K)
 Metaspace       used 32937K, committed 33408K, reserved 1114112K
  class space    used 4357K, committed 4544K, reserved 1048576K
}
Event: 2.364 GC heap before
{Heap before GC invocations=6 (full 0):
 garbage-first heap   total 71680K, used 31227K [0x0000000705c00000, 0x0000000800000000)
  region size 2048K, 8 young (16384K), 2 survivors (4096K)
 Metaspace       used 35659K, committed 36096K, reserved 1114112K
  class space    used 4729K, committed 4928K, reserved 1048576K
}
Event: 2.367 GC heap after
{Heap after GC invocations=7 (full 0):
 garbage-first heap   total 71680K, used 21036K [0x0000000705c00000, 0x0000000800000000)
  region size 2048K, 2 young (4096K), 2 survivors (4096K)
 Metaspace       used 35659K, committed 36096K, reserved 1114112K
  class space    used 4729K, committed 4928K, reserved 1048576K
}
Event: 2.838 GC heap before
{Heap before GC invocations=8 (full 0):
 garbage-first heap   total 71680K, used 55852K [0x0000000705c00000, 0x0000000800000000)
  region size 2048K, 19 young (38912K), 2 survivors (4096K)
 Metaspace       used 45495K, committed 46080K, reserved 1114112K
  class space    used 6145K, committed 6400K, reserved 1048576K
}
Event: 2.844 GC heap after
{Heap after GC invocations=9 (full 0):
 garbage-first heap   total 86016K, used 23806K [0x0000000705c00000, 0x0000000800000000)
  region size 2048K, 2 young (4096K), 2 survivors (4096K)
 Metaspace       used 45495K, committed 46080K, reserved 1114112K
  class space    used 6145K, committed 6400K, reserved 1048576K
}
Event: 3.390 GC heap before
{Heap before GC invocations=9 (full 0):
 garbage-first heap   total 86016K, used 68862K [0x0000000705c00000, 0x0000000800000000)
  region size 2048K, 25 young (51200K), 2 survivors (4096K)
 Metaspace       used 57286K, committed 57856K, reserved 1114112K
  class space    used 7862K, committed 8128K, reserved 1048576K
}
Event: 3.395 GC heap after
{Heap after GC invocations=10 (full 0):
 garbage-first heap   total 86016K, used 26555K [0x0000000705c00000, 0x0000000800000000)
  region size 2048K, 4 young (8192K), 4 survivors (8192K)
 Metaspace       used 57286K, committed 57856K, reserved 1114112K
  class space    used 7862K, committed 8128K, reserved 1048576K
}
Event: 3.472 GC heap before
{Heap before GC invocations=10 (full 0):
 garbage-first heap   total 86016K, used 34747K [0x0000000705c00000, 0x0000000800000000)
  region size 2048K, 9 young (18432K), 4 survivors (8192K)
 Metaspace       used 59645K, committed 60288K, reserved 1114112K
  class space    used 8207K, committed 8512K, reserved 1048576K
}
Event: 3.477 GC heap after
{Heap after GC invocations=11 (full 0):
 garbage-first heap   total 86016K, used 26974K [0x0000000705c00000, 0x0000000800000000)
  region size 2048K, 2 young (4096K), 2 survivors (4096K)
 Metaspace       used 59645K, committed 60288K, reserved 1114112K
  class space    used 8207K, committed 8512K, reserved 1048576K
}

Dll operation events (11 events):
Event: 0.004 Loaded shared library C:\Program Files\Java\jdk-21\bin\java.dll
Event: 0.021 Loaded shared library C:\Program Files\Java\jdk-21\bin\jsvml.dll
Event: 0.031 Loaded shared library C:\Program Files\Java\jdk-21\bin\net.dll
Event: 0.031 Loaded shared library C:\Program Files\Java\jdk-21\bin\nio.dll
Event: 0.033 Loaded shared library C:\Program Files\Java\jdk-21\bin\zip.dll
Event: 0.060 Loaded shared library C:\Program Files\Java\jdk-21\bin\management.dll
Event: 0.063 Loaded shared library C:\Program Files\Java\jdk-21\bin\management_ext.dll
Event: 0.072 Loaded shared library C:\Program Files\Java\jdk-21\bin\jimage.dll
Event: 1.358 Loaded shared library C:\Program Files\Java\jdk-21\bin\sunmscapi.dll
Event: 2.490 Loaded shared library C:\Program Files\Java\jdk-21\bin\verify.dll
Event: 2.715 Loaded shared library C:\Program Files\Java\jdk-21\bin\extnet.dll

Deoptimization events (20 events):
Event: 4.685 Thread 0x000002236208f440 Uncommon trap: trap_request=0xffffff45 fr.pc=0x0000022373a02dc8 relative=0x0000000000000a08
Event: 4.685 Thread 0x000002236208f440 Uncommon trap: reason=unstable_if action=reinterpret pc=0x0000022373a02dc8 method=org.antlr.v4.runtime.atn.ATNState.addTransition(ILorg/antlr/v4/runtime/atn/Transition;)V @ 115 c2
Event: 4.685 Thread 0x000002236208f440 DEOPT PACKING pc=0x0000022373a02dc8 sp=0x0000002d385f9770
Event: 4.685 Thread 0x000002236208f440 DEOPT UNPACKING pc=0x00000223731f46a2 sp=0x0000002d385f9738 mode 2
Event: 4.734 Thread 0x000002236208f440 Uncommon trap: trap_request=0xffffffc6 fr.pc=0x0000022373a2c8f0 relative=0x0000000000000310
Event: 4.734 Thread 0x000002236208f440 Uncommon trap: reason=bimorphic_or_optimized_type_check action=maybe_recompile pc=0x0000022373a2c8f0 method=org.antlr.v4.runtime.atn.SingletonPredictionContext.equals(Ljava/lang/Object;)Z @ 60 c2
Event: 4.734 Thread 0x000002236208f440 DEOPT PACKING pc=0x0000022373a2c8f0 sp=0x0000002d385f9a00
Event: 4.734 Thread 0x000002236208f440 DEOPT UNPACKING pc=0x00000223731f46a2 sp=0x0000002d385f9980 mode 2
Event: 4.734 Thread 0x000002236208f440 Uncommon trap: trap_request=0xffffffc6 fr.pc=0x0000022373a2c8f0 relative=0x0000000000000310
Event: 4.734 Thread 0x000002236208f440 Uncommon trap: reason=bimorphic_or_optimized_type_check action=maybe_recompile pc=0x0000022373a2c8f0 method=org.antlr.v4.runtime.atn.SingletonPredictionContext.equals(Ljava/lang/Object;)Z @ 60 c2
Event: 4.734 Thread 0x000002236208f440 DEOPT PACKING pc=0x0000022373a2c8f0 sp=0x0000002d385f9a00
Event: 4.734 Thread 0x000002236208f440 DEOPT UNPACKING pc=0x00000223731f46a2 sp=0x0000002d385f9980 mode 2
Event: 4.734 Thread 0x000002236208f440 Uncommon trap: trap_request=0xffffffc6 fr.pc=0x0000022373a2c8f0 relative=0x0000000000000310
Event: 4.734 Thread 0x000002236208f440 Uncommon trap: reason=bimorphic_or_optimized_type_check action=maybe_recompile pc=0x0000022373a2c8f0 method=org.antlr.v4.runtime.atn.SingletonPredictionContext.equals(Ljava/lang/Object;)Z @ 60 c2
Event: 4.734 Thread 0x000002236208f440 DEOPT PACKING pc=0x0000022373a2c8f0 sp=0x0000002d385f98c0
Event: 4.734 Thread 0x000002236208f440 DEOPT UNPACKING pc=0x00000223731f46a2 sp=0x0000002d385f9840 mode 2
Event: 4.734 Thread 0x000002236208f440 Uncommon trap: trap_request=0xffffffc6 fr.pc=0x0000022373a2c954 relative=0x0000000000000374
Event: 4.734 Thread 0x000002236208f440 Uncommon trap: reason=bimorphic_or_optimized_type_check action=maybe_recompile pc=0x0000022373a2c954 method=org.antlr.v4.runtime.atn.SingletonPredictionContext.equals(Ljava/lang/Object;)Z @ 60 c2
Event: 4.734 Thread 0x000002236208f440 DEOPT PACKING pc=0x0000022373a2c954 sp=0x0000002d385f9960
Event: 4.734 Thread 0x000002236208f440 DEOPT UNPACKING pc=0x00000223731f46a2 sp=0x0000002d385f9870 mode 2

Classes loaded (20 events):
Event: 4.298 Loading class java/util/stream/ReduceOps$CountingSink$OfRef
Event: 4.298 Loading class java/util/stream/ReduceOps$CountingSink
Event: 4.298 Loading class java/util/stream/ReduceOps$CountingSink done
Event: 4.298 Loading class java/util/stream/ReduceOps$CountingSink$OfRef done
Event: 4.339 Loading class java/util/regex/Pattern$LookBehindEndNode
Event: 4.339 Loading class java/util/regex/Pattern$LookBehindEndNode done
Event: 4.339 Loading class java/util/regex/Pattern$Behind
Event: 4.339 Loading class java/util/regex/Pattern$Behind done
Event: 4.366 Loading class java/util/regex/Pattern$SliceU
Event: 4.366 Loading class java/util/regex/Pattern$SliceU done
Event: 4.366 Loading class java/util/regex/Pattern$Bound
Event: 4.366 Loading class java/util/regex/Pattern$Bound done
Event: 4.366 Loading class java/util/regex/Pattern$SliceI
Event: 4.366 Loading class java/util/regex/Pattern$SliceI done
Event: 4.366 Loading class java/util/regex/Pattern$NotBehind
Event: 4.366 Loading class java/util/regex/Pattern$NotBehind done
Event: 4.457 Loading class java/util/EmptyStackException
Event: 4.457 Loading class java/util/EmptyStackException done
Event: 4.634 Loading class java/io/InvalidClassException
Event: 4.634 Loading class java/io/InvalidClassException done

Classes unloaded (0 events):
No events

Classes redefined (0 events):
No events

Internal exceptions (20 events):
Event: 3.406 Thread 0x000002236208f440 Exception <a 'java/lang/NoSuchMethodError'{0x0000000715736418}: 'java.lang.Object java.lang.invoke.DirectMethodHandle$Holder.newInvokeSpecial(java.lang.Object, java.lang.Object, int)'> (0x0000000715736418) 
thrown [s\open\src\hotspot\share\interpreter\linkResolver.cpp, line 773]
Event: 3.419 Thread 0x000002236208f440 Exception <a 'java/lang/NoSuchMethodError'{0x0000000712485ab8}: 'int java.lang.invoke.DirectMethodHandle$Holder.invokeStatic(java.lang.Object, int, java.lang.Object)'> (0x0000000712485ab8) 
thrown [s\open\src\hotspot\share\interpreter\linkResolver.cpp, line 773]
Event: 3.420 Thread 0x000002236208f440 Exception <a 'java/lang/NoSuchMethodError'{0x000000071249fc48}: 'java.lang.Object java.lang.invoke.DirectMethodHandle$Holder.newInvokeSpecial(java.lang.Object, java.lang.Object, java.lang.Object, java.lang.Object, java.lang.Object, int, java.lang.Object)'> (0x000000071249fc48) 
thrown [s\open\src\hotspot\share\interpreter\linkResolver.cpp, line 773]
Event: 3.422 Thread 0x000002236208f440 Exception <a 'java/lang/NoSuchMethodError'{0x00000007124d0f80}: 'java.lang.Object java.lang.invoke.DirectMethodHandle$Holder.newInvokeSpecial(java.lang.Object, java.lang.Object, java.lang.Object, java.lang.Object, java.lang.Object, java.lang.Object, java.lang.Object, java.lang.Object, java.lang.Object, java.lang.Object, java.lang.Object, java.lang.Object)'> (0x00000007124d0f80) 
thrown [s\open\src\hotspot\share\interpreter\linkResolver.cpp, line 773]
Event: 3.422 Thread 0x000002236208f440 Exception <a 'java/lang/NoSuchMethodError'{0x00000007124d6028}: 'java.lang.Object java.lang.invoke.DirectMethodHandle$Holder.invokeSpecial(java.lang.Object, java.lang.Object, java.lang.Object, java.lang.Object, java.lang.Object, java.lang.Object, java.lang.Object, java.lang.Object, java.lang.Object, java.lang.Object, java.lang.Object, java.lang.Object, java.lang.Object)'> (0x00000007124d6028) 
thrown [s\open\src\hotspot\share\interpreter\linkResolver.cpp, line 773]
Event: 3.422 Thread 0x000002236208f440 Exception <a 'java/lang/NoSuchMethodError'{0x00000007124dacc8}: 'java.lang.Object java.lang.invoke.Invokers$Holder.linkToTargetMethod(java.lang.Object, java.lang.Object, java.lang.Object, java.lang.Object, java.lang.Object, java.lang.Object, java.lang.Object, java.lang.Object, java.lang.Object, java.lang.Object, java.lang.Object, java.lang.Object)'> (0x00000007124dacc8) 
thrown [s\open\src\hotspot\share\interpreter\linkResolver.cpp, line 773]
Event: 3.435 Thread 0x000002236208f440 Exception <a 'java/lang/IncompatibleClassChangeError'{0x0000000712244cc8}: Found class java.lang.Object, but interface was expected> (0x0000000712244cc8) 
thrown [s\open\src\hotspot\share\interpreter\linkResolver.cpp, line 840]
Event: 3.440 Thread 0x000002236208f440 Exception <a 'java/lang/NoSuchMethodError'{0x00000007122bb898}: 'java.lang.Object java.lang.invoke.DirectMethodHandle$Holder.newInvokeSpecial(java.lang.Object, java.lang.Object, int, java.lang.Object, int, java.lang.Object, java.lang.Object)'> (0x00000007122bb898) 
thrown [s\open\src\hotspot\share\interpreter\linkResolver.cpp, line 773]
Event: 3.443 Thread 0x000002236208f440 Exception <a 'java/lang/NoSuchMethodError'{0x0000000712308e40}: 'java.lang.Object java.lang.invoke.DirectMethodHandle$Holder.newInvokeSpecial(java.lang.Object, java.lang.Object, java.lang.Object, java.lang.Object, java.lang.Object, java.lang.Object, java.lang.Object, int)'> (0x0000000712308e40) 
thrown [s\open\src\hotspot\share\interpreter\linkResolver.cpp, line 773]
Event: 3.443 Thread 0x000002236208f440 Exception <a 'java/lang/NoSuchMethodError'{0x000000071230db68}: 'java.lang.Object java.lang.invoke.DirectMethodHandle$Holder.invokeSpecial(java.lang.Object, java.lang.Object, java.lang.Object, java.lang.Object, java.lang.Object, java.lang.Object, java.lang.Object, java.lang.Object, int)'> (0x000000071230db68) 
thrown [s\open\src\hotspot\share\interpreter\linkResolver.cpp, line 773]
Event: 3.443 Thread 0x000002236208f440 Exception <a 'java/lang/NoSuchMethodError'{0x0000000712312438}: 'java.lang.Object java.lang.invoke.Invokers$Holder.linkToTargetMethod(java.lang.Object, java.lang.Object, java.lang.Object, java.lang.Object, java.lang.Object, java.lang.Object, int, java.lang.Object)'> (0x0000000712312438) 
thrown [s\open\src\hotspot\share\interpreter\linkResolver.cpp, line 773]
Event: 3.940 Thread 0x000002236208f440 Exception <a 'java/lang/NoSuchMethodError'{0x000000070a6323a8}: 'java.lang.Object java.lang.invoke.DirectMethodHandle$Holder.invokeSpecial(java.lang.Object, java.lang.Object, int, java.lang.Object, int)'> (0x000000070a6323a8) 
thrown [s\open\src\hotspot\share\interpreter\linkResolver.cpp, line 773]
Event: 3.969 Thread 0x000002236208f440 Implicit null exception at 0x0000022373b66477 to 0x0000022373b666e8
Event: 3.975 Thread 0x000002236208f440 Implicit null exception at 0x0000022373c24572 to 0x0000022373c248c0
Event: 4.000 Thread 0x000002236208f440 Exception <a 'java/lang/IncompatibleClassChangeError'{0x0000000709f413c0}: Found class java.lang.Object, but interface was expected> (0x0000000709f413c0) 
thrown [s\open\src\hotspot\share\interpreter\linkResolver.cpp, line 840]
Event: 4.044 Thread 0x000002236208f440 Exception <a 'java/lang/IncompatibleClassChangeError'{0x0000000709d16828}: Found class java.lang.Object, but interface was expected> (0x0000000709d16828) 
thrown [s\open\src\hotspot\share\interpreter\linkResolver.cpp, line 840]
Event: 4.263 Thread 0x000002236208f440 Exception <a 'java/lang/IncompatibleClassChangeError'{0x00000007097265e8}: Found class java.lang.Object, but interface was expected> (0x00000007097265e8) 
thrown [s\open\src\hotspot\share\interpreter\linkResolver.cpp, line 840]
Event: 4.342 Thread 0x000002236208f440 Exception <a 'java/lang/IncompatibleClassChangeError'{0x00000007095cab78}: Found class java.lang.Object, but interface was expected> (0x00000007095cab78) 
thrown [s\open\src\hotspot\share\interpreter\linkResolver.cpp, line 840]
Event: 4.343 Thread 0x000002236208f440 Exception <a 'java/lang/IncompatibleClassChangeError'{0x00000007095d05e0}: Found class java.lang.Object, but interface was expected> (0x00000007095d05e0) 
thrown [s\open\src\hotspot\share\interpreter\linkResolver.cpp, line 840]
Event: 4.411 Thread 0x000002236208f440 Exception <a 'java/lang/NoSuchMethodError'{0x00000007090e6808}: 'void java.lang.invoke.Invokers$Holder.invokeExact_MT(java.lang.Object, java.lang.Object, java.lang.Object, java.lang.Object)'> (0x00000007090e6808) 
thrown [s\open\src\hotspot\share\interpreter\linkResolver.cpp, line 773]

ZGC Phase Switch (0 events):
No events

VM Operations (20 events):
Event: 3.275 Executing VM operation: HandshakeAllThreads (Deoptimize)
Event: 3.275 Executing VM operation: HandshakeAllThreads (Deoptimize) done
Event: 3.320 Executing VM operation: ICBufferFull
Event: 3.320 Executing VM operation: ICBufferFull done
Event: 3.390 Executing VM operation: G1CollectForAllocation (G1 Evacuation Pause)
Event: 3.395 Executing VM operation: G1CollectForAllocation (G1 Evacuation Pause) done
Event: 3.472 Executing VM operation: CollectForMetadataAllocation (Metadata GC Threshold)
Event: 3.477 Executing VM operation: CollectForMetadataAllocation (Metadata GC Threshold) done
Event: 3.483 Executing VM operation: G1PauseRemark
Event: 3.487 Executing VM operation: G1PauseRemark done
Event: 3.490 Executing VM operation: G1PauseCleanup
Event: 3.490 Executing VM operation: G1PauseCleanup done
Event: 3.521 Executing VM operation: HandshakeAllThreads (Deoptimize)
Event: 3.521 Executing VM operation: HandshakeAllThreads (Deoptimize) done
Event: 4.279 Executing VM operation: HandshakeAllThreads (Deoptimize)
Event: 4.279 Executing VM operation: HandshakeAllThreads (Deoptimize) done
Event: 4.412 Executing VM operation: ICBufferFull
Event: 4.412 Executing VM operation: ICBufferFull done
Event: 4.646 Executing VM operation: HandshakeAllThreads (Deoptimize)
Event: 4.646 Executing VM operation: HandshakeAllThreads (Deoptimize) done

Events (20 events):
Event: 3.487 Thread 0x000002237f7d8900 flushing nmethod 0x00000223739da790
Event: 3.487 Thread 0x000002237f7d8900 flushing nmethod 0x00000223739d9f10
Event: 3.487 Thread 0x000002237f7d8900 flushing nmethod 0x00000223739d2d90
Event: 3.487 Thread 0x000002237f7d8900 flushing nmethod 0x00000223739b2a90
Event: 3.487 Thread 0x000002237f7d8900 flushing nmethod 0x00000223739a7990
Event: 3.487 Thread 0x000002237f7d8900 flushing nmethod 0x0000022373992f10
Event: 3.487 Thread 0x000002237f7d8900 flushing nmethod 0x000002237398ee90
Event: 3.487 Thread 0x000002237f7d8900 flushing nmethod 0x0000022373990090
Event: 3.487 Thread 0x000002237f7d8900 flushing nmethod 0x000002237398df10
Event: 3.487 Thread 0x000002237f7d8900 flushing nmethod 0x0000022373972c90
Event: 3.487 Thread 0x000002237f7d8900 flushing nmethod 0x000002237394af90
Event: 3.487 Thread 0x000002237f7d8900 flushing nmethod 0x000002237393d890
Event: 3.487 Thread 0x000002237f7d8900 flushing nmethod 0x0000022373919010
Event: 3.487 Thread 0x000002237f7d8900 flushing nmethod 0x00000223738f2790
Event: 3.793 Thread 0x000002237f811200 Thread exited: 0x000002237f811200
Event: 3.998 Thread 0x000002234b351220 Thread added: 0x000002234b351220
Event: 4.426 Thread 0x000002234b3518f0 Thread added: 0x000002234b3518f0
Event: 4.735 Thread 0x000002234b34f6e0 Thread added: 0x000002234b34f6e0
Event: 4.735 Thread 0x000002234b353430 Thread added: 0x000002234b353430
Event: 4.735 Thread 0x000002234b353b00 Thread added: 0x000002234b353b00


Dynamic libraries:
0x00007ff76fde0000 - 0x00007ff76fdf0000 	C:\Program Files\Java\jdk-21\bin\java.exe
0x00007ffa45800000 - 0x00007ffa45a67000 	C:\WINDOWS\SYSTEM32\ntdll.dll
0x00007ffa43e40000 - 0x00007ffa43f09000 	C:\WINDOWS\System32\KERNEL32.DLL
0x00007ffa42b60000 - 0x00007ffa42f51000 	C:\WINDOWS\System32\KERNELBASE.dll
0x00007ffa429e0000 - 0x00007ffa42b2b000 	C:\WINDOWS\System32\ucrtbase.dll
0x00007ffa32340000 - 0x00007ffa3235b000 	C:\Program Files\Java\jdk-21\bin\VCRUNTIME140.dll
0x00007ffa34840000 - 0x00007ffa34859000 	C:\Program Files\Java\jdk-21\bin\jli.dll
0x00007ffa456a0000 - 0x00007ffa4575b000 	C:\WINDOWS\System32\ADVAPI32.dll
0x00007ffa44a90000 - 0x00007ffa44b39000 	C:\WINDOWS\System32\msvcrt.dll
0x00007ffa447a0000 - 0x00007ffa44847000 	C:\WINDOWS\System32\sechost.dll
0x00007ffa43f10000 - 0x00007ffa44028000 	C:\WINDOWS\System32\RPCRT4.dll
0x00007ffa44060000 - 0x00007ffa44225000 	C:\WINDOWS\System32\USER32.dll
0x00007ffa42b30000 - 0x00007ffa42b57000 	C:\WINDOWS\System32\win32u.dll
0x00007ffa2a480000 - 0x00007ffa2a713000 	C:\WINDOWS\WinSxS\amd64_microsoft.windows.common-controls_6595b64144ccf1df_6.0.26100.8037_none_3e092faae333b53b\COMCTL32.dll
0x00007ffa44030000 - 0x00007ffa4405b000 	C:\WINDOWS\System32\GDI32.dll
0x00007ffa42f60000 - 0x00007ffa4308b000 	C:\WINDOWS\System32\gdi32full.dll
0x00007ffa43380000 - 0x00007ffa43423000 	C:\WINDOWS\System32\msvcp_win.dll
0x00007ffa38c90000 - 0x00007ffa38c9b000 	C:\WINDOWS\SYSTEM32\VERSION.dll
0x00007ffa44e00000 - 0x00007ffa44e31000 	C:\WINDOWS\System32\IMM32.DLL
0x00007ffa347a0000 - 0x00007ffa347ac000 	C:\Program Files\Java\jdk-21\bin\vcruntime140_1.dll
0x00007ffa249c0000 - 0x00007ffa24a4e000 	C:\Program Files\Java\jdk-21\bin\msvcp140.dll
0x00007ff9715d0000 - 0x00007ff9722e7000 	C:\Program Files\Java\jdk-21\bin\server\jvm.dll
0x00007ffa445c0000 - 0x00007ffa44634000 	C:\WINDOWS\System32\WS2_32.dll
0x00007ffa417e0000 - 0x00007ffa4183e000 	C:\WINDOWS\SYSTEM32\POWRPROF.dll
0x00007ffa38cf0000 - 0x00007ffa38d25000 	C:\WINDOWS\SYSTEM32\WINMM.dll
0x00007ffa41750000 - 0x00007ffa41764000 	C:\WINDOWS\SYSTEM32\UMPDC.dll
0x00007ffa40e60000 - 0x00007ffa40e7b000 	C:\WINDOWS\SYSTEM32\kernel.appcore.dll
0x00007ffa32330000 - 0x00007ffa3233a000 	C:\Program Files\Java\jdk-21\bin\jimage.dll
0x00007ffa3fef0000 - 0x00007ffa40132000 	C:\WINDOWS\SYSTEM32\DBGHELP.DLL
0x00007ffa44230000 - 0x00007ffa445b2000 	C:\WINDOWS\System32\combase.dll
0x00007ffa449b0000 - 0x00007ffa44a87000 	C:\WINDOWS\System32\OLEAUT32.dll
0x00007ffa24800000 - 0x00007ffa2483b000 	C:\WINDOWS\SYSTEM32\dbgcore.DLL
0x00007ffa434f0000 - 0x00007ffa43595000 	C:\WINDOWS\System32\bcryptPrimitives.dll
0x00007ffa29770000 - 0x00007ffa2978f000 	C:\Program Files\Java\jdk-21\bin\java.dll
0x00007ffa43650000 - 0x00007ffa43daf000 	C:\WINDOWS\System32\SHELL32.dll
0x00007ffa43090000 - 0x00007ffa431fa000 	C:\WINDOWS\System32\wintypes.dll
0x00007ffa420e0000 - 0x00007ffa42944000 	C:\WINDOWS\System32\windows.storage.dll
0x00007ffa45590000 - 0x00007ffa45687000 	C:\WINDOWS\System32\SHCORE.dll
0x00007ffa45520000 - 0x00007ffa45587000 	C:\WINDOWS\System32\shlwapi.dll
0x00007ffa42000000 - 0x00007ffa42029000 	C:\WINDOWS\SYSTEM32\profapi.dll
0x00007ffa10c40000 - 0x00007ffa10d17000 	C:\Program Files\Java\jdk-21\bin\jsvml.dll
0x00007ffa32320000 - 0x00007ffa32330000 	C:\Program Files\Java\jdk-21\bin\net.dll
0x00007ffa3c950000 - 0x00007ffa3ca77000 	C:\WINDOWS\SYSTEM32\WINHTTP.dll
0x00007ffa41450000 - 0x00007ffa414bb000 	C:\WINDOWS\system32\mswsock.dll
0x00007ffa29750000 - 0x00007ffa29766000 	C:\Program Files\Java\jdk-21\bin\nio.dll
0x00007ffa29620000 - 0x00007ffa29638000 	C:\Program Files\Java\jdk-21\bin\zip.dll
0x00007ffa29380000 - 0x00007ffa2938a000 	C:\Program Files\Java\jdk-21\bin\management.dll
0x00007ffa28dd0000 - 0x00007ffa28ddb000 	C:\Program Files\Java\jdk-21\bin\management_ext.dll
0x00007ffa44e40000 - 0x00007ffa44e48000 	C:\WINDOWS\System32\PSAPI.DLL
0x00007ffa28ae0000 - 0x00007ffa28aee000 	C:\Program Files\Java\jdk-21\bin\sunmscapi.dll
0x00007ffa43200000 - 0x00007ffa43377000 	C:\WINDOWS\System32\CRYPT32.dll
0x00007ffa41a00000 - 0x00007ffa41a30000 	C:\WINDOWS\SYSTEM32\ncrypt.dll
0x00007ffa419b0000 - 0x00007ffa419ef000 	C:\WINDOWS\SYSTEM32\NTASN1.dll
0x00007ffa41770000 - 0x00007ffa4178b000 	C:\WINDOWS\SYSTEM32\CRYPTSP.dll
0x00007ffa40dc0000 - 0x00007ffa40df9000 	C:\WINDOWS\system32\rsaenh.dll
0x00007ffa41500000 - 0x00007ffa41532000 	C:\WINDOWS\SYSTEM32\USERENV.dll
0x00007ffa41fd0000 - 0x00007ffa41ffa000 	C:\WINDOWS\SYSTEM32\bcrypt.dll
0x00007ffa41790000 - 0x00007ffa4179c000 	C:\WINDOWS\SYSTEM32\CRYPTBASE.dll
0x00007ffa40910000 - 0x00007ffa40943000 	C:\WINDOWS\SYSTEM32\IPHLPAPI.DLL
0x00007ffa44740000 - 0x00007ffa4474a000 	C:\WINDOWS\System32\NSI.dll
0x00007ffa32270000 - 0x00007ffa32280000 	C:\Program Files\Java\jdk-21\bin\verify.dll
0x00007ffa40950000 - 0x00007ffa40a7a000 	C:\WINDOWS\SYSTEM32\DNSAPI.dll
0x00007ffa3b700000 - 0x00007ffa3b70b000 	C:\Windows\System32\rasadhlp.dll
0x00007ffa3ccc0000 - 0x00007ffa3cd46000 	C:\WINDOWS\System32\fwpuclnt.dll
0x00007ffa28ad0000 - 0x00007ffa28ad9000 	C:\Program Files\Java\jdk-21\bin\extnet.dll

dbghelp: loaded successfully - version: 4.0.5 - missing functions: none
symbol engine: initialized successfully - sym options: 0x614 - pdb path: .;C:\Program Files\Java\jdk-21\bin;C:\WINDOWS\SYSTEM32;C:\WINDOWS\WinSxS\amd64_microsoft.windows.common-controls_6595b64144ccf1df_6.0.26100.8037_none_3e092faae333b53b;C:\Program Files\Java\jdk-21\bin\server

VM Arguments:
java_command: C:\Users\Q530\AppData\Local\Temp\surefire10408163914284907299\surefirebooter-20260329162817882_3.jar C:\Users\Q530\AppData\Local\Temp\surefire10408163914284907299 2026-03-29T16-28-17_797-jvmRun1 surefire-20260329162817882_1tmp surefire_0-20260329162817882_2tmp
java_class_path (initial): C:\Users\Q530\AppData\Local\Temp\surefire10408163914284907299\surefirebooter-20260329162817882_3.jar
Launcher Type: SUN_STANDARD

[Global flags]
     intx CICompilerCount                          = 12                                        {product} {ergonomic}
     uint ConcGCThreads                            = 3                                         {product} {ergonomic}
     uint G1ConcRefinementThreads                  = 13                                        {product} {ergonomic}
   size_t G1HeapRegionSize                         = 2097152                                   {product} {ergonomic}
    uintx GCDrainStackTargetSize                   = 64                                        {product} {ergonomic}
   size_t InitialHeapSize                          = 264241152                                 {product} {ergonomic}
   size_t MarkStackSize                            = 4194304                                   {product} {ergonomic}
   size_t MaxHeapSize                              = 4198498304                                {product} {ergonomic}
   size_t MaxNewSize                               = 2518679552                                {product} {ergonomic}
   size_t MinHeapDeltaBytes                        = 2097152                                   {product} {ergonomic}
   size_t MinHeapSize                              = 8388608                                   {product} {ergonomic}
    uintx NonNMethodCodeHeapSize                   = 7602480                                {pd product} {ergonomic}
    uintx NonProfiledCodeHeapSize                  = 122027880                              {pd product} {ergonomic}
    uintx ProfiledCodeHeapSize                     = 122027880                              {pd product} {ergonomic}
    uintx ReservedCodeCacheSize                    = 251658240                              {pd product} {ergonomic}
     bool SegmentedCodeCache                       = true                                      {product} {ergonomic}
   size_t SoftMaxHeapSize                          = 4198498304                             {manageable} {ergonomic}
     bool UseCompressedOops                        = true                           {product lp64_product} {ergonomic}
     bool UseG1GC                                  = true                                      {product} {ergonomic}
     bool UseLargePagesIndividualAllocation        = false                                  {pd product} {ergonomic}

Logging:
Log output configuration:
 #0: stdout all=warning uptime,level,tags foldmultilines=false
 #1: stderr all=off uptime,level,tags foldmultilines=false

Environment Variables:
PATH=C:\Program Files\Microsoft MPI\Bin\;C:\Program Files\Common Files\Oracle\Java\javapath;C:\Program Files (x86)\Common Files\Oracle\Java\java8path;C:\Program Files (x86)\Common Files\Oracle\Java\javapath;C:\Windows\system32;C:\Windows;C:\Windows\System32\Wbem;C:\Windows\System32\WindowsPowerShell\v1.0\;C:\Windows\System32\OpenSSH\;C:\Program Files (x86)\NVIDIA Corporation\PhysX\Common;C:\WINDOWS\system32;C:\WINDOWS;C:\WINDOWS\System32\Wbem;C:\WINDOWS\System32\WindowsPowerShell\v1.0\;C:\WINDOWS\System32\OpenSSH\;C:\Program Files (x86)\Microsoft SQL Server\160\Tools\Binn\;C:\Program Files\Microsoft SQL Server\160\Tools\Binn\;C:\Program Files\Microsoft SQL Server\Client SDK\ODBC\170\Tools\Binn\;C:\Program Files\Microsoft SQL Server\160\DTS\Binn\;C:\Program Files (x86)\Microsoft SQL Server\160\DTS\Binn\;C:\Program Files\Microsoft SQL Server\150\Tools\Binn\;C:\Program Files\NVIDIA Corporation\NVIDIA app\NvDLISR;C:\Program Files\nodejs\;C:\Program Files\dotnet\;C:\flutter\bin;D:\Git\cmd;C:\Program Files (x86)\Windows Kits\10\Windows Performance Toolkit\;C:\Users\Q530\AppData\Local\Pub\Cache\bin;C:\xampp1\php;C:\ProgramData\ComposerSetup\bin;;C:\Program Files\Docker\Docker\resources\bin;c:\Users\Q530\AppData\Local\Programs\Trae\bin;C:\Users\Q530\AppData\Local\Programs\Python\Python313\Scripts\;C:\Users\Q530\AppData\Local\Programs\Python\Python313\;C:\Users\Q530\AppData\Local\Programs\Python\Launcher\;C:\Users\Q530\AppData\Local\Microsoft\WindowsApps;C:\Users\Q530\AppData\Local\Programs\Microsoft VS Code\bin;C:\Users\Q530\AppData\Roaming\npm;C:\Users\Q530\.dotnet\tools;C:\Program Files\OpenSSL-Win64;D:\2280602644_nguyentuanquoc\BaiTap2\flutter\bin;C:\Users\Q530\AppData\Roaming\Composer\vendor\bin;C:\xampp1\php;D:\cursor\resources\app\bin;C:\Users\Q530\AppData\Local\GitHubDesktop\bin;C:\Users\Q530\AppData\Local\Microsoft\WindowsApps;
USERNAME=Q530
TERM=dumb
OS=Windows_NT
PROCESSOR_IDENTIFIER=Intel64 Family 6 Model 186 Stepping 2, GenuineIntel
TMP=C:\Users\Q530\AppData\Local\Temp
TEMP=C:\Users\Q530\AppData\Local\Temp




Periodic native trim disabled

---------------  S Y S T E M  ---------------

OS:
 Windows 11 , 64 bit Build 26100 (10.0.26100.7920)
OS uptime: 0 days 2:14 hours
Hyper-V role detected

CPU: total 16 (initial active 16) (8 cores per cpu, 2 threads per core) family 6 model 186 stepping 2 microcode 0x411f, cx8, cmov, fxsr, ht, mmx, 3dnowpref, sse, sse2, sse3, ssse3, sse4.1, sse4.2, popcnt, lzcnt, tsc, tscinvbit, avx, avx2, aes, erms, clmul, bmi1, bmi2, adx, sha, fma, vzeroupper, clflush, clflushopt, clwb, hv, serialize, rdtscp, rdpid, fsrm, f16c, cet_ibt, cet_ss
Processor Information for all 16 processors :
  Max Mhz: 2400, Current Mhz: 2400, Mhz Limit: 2400

Memory: 4k page, system-wide physical 16010M (2102M free)
TotalPageFile size 20106M (AvailPageFile size 5M)
current process WorkingSet (physical memory assigned to process): 334M, peak: 338M
current process commit charge ("private bytes"): 379M, peak: 408M

vm_info: Java HotSpot(TM) 64-Bit Server VM (21.0.2+13-LTS-58) for windows-amd64 JRE (21.0.2+13-LTS-58), built on 2024-01-05T18:32:24Z by "mach5one" with MS VC++ 17.1 (VS2022)

END.
