#
# There is insufficient memory for the Java Runtime Environment to continue.
# Native memory allocation (malloc) failed to allocate 1048576 bytes. Error detail: AllocateHeap
# Possible reasons:
#   The system is out of physical RAM or swap space
#   This process is running with CompressedOops enabled, and the Java Heap may be blocking the growth of the native heap
# Possible solutions:
#   Reduce memory load on the system
#   Increase physical memory or swap space
#   Check if swap backing store is full
#   Decrease Java heap size (-Xmx/-Xms)
#   Decrease number of Java threads
#   Decrease Java thread stack sizes (-Xss)
#   Set larger code cache with -XX:ReservedCodeCacheSize=
#   JVM is running with Unscaled Compressed Oops mode in which the Java heap is
#     placed in the first 4GB address space. The Java Heap base address is the
#     maximum limit for the native heap growth. Please use -XX:HeapBaseMinAddress
#     to set the Java Heap base and to place the Java Heap above 4GB virtual address.
# This output file may be truncated or incomplete.
#
#  Out of Memory Error (allocation.cpp:44), pid=11280, tid=9976
#
# JRE version: OpenJDK Runtime Environment Temurin-21.0.10+7 (21.0.10+7) (build 21.0.10+7-LTS)
# Java VM: OpenJDK 64-Bit Server VM Temurin-21.0.10+7 (21.0.10+7-LTS, mixed mode, sharing, tiered, compressed oops, compressed class ptrs, parallel gc, windows-amd64)
# No core dump will be written. Minidumps are not enabled by default on client versions of Windows
#

---------------  S U M M A R Y ------------

Command Line: --add-modules=ALL-SYSTEM --add-opens=java.base/java.util=ALL-UNNAMED --add-opens=java.base/java.lang=ALL-UNNAMED --add-opens=java.base/sun.nio.fs=ALL-UNNAMED -Declipse.application=org.eclipse.jdt.ls.core.id1 -Dosgi.bundles.defaultStartLevel=4 -Declipse.product=org.eclipse.jdt.ls.core.product -Djava.import.generatesMetadataFilesAtProjectRoot=false -DDetectVMInstallationsJob.disabled=true -Dfile.encoding=utf8 -XX:+UseParallelGC -XX:GCTimeRatio=4 -XX:AdaptiveSizePolicyWeight=90 -Dsun.zip.disableMemoryMapping=true -Xmx2G -Xms100m -Xlog:disable -javaagent:c:\Users\Q530\.cursor\extensions\redhat.java-1.53.0-win32-x64\lombok\lombok-1.18.39-4050.jar -XX:+HeapDumpOnOutOfMemoryError -XX:HeapDumpPath=c:\Users\Q530\AppData\Roaming\Cursor\User\workspaceStorage\0aad3ab16412d78af0595240f8939392\redhat.java -Daether.dependencyCollector.impl=bf c:\Users\Q530\.cursor\extensions\redhat.java-1.53.0-win32-x64\server\plugins\org.eclipse.equinox.launcher_1.7.100.v20251111-0406.jar -configuration c:\Users\Q530\AppData\Roaming\Cursor\User\globalStorage\redhat.java\1.53.0\config_win -data c:\Users\Q530\AppData\Roaming\Cursor\User\workspaceStorage\0aad3ab16412d78af0595240f8939392\redhat.java\jdt_ws --pipe=\\.\pipe\lsp-81a871018d7e831dbffa23d010446e89-sock

Host: 13th Gen Intel(R) Core(TM) i7-13620H, 16 cores, 15G,  Windows 11 , 64 bit Build 26100 (10.0.26100.7920)
Time: Thu Apr  2 02:49:11 2026 SE Asia Standard Time elapsed time: 3047.923106 seconds (0d 0h 50m 47s)

---------------  T H R E A D  ---------------

Current thread (0x00000177f92b8e40):  JavaThread "Attach Listener" daemon [_thread_in_vm, id=9976, stack(0x00000031e4400000,0x00000031e4500000) (1024K)]

Stack: [0x00000031e4400000,0x00000031e4500000]
Native frames: (J=compiled Java code, j=interpreted, Vv=VM code, C=native code)
V  [jvm.dll+0x6d7a39]
V  [jvm.dll+0x8b4b26]
V  [jvm.dll+0x8b70de]
V  [jvm.dll+0x8b77c3]
V  [jvm.dll+0x284346]
V  [jvm.dll+0xc1277]
V  [jvm.dll+0x6d82e9]
V  [jvm.dll+0x1334a6]
V  [jvm.dll+0x3f857e]
V  [jvm.dll+0x85f59d]
V  [jvm.dll+0x6d626d]
C  [ucrtbase.dll+0x37b0]
C  [KERNEL32.DLL+0x2e8d7]
C  [ntdll.dll+0x8c48c]


---------------  P R O C E S S  ---------------

Threads class SMR info:
_java_thread_list=0x00000177d9272e00, length=48, elements={
0x00000177f180dff0, 0x00000177f18ccc70, 0x00000177f18ce690, 0x00000177f92ba880,
0x00000177f92b8e40, 0x00000177f92bb5a0, 0x00000177f92baf10, 0x00000177fa68f6f0,
0x00000177fa6aa570, 0x00000177f92bbc30, 0x00000177f92ba1f0, 0x00000177f92b9b60,
0x00000177f92bc2c0, 0x00000177f92b94d0, 0x00000177d468a1e0, 0x00000177d4688e30,
0x00000177d4687a80, 0x00000177d46887a0, 0x00000177d46894c0, 0x00000177d4686d60,
0x00000177d468a870, 0x00000177d468e380, 0x00000177d468af00, 0x00000177d468bc20,
0x00000177d468b590, 0x00000177d468cfd0, 0x00000177d468c2b0, 0x00000177d468c940,
0x00000177d7e28110, 0x00000177d7e259b0, 0x00000177d7e25320, 0x00000177d7e287a0,
0x00000177d7e273f0, 0x00000177d7e294c0, 0x00000177d7e26d60, 0x00000177d7e28e30,
0x00000177d7e266d0, 0x00000177d7e26040, 0x00000177d6902b20, 0x00000177d69003c0,
0x00000177dacf9470, 0x00000177dacf6680, 0x00000177dacf7a30, 0x00000177dacf8750,
0x00000177dacfa190, 0x00000177dacf73a0, 0x00000177dacf9b00, 0x00000177dacfa820
}

Java Threads: ( => current thread )
  0x00000177f180dff0 JavaThread "main"                              [_thread_blocked, id=6488, stack(0x00000031e3d00000,0x00000031e3e00000) (1024K)]
  0x00000177f18ccc70 JavaThread "Reference Handler"          daemon [_thread_blocked, id=28096, stack(0x00000031e4100000,0x00000031e4200000) (1024K)]
  0x00000177f18ce690 JavaThread "Finalizer"                  daemon [_thread_blocked, id=2504, stack(0x00000031e4200000,0x00000031e4300000) (1024K)]
  0x00000177f92ba880 JavaThread "Signal Dispatcher"          daemon [_thread_blocked, id=27332, stack(0x00000031e4300000,0x00000031e4400000) (1024K)]
=>0x00000177f92b8e40 JavaThread "Attach Listener"            daemon [_thread_in_vm, id=9976, stack(0x00000031e4400000,0x00000031e4500000) (1024K)]
  0x00000177f92bb5a0 JavaThread "Service Thread"             daemon [_thread_blocked, id=27712, stack(0x00000031e4500000,0x00000031e4600000) (1024K)]
  0x00000177f92baf10 JavaThread "Monitor Deflation Thread"   daemon [_thread_blocked, id=7068, stack(0x00000031e4600000,0x00000031e4700000) (1024K)]
  0x00000177fa68f6f0 JavaThread "C2 CompilerThread0"         daemon [_thread_blocked, id=4356, stack(0x00000031e4700000,0x00000031e4800000) (1024K)]
  0x00000177fa6aa570 JavaThread "C1 CompilerThread0"         daemon [_thread_blocked, id=23596, stack(0x00000031e4800000,0x00000031e4900000) (1024K)]
  0x00000177f92bbc30 JavaThread "Common-Cleaner"             daemon [_thread_blocked, id=28156, stack(0x00000031e4c00000,0x00000031e4d00000) (1024K)]
  0x00000177f92ba1f0 JavaThread "Notification Thread"        daemon [_thread_blocked, id=23748, stack(0x00000031e4e00000,0x00000031e4f00000) (1024K)]
  0x00000177f92b9b60 JavaThread "Active Thread: Equinox Container: 18a954bd-fc4e-4efb-adf5-8dde4b623804"        [_thread_blocked, id=20660, stack(0x00000031e5800000,0x00000031e5900000) (1024K)]
  0x00000177f92bc2c0 JavaThread "Refresh Thread: Equinox Container: 18a954bd-fc4e-4efb-adf5-8dde4b623804" daemon [_thread_blocked, id=11304, stack(0x00000031e5a00000,0x00000031e5b00000) (1024K)]
  0x00000177f92b94d0 JavaThread "Framework Event Dispatcher: Equinox Container: 18a954bd-fc4e-4efb-adf5-8dde4b623804" daemon [_thread_blocked, id=19936, stack(0x00000031e5b00000,0x00000031e5c00000) (1024K)]
  0x00000177d468a1e0 JavaThread "Start Level: Equinox Container: 18a954bd-fc4e-4efb-adf5-8dde4b623804" daemon [_thread_blocked, id=14580, stack(0x00000031e5c00000,0x00000031e5d00000) (1024K)]
  0x00000177d4688e30 JavaThread "Bundle File Closer"         daemon [_thread_blocked, id=14888, stack(0x00000031e6000000,0x00000031e6100000) (1024K)]
  0x00000177d4687a80 JavaThread "SCR Component Actor"        daemon [_thread_blocked, id=19612, stack(0x00000031e6100000,0x00000031e6200000) (1024K)]
  0x00000177d46887a0 JavaThread "Worker-JM"                         [_thread_blocked, id=3412, stack(0x00000031e6200000,0x00000031e6300000) (1024K)]
  0x00000177d46894c0 JavaThread "JNA Cleaner"                daemon [_thread_blocked, id=9612, stack(0x00000031e6400000,0x00000031e6500000) (1024K)]
  0x00000177d4686d60 JavaThread "Java indexing"              daemon [_thread_blocked, id=13772, stack(0x00000031e6700000,0x00000031e6800000) (1024K)]
  0x00000177d468a870 JavaThread "Thread-1"                   daemon [_thread_in_native, id=18724, stack(0x00000031e6c00000,0x00000031e6d00000) (1024K)]
  0x00000177d468e380 JavaThread "Thread-2"                   daemon [_thread_in_native, id=21496, stack(0x00000031e6d00000,0x00000031e6e00000) (1024K)]
  0x00000177d468af00 JavaThread "Thread-3"                   daemon [_thread_in_native, id=28204, stack(0x00000031e6e00000,0x00000031e6f00000) (1024K)]
  0x00000177d468bc20 JavaThread "Thread-4"                   daemon [_thread_in_native, id=10764, stack(0x00000031e6f00000,0x00000031e7000000) (1024K)]
  0x00000177d468b590 JavaThread "Thread-5"                   daemon [_thread_in_native, id=4972, stack(0x00000031e7000000,0x00000031e7100000) (1024K)]
  0x00000177d468cfd0 JavaThread "Thread-6"                   daemon [_thread_in_native, id=4416, stack(0x00000031e7100000,0x00000031e7200000) (1024K)]
  0x00000177d468c2b0 JavaThread "Thread-7"                   daemon [_thread_in_native, id=27204, stack(0x00000031e7200000,0x00000031e7300000) (1024K)]
  0x00000177d468c940 JavaThread "Thread-8"                   daemon [_thread_in_native, id=23436, stack(0x00000031e7300000,0x00000031e7400000) (1024K)]
  0x00000177d7e28110 JavaThread "Thread-9"                   daemon [_thread_in_native, id=17004, stack(0x00000031e7400000,0x00000031e7500000) (1024K)]
  0x00000177d7e259b0 JavaThread "Thread-10"                  daemon [_thread_in_native, id=11124, stack(0x00000031e7500000,0x00000031e7600000) (1024K)]
  0x00000177d7e25320 JavaThread "Thread-11"                  daemon [_thread_in_native, id=9600, stack(0x00000031e7600000,0x00000031e7700000) (1024K)]
  0x00000177d7e287a0 JavaThread "Thread-12"                  daemon [_thread_in_native, id=25676, stack(0x00000031e7700000,0x00000031e7800000) (1024K)]
  0x00000177d7e273f0 JavaThread "Thread-13"                  daemon [_thread_in_native, id=13660, stack(0x00000031e7800000,0x00000031e7900000) (1024K)]
  0x00000177d7e294c0 JavaThread "Thread-14"                  daemon [_thread_in_native, id=28484, stack(0x00000031e7900000,0x00000031e7a00000) (1024K)]
  0x00000177d7e26d60 JavaThread "Thread-15"                  daemon [_thread_in_native, id=1672, stack(0x00000031e7a00000,0x00000031e7b00000) (1024K)]
  0x00000177d7e28e30 JavaThread "Thread-16"                  daemon [_thread_in_native, id=28624, stack(0x00000031e7b00000,0x00000031e7c00000) (1024K)]
  0x00000177d7e266d0 JavaThread "Thread-17"                  daemon [_thread_in_native, id=9860, stack(0x00000031e7c00000,0x00000031e7d00000) (1024K)]
  0x00000177d7e26040 JavaThread "pool-2-thread-1"                   [_thread_blocked, id=14640, stack(0x00000031e7d00000,0x00000031e7e00000) (1024K)]
  0x00000177d6902b20 JavaThread "WorkspaceEventsHandler"            [_thread_blocked, id=3112, stack(0x00000031e8f00000,0x00000031e9000000) (1024K)]
  0x00000177d69003c0 JavaThread "pool-1-thread-1"                   [_thread_blocked, id=5128, stack(0x00000031e9000000,0x00000031e9100000) (1024K)]
  0x00000177dacf9470 JavaThread "Java Debug Server"          daemon [_thread_in_native, id=26280, stack(0x00000031e3b00000,0x00000031e3c00000) (1024K)]
  0x00000177dacf6680 JavaThread "pool-5-thread-1"                   [_thread_in_native, id=8000, stack(0x00000031e4900000,0x00000031e4a00000) (1024K)]
  0x00000177dacf7a30 JavaThread "RxSchedulerPurge-1"         daemon [_thread_blocked, id=28440, stack(0x00000031e4a00000,0x00000031e4b00000) (1024K)]
  0x00000177dacf8750 JavaThread "RxCachedWorkerPoolEvictor-1" daemon [_thread_blocked, id=21864, stack(0x00000031e4b00000,0x00000031e4c00000) (1024K)]
  0x00000177dacfa190 JavaThread "process reaper (pid 6520)"  daemon [_thread_in_native, id=24744, stack(0x00000031e3730000,0x00000031e3750000) (128K)]
  0x00000177dacf73a0 JavaThread "Worker-7"                          [_thread_blocked, id=28408, stack(0x00000031e6b00000,0x00000031e6c00000) (1024K)]
  0x00000177dacf9b00 JavaThread "RxNewThreadScheduler-3"     daemon [_thread_blocked, id=26144, stack(0x00000031e4f00000,0x00000031e5000000) (1024K)]
  0x00000177dacfa820 JavaThread "Worker-9"                          [_thread_blocked, id=4384, stack(0x00000031e4d00000,0x00000031e4e00000) (1024K)]
Total: 48

Other Threads:
  0x00000177f18b0c10 VMThread "VM Thread"                           [id=24636, stack(0x00000031e4000000,0x00000031e4100000) (1024K)]
  0x00000177f919ca00 WatcherThread "VM Periodic Task Thread"        [id=26300, stack(0x00000031e3f00000,0x00000031e4000000) (1024K)]
  0x00000177f182c270 WorkerThread "GC Thread#0"                     [id=21936, stack(0x00000031e3e00000,0x00000031e3f00000) (1024K)]
  0x00000177d49565a0 WorkerThread "GC Thread#1"                     [id=13104, stack(0x00000031e5000000,0x00000031e5100000) (1024K)]
  0x00000177d4a448d0 WorkerThread "GC Thread#2"                     [id=21508, stack(0x00000031e5100000,0x00000031e5200000) (1024K)]
  0x00000177d4956950 WorkerThread "GC Thread#3"                     [id=2056, stack(0x00000031e5200000,0x00000031e5300000) (1024K)]
  0x00000177d4956d00 WorkerThread "GC Thread#4"                     [id=24532, stack(0x00000031e5300000,0x00000031e5400000) (1024K)]
  0x00000177d4976fb0 WorkerThread "GC Thread#5"                     [id=18924, stack(0x00000031e5400000,0x00000031e5500000) (1024K)]
  0x00000177d4977360 WorkerThread "GC Thread#6"                     [id=10140, stack(0x00000031e5500000,0x00000031e5600000) (1024K)]
  0x00000177d46999a0 WorkerThread "GC Thread#7"                     [id=21892, stack(0x00000031e5900000,0x00000031e5a00000) (1024K)]
  0x00000177d4e4b060 WorkerThread "GC Thread#8"                     [id=27052, stack(0x00000031e5d00000,0x00000031e5e00000) (1024K)]
  0x00000177d4e4b410 WorkerThread "GC Thread#9"                     [id=24916, stack(0x00000031e5e00000,0x00000031e5f00000) (1024K)]
  0x00000177d4ade5d0 WorkerThread "GC Thread#10"                    [id=23820, stack(0x00000031e5f00000,0x00000031e6000000) (1024K)]
  0x00000177d4ac4460 WorkerThread "GC Thread#11"                    [id=6160, stack(0x00000031e5700000,0x00000031e5800000) (1024K)]
  0x00000177d4ac4810 WorkerThread "GC Thread#12"                    [id=27420, stack(0x00000031e6300000,0x00000031e6400000) (1024K)]
Total: 15

Threads with active compile tasks:
Total: 0

VM state: not at safepoint (normal execution)

VM Mutex/Monitor currently owned by a thread: None

Heap address: 0x0000000080000000, size: 2048 MB, Compressed Oops mode: 32-bit

CDS archive(s) mapped at: [0x000001778f000000-0x000001778fba0000-0x000001778fba0000), size 12189696, SharedBaseAddress: 0x000001778f000000, ArchiveRelocationMode: 1.
Compressed class space mapped at: 0x0000017790000000-0x00000177d0000000, reserved size: 1073741824
Narrow klass base: 0x000001778f000000, Narrow klass shift: 0, Narrow klass range: 0x100000000

GC Precious Log:
 CardTable entry size: 512
 CPUs: 16 total, 16 available
 Memory: 16010M
 Large Page Support: Disabled
 NUMA Support: Disabled
 Compressed Oops: Enabled (32-bit)
 Alignments: Space 512K, Generation 512K, Heap 2M
 Heap Min Capacity: 100M
 Heap Initial Capacity: 100M
 Heap Max Capacity: 2G
 Pre-touch: Disabled
 Parallel Workers: 13

Heap:
 PSYoungGen      total 7168K, used 2387K [0x00000000d5580000, 0x00000000d5e00000, 0x0000000100000000)
  eden space 6656K, 29% used [0x00000000d5580000,0x00000000d5764ed8,0x00000000d5c00000)
  from space 512K, 87% used [0x00000000d5d00000,0x00000000d5d70000,0x00000000d5d80000)
  to   space 512K, 0% used [0x00000000d5d80000,0x00000000d5d80000,0x00000000d5e00000)
 ParOldGen       total 693760K, used 693551K [0x0000000080000000, 0x00000000aa580000, 0x00000000d5580000)
  object space 693760K, 99% used [0x0000000080000000,0x00000000aa54bf18,0x00000000aa580000)
 Metaspace       used 77553K, committed 79168K, reserved 1179648K
  class space    used 8204K, committed 8960K, reserved 1048576K

Card table byte_map: [0x00000177f11b0000,0x00000177f15c0000] _byte_map_base: 0x00000177f0db0000

Marking Bits: (ParMarkBitMap*) 0x00007ff9f0633450
 Begin Bits: [0x00000177f4cc0000, 0x00000177f6cc0000)
 End Bits:   [0x00000177f6cc0000, 0x00000177f8cc0000)

Polling page: 0x00000177ef7f0000

Metaspace:

Usage:
  Non-class:     67.72 MB used.
      Class:      8.01 MB used.
       Both:     75.74 MB used.

Virtual space:
  Non-class space:      128.00 MB reserved,      68.56 MB ( 54%) committed,  2 nodes.
      Class space:        1.00 GB reserved,       8.75 MB ( <1%) committed,  1 nodes.
             Both:        1.12 GB reserved,      77.31 MB (  7%) committed. 

Chunk freelists:
   Non-Class:  11.38 MB
       Class:  7.12 MB
        Both:  18.50 MB

MaxMetaspaceSize: unlimited
CompressedClassSpaceSize: 1.00 GB
Initial GC threshold: 21.00 MB
Current GC threshold: 97.31 MB
CDS: on
 - commit_granule_bytes: 65536.
 - commit_granule_words: 8192.
 - virtual_space_node_default_size: 8388608.
 - enlarge_chunks_in_place: 1.
 - use_allocation_guard: 0.


Internal statistics:

num_allocs_failed_limit: 9.
num_arena_births: 1438.
num_arena_deaths: 14.
num_vsnodes_births: 3.
num_vsnodes_deaths: 0.
num_space_committed: 1237.
num_space_uncommitted: 0.
num_chunks_returned_to_freelist: 23.
num_chunks_taken_from_freelist: 4912.
num_chunk_merges: 9.
num_chunk_splits: 3028.
num_chunks_enlarged: 1752.
num_inconsistent_stats: 0.

CodeHeap 'non-profiled nmethods': size=119168Kb used=12998Kb max_used=12998Kb free=106169Kb
 bounds [0x0000017787ba0000, 0x0000017788860000, 0x000001778f000000]
CodeHeap 'profiled nmethods': size=119104Kb used=36446Kb max_used=36446Kb free=82657Kb
 bounds [0x0000017780000000, 0x00000177823a0000, 0x0000017787450000]
CodeHeap 'non-nmethods': size=7488Kb used=1494Kb max_used=3288Kb free=5993Kb
 bounds [0x0000017787450000, 0x00000177877a0000, 0x0000017787ba0000]
CodeCache: size=245760Kb, used=50938Kb, max_used=52732Kb, free=194819Kb
 total_blobs=16254, nmethods=15442, adapters=715, full_count=0
Compilation: enabled, stopped_count=0, restarted_count=0

Compilation events (20 events):
Event: 3044.523 Thread 0x00000177fa6aa570 nmethod 16270 0x0000017782396210 code [0x00000177823963c0, 0x0000017782396528]
Event: 3044.523 Thread 0x00000177fa68f6f0 nmethod 16265 0x000001778883a190 code [0x000001778883a460, 0x000001778883ad80]
Event: 3044.523 Thread 0x00000177fa6aa570 16271       3       org.apache.maven.project.MavenProject::getVersion (35 bytes)
Event: 3044.523 Thread 0x00000177fa68f6f0 16268       4       java.lang.Thread::getContextClassLoader (30 bytes)
Event: 3044.524 Thread 0x00000177fa6aa570 nmethod 16271 0x0000017782396610 code [0x00000177823967c0, 0x0000017782396a50]
Event: 3044.524 Thread 0x00000177fa68f6f0 nmethod 16268 0x000001778883b590 code [0x000001778883b720, 0x000001778883b7b8]
Event: 3044.524 Thread 0x00000177fa68f6f0 16272   !   4       org.eclipse.jdt.internal.core.ClasspathEntry::getLibraryIndexLocation (228 bytes)
Event: 3044.527 Thread 0x00000177fa68f6f0 nmethod 16272 0x000001778883b890 code [0x000001778883ba40, 0x000001778883bd28]
Event: 3044.527 Thread 0x00000177fa68f6f0 16266       4       org.apache.maven.artifact.DefaultArtifact::hashCode (88 bytes)
Event: 3044.531 Thread 0x00000177fa68f6f0 nmethod 16266 0x000001778883bf10 code [0x000001778883c1c0, 0x000001778883ce48]
Event: 3044.539 Thread 0x00000177fa68f6f0 16273   !   4       org.eclipse.core.internal.localstore.UnifiedTree::addChildren (479 bytes)
Event: 3044.546 Thread 0x00000177fa6aa570 16275       3       org.eclipse.core.runtime.QualifiedName::equals (75 bytes)
Event: 3044.546 Thread 0x00000177fa6aa570 nmethod 16275 0x0000017782396b90 code [0x0000017782396da0, 0x0000017782397360]
Event: 3044.546 Thread 0x00000177fa6aa570 16276       1       org.eclipse.jface.text.DocumentEvent::getText (5 bytes)
Event: 3044.546 Thread 0x00000177fa6aa570 nmethod 16276 0x000001778883d210 code [0x000001778883d3a0, 0x000001778883d468]
Event: 3044.547 Thread 0x00000177fa6aa570 16277       3       org.eclipse.core.runtime.jobs.Job::setThread (6 bytes)
Event: 3044.547 Thread 0x00000177fa6aa570 nmethod 16277 0x0000017782397510 code [0x00000177823976a0, 0x00000177823977e0]
Event: 3044.822 Thread 0x00000177fa68f6f0 nmethod 16273 0x000001778883d510 code [0x000001778883e4a0, 0x00000177888495e0]
Event: 3044.822 Thread 0x00000177fa68f6f0 16274   !   4       java.net.URI::create (23 bytes)
Event: 3044.824 Thread 0x00000177fa68f6f0 nmethod 16274 0x0000017788851310 code [0x00000177888514c0, 0x00000177888516d8]

GC Heap History (20 events):
Event: 2151.684 GC heap before
{Heap before GC invocations=301 (full 3):
 PSYoungGen      total 10240K, used 10011K [0x00000000d5580000, 0x00000000d6300000, 0x0000000100000000)
  eden space 6656K, 100% used [0x00000000d5580000,0x00000000d5c00000,0x00000000d5c00000)
  from space 3584K, 93% used [0x00000000d5c00000,0x00000000d5f46fb8,0x00000000d5f80000)
  to   space 3584K, 0% used [0x00000000d5f80000,0x00000000d5f80000,0x00000000d6300000)
 ParOldGen       total 624128K, used 623974K [0x0000000080000000, 0x00000000a6180000, 0x00000000d5580000)
  object space 624128K, 99% used [0x0000000080000000,0x00000000a6159be8,0x00000000a6180000)
 Metaspace       used 77234K, committed 78848K, reserved 1179648K
  class space    used 8200K, committed 8960K, reserved 1048576K
}
Event: 2151.685 GC heap after
{Heap after GC invocations=301 (full 3):
 PSYoungGen      total 8704K, used 1565K [0x00000000d5580000, 0x00000000d6180000, 0x0000000100000000)
  eden space 6656K, 0% used [0x00000000d5580000,0x00000000d5580000,0x00000000d5c00000)
  from space 2048K, 76% used [0x00000000d5f80000,0x00000000d6107660,0x00000000d6180000)
  to   space 2560K, 0% used [0x00000000d5c80000,0x00000000d5c80000,0x00000000d5f00000)
 ParOldGen       total 627200K, used 627129K [0x0000000080000000, 0x00000000a6480000, 0x00000000d5580000)
  object space 627200K, 99% used [0x0000000080000000,0x00000000a646e4e8,0x00000000a6480000)
 Metaspace       used 77234K, committed 78848K, reserved 1179648K
  class space    used 8200K, committed 8960K, reserved 1048576K
}
Event: 2151.706 GC heap before
{Heap before GC invocations=302 (full 3):
 PSYoungGen      total 8704K, used 8221K [0x00000000d5580000, 0x00000000d6180000, 0x0000000100000000)
  eden space 6656K, 100% used [0x00000000d5580000,0x00000000d5c00000,0x00000000d5c00000)
  from space 2048K, 76% used [0x00000000d5f80000,0x00000000d6107660,0x00000000d6180000)
  to   space 2560K, 0% used [0x00000000d5c80000,0x00000000d5c80000,0x00000000d5f00000)
 ParOldGen       total 690688K, used 688569K [0x0000000080000000, 0x00000000aa280000, 0x00000000d5580000)
  object space 690688K, 99% used [0x0000000080000000,0x00000000aa06e548,0x00000000aa280000)
 Metaspace       used 77263K, committed 78912K, reserved 1179648K
  class space    used 8200K, committed 8960K, reserved 1048576K
}
Event: 2151.708 GC heap after
{Heap after GC invocations=302 (full 3):
 PSYoungGen      total 7680K, used 928K [0x00000000d5580000, 0x00000000d6000000, 0x0000000100000000)
  eden space 6656K, 0% used [0x00000000d5580000,0x00000000d5580000,0x00000000d5c00000)
  from space 1024K, 90% used [0x00000000d5c80000,0x00000000d5d68000,0x00000000d5d80000)
  to   space 1536K, 0% used [0x00000000d5e80000,0x00000000d5e80000,0x00000000d6000000)
 ParOldGen       total 690688K, used 689836K [0x0000000080000000, 0x00000000aa280000, 0x00000000d5580000)
  object space 690688K, 99% used [0x0000000080000000,0x00000000aa1ab228,0x00000000aa280000)
 Metaspace       used 77263K, committed 78912K, reserved 1179648K
  class space    used 8200K, committed 8960K, reserved 1048576K
}
Event: 2151.818 GC heap before
{Heap before GC invocations=303 (full 3):
 PSYoungGen      total 7680K, used 7583K [0x00000000d5580000, 0x00000000d6000000, 0x0000000100000000)
  eden space 6656K, 99% used [0x00000000d5580000,0x00000000d5bffff0,0x00000000d5c00000)
  from space 1024K, 90% used [0x00000000d5c80000,0x00000000d5d68000,0x00000000d5d80000)
  to   space 1536K, 0% used [0x00000000d5e80000,0x00000000d5e80000,0x00000000d6000000)
 ParOldGen       total 690688K, used 689836K [0x0000000080000000, 0x00000000aa280000, 0x00000000d5580000)
  object space 690688K, 99% used [0x0000000080000000,0x00000000aa1ab228,0x00000000aa280000)
 Metaspace       used 77280K, committed 78912K, reserved 1179648K
  class space    used 8200K, committed 8960K, reserved 1048576K
}
Event: 2151.819 GC heap after
{Heap after GC invocations=303 (full 3):
 PSYoungGen      total 7680K, used 922K [0x00000000d5580000, 0x00000000d5f80000, 0x0000000100000000)
  eden space 6656K, 0% used [0x00000000d5580000,0x00000000d5580000,0x00000000d5c00000)
  from space 1024K, 90% used [0x00000000d5e80000,0x00000000d5f66920,0x00000000d5f80000)
  to   space 1024K, 0% used [0x00000000d5c80000,0x00000000d5c80000,0x00000000d5d80000)
 ParOldGen       total 690688K, used 690506K [0x0000000080000000, 0x00000000aa280000, 0x00000000d5580000)
  object space 690688K, 99% used [0x0000000080000000,0x00000000aa2529f8,0x00000000aa280000)
 Metaspace       used 77280K, committed 78912K, reserved 1179648K
  class space    used 8200K, committed 8960K, reserved 1048576K
}
Event: 2151.844 GC heap before
{Heap before GC invocations=304 (full 3):
 PSYoungGen      total 7680K, used 7578K [0x00000000d5580000, 0x00000000d5f80000, 0x0000000100000000)
  eden space 6656K, 100% used [0x00000000d5580000,0x00000000d5c00000,0x00000000d5c00000)
  from space 1024K, 90% used [0x00000000d5e80000,0x00000000d5f66920,0x00000000d5f80000)
  to   space 1024K, 0% used [0x00000000d5c80000,0x00000000d5c80000,0x00000000d5d80000)
 ParOldGen       total 690688K, used 690506K [0x0000000080000000, 0x00000000aa280000, 0x00000000d5580000)
  object space 690688K, 99% used [0x0000000080000000,0x00000000aa2529f8,0x00000000aa280000)
 Metaspace       used 77345K, committed 78976K, reserved 1179648K
  class space    used 8201K, committed 8960K, reserved 1048576K
}
Event: 2151.845 GC heap after
{Heap after GC invocations=304 (full 3):
 PSYoungGen      total 7680K, used 948K [0x00000000d5580000, 0x00000000d5f00000, 0x0000000100000000)
  eden space 6656K, 0% used [0x00000000d5580000,0x00000000d5580000,0x00000000d5c00000)
  from space 1024K, 92% used [0x00000000d5c80000,0x00000000d5d6d200,0x00000000d5d80000)
  to   space 1024K, 0% used [0x00000000d5e00000,0x00000000d5e00000,0x00000000d5f00000)
 ParOldGen       total 691712K, used 691235K [0x0000000080000000, 0x00000000aa380000, 0x00000000d5580000)
  object space 691712K, 99% used [0x0000000080000000,0x00000000aa308fa8,0x00000000aa380000)
 Metaspace       used 77345K, committed 78976K, reserved 1179648K
  class space    used 8201K, committed 8960K, reserved 1048576K
}
Event: 2151.861 GC heap before
{Heap before GC invocations=305 (full 3):
 PSYoungGen      total 7680K, used 7604K [0x00000000d5580000, 0x00000000d5f00000, 0x0000000100000000)
  eden space 6656K, 100% used [0x00000000d5580000,0x00000000d5c00000,0x00000000d5c00000)
  from space 1024K, 92% used [0x00000000d5c80000,0x00000000d5d6d200,0x00000000d5d80000)
  to   space 1024K, 0% used [0x00000000d5e00000,0x00000000d5e00000,0x00000000d5f00000)
 ParOldGen       total 691712K, used 691235K [0x0000000080000000, 0x00000000aa380000, 0x00000000d5580000)
  object space 691712K, 99% used [0x0000000080000000,0x00000000aa308fa8,0x00000000aa380000)
 Metaspace       used 77382K, committed 79040K, reserved 1179648K
  class space    used 8202K, committed 8960K, reserved 1048576K
}
Event: 2151.862 GC heap after
{Heap after GC invocations=305 (full 3):
 PSYoungGen      total 7680K, used 1024K [0x00000000d5580000, 0x00000000d6000000, 0x0000000100000000)
  eden space 6656K, 0% used [0x00000000d5580000,0x00000000d5580000,0x00000000d5c00000)
  from space 1024K, 100% used [0x00000000d5e00000,0x00000000d5f00000,0x00000000d5f00000)
  to   space 2048K, 0% used [0x00000000d5c00000,0x00000000d5c00000,0x00000000d5e00000)
 ParOldGen       total 692224K, used 692062K [0x0000000080000000, 0x00000000aa400000, 0x00000000d5580000)
  object space 692224K, 99% used [0x0000000080000000,0x00000000aa3d7b08,0x00000000aa400000)
 Metaspace       used 77382K, committed 79040K, reserved 1179648K
  class space    used 8202K, committed 8960K, reserved 1048576K
}
Event: 2167.852 GC heap before
{Heap before GC invocations=306 (full 3):
 PSYoungGen      total 7680K, used 7680K [0x00000000d5580000, 0x00000000d6000000, 0x0000000100000000)
  eden space 6656K, 100% used [0x00000000d5580000,0x00000000d5c00000,0x00000000d5c00000)
  from space 1024K, 100% used [0x00000000d5e00000,0x00000000d5f00000,0x00000000d5f00000)
  to   space 2048K, 0% used [0x00000000d5c00000,0x00000000d5c00000,0x00000000d5e00000)
 ParOldGen       total 692224K, used 692062K [0x0000000080000000, 0x00000000aa400000, 0x00000000d5580000)
  object space 692224K, 99% used [0x0000000080000000,0x00000000aa3d7b08,0x00000000aa400000)
 Metaspace       used 77429K, committed 79104K, reserved 1179648K
  class space    used 8202K, committed 8960K, reserved 1048576K
}
Event: 2167.853 GC heap after
{Heap after GC invocations=306 (full 3):
 PSYoungGen      total 7680K, used 654K [0x00000000d5580000, 0x00000000d5f00000, 0x0000000100000000)
  eden space 6656K, 0% used [0x00000000d5580000,0x00000000d5580000,0x00000000d5c00000)
  from space 1024K, 63% used [0x00000000d5c00000,0x00000000d5ca3ba0,0x00000000d5d00000)
  to   space 1536K, 0% used [0x00000000d5d80000,0x00000000d5d80000,0x00000000d5f00000)
 ParOldGen       total 693248K, used 692942K [0x0000000080000000, 0x00000000aa500000, 0x00000000d5580000)
  object space 693248K, 99% used [0x0000000080000000,0x00000000aa4b3b48,0x00000000aa500000)
 Metaspace       used 77429K, committed 79104K, reserved 1179648K
  class space    used 8202K, committed 8960K, reserved 1048576K
}
Event: 2177.903 GC heap before
{Heap before GC invocations=307 (full 3):
 PSYoungGen      total 7680K, used 7310K [0x00000000d5580000, 0x00000000d5f00000, 0x0000000100000000)
  eden space 6656K, 100% used [0x00000000d5580000,0x00000000d5c00000,0x00000000d5c00000)
  from space 1024K, 63% used [0x00000000d5c00000,0x00000000d5ca3ba0,0x00000000d5d00000)
  to   space 1536K, 0% used [0x00000000d5d80000,0x00000000d5d80000,0x00000000d5f00000)
 ParOldGen       total 693248K, used 692942K [0x0000000080000000, 0x00000000aa500000, 0x00000000d5580000)
  object space 693248K, 99% used [0x0000000080000000,0x00000000aa4b3b48,0x00000000aa500000)
 Metaspace       used 77453K, committed 79104K, reserved 1179648K
  class space    used 8202K, committed 8960K, reserved 1048576K
}
Event: 2177.904 GC heap after
{Heap after GC invocations=307 (full 3):
 PSYoungGen      total 7168K, used 448K [0x00000000d5580000, 0x00000000d5e00000, 0x0000000100000000)
  eden space 6656K, 0% used [0x00000000d5580000,0x00000000d5580000,0x00000000d5c00000)
  from space 512K, 87% used [0x00000000d5d80000,0x00000000d5df0000,0x00000000d5e00000)
  to   space 1024K, 0% used [0x00000000d5c00000,0x00000000d5c00000,0x00000000d5d00000)
 ParOldGen       total 693760K, used 693319K [0x0000000080000000, 0x00000000aa580000, 0x00000000d5580000)
  object space 693760K, 99% used [0x0000000080000000,0x00000000aa511f08,0x00000000aa580000)
 Metaspace       used 77453K, committed 79104K, reserved 1179648K
  class space    used 8202K, committed 8960K, reserved 1048576K
}
Event: 2346.973 GC heap before
{Heap before GC invocations=308 (full 3):
 PSYoungGen      total 7168K, used 7104K [0x00000000d5580000, 0x00000000d5e00000, 0x0000000100000000)
  eden space 6656K, 100% used [0x00000000d5580000,0x00000000d5c00000,0x00000000d5c00000)
  from space 512K, 87% used [0x00000000d5d80000,0x00000000d5df0000,0x00000000d5e00000)
  to   space 1024K, 0% used [0x00000000d5c00000,0x00000000d5c00000,0x00000000d5d00000)
 ParOldGen       total 693760K, used 693319K [0x0000000080000000, 0x00000000aa580000, 0x00000000d5580000)
  object space 693760K, 99% used [0x0000000080000000,0x00000000aa511f08,0x00000000aa580000)
 Metaspace       used 77472K, committed 79168K, reserved 1179648K
  class space    used 8203K, committed 8960K, reserved 1048576K
}
Event: 2346.974 GC heap after
{Heap after GC invocations=308 (full 3):
 PSYoungGen      total 7680K, used 352K [0x00000000d5580000, 0x00000000d5e00000, 0x0000000100000000)
  eden space 6656K, 0% used [0x00000000d5580000,0x00000000d5580000,0x00000000d5c00000)
  from space 1024K, 34% used [0x00000000d5c00000,0x00000000d5c58000,0x00000000d5d00000)
  to   space 512K, 0% used [0x00000000d5d80000,0x00000000d5d80000,0x00000000d5e00000)
 ParOldGen       total 693760K, used 693383K [0x0000000080000000, 0x00000000aa580000, 0x00000000d5580000)
  object space 693760K, 99% used [0x0000000080000000,0x00000000aa521f08,0x00000000aa580000)
 Metaspace       used 77472K, committed 79168K, reserved 1179648K
  class space    used 8203K, committed 8960K, reserved 1048576K
}
Event: 3039.182 GC heap before
{Heap before GC invocations=309 (full 3):
 PSYoungGen      total 7680K, used 7008K [0x00000000d5580000, 0x00000000d5e00000, 0x0000000100000000)
  eden space 6656K, 100% used [0x00000000d5580000,0x00000000d5c00000,0x00000000d5c00000)
  from space 1024K, 34% used [0x00000000d5c00000,0x00000000d5c58000,0x00000000d5d00000)
  to   space 512K, 0% used [0x00000000d5d80000,0x00000000d5d80000,0x00000000d5e00000)
 ParOldGen       total 693760K, used 693383K [0x0000000080000000, 0x00000000aa580000, 0x00000000d5580000)
  object space 693760K, 99% used [0x0000000080000000,0x00000000aa521f08,0x00000000aa580000)
 Metaspace       used 77545K, committed 79168K, reserved 1179648K
  class space    used 8204K, committed 8960K, reserved 1048576K
}
Event: 3039.183 GC heap after
{Heap after GC invocations=309 (full 3):
 PSYoungGen      total 7168K, used 352K [0x00000000d5580000, 0x00000000d5e00000, 0x0000000100000000)
  eden space 6656K, 0% used [0x00000000d5580000,0x00000000d5580000,0x00000000d5c00000)
  from space 512K, 68% used [0x00000000d5d80000,0x00000000d5dd8000,0x00000000d5e00000)
  to   space 512K, 0% used [0x00000000d5d00000,0x00000000d5d00000,0x00000000d5d80000)
 ParOldGen       total 693760K, used 693455K [0x0000000080000000, 0x00000000aa580000, 0x00000000d5580000)
  object space 693760K, 99% used [0x0000000080000000,0x00000000aa533f08,0x00000000aa580000)
 Metaspace       used 77545K, committed 79168K, reserved 1179648K
  class space    used 8204K, committed 8960K, reserved 1048576K
}
Event: 3044.521 GC heap before
{Heap before GC invocations=310 (full 3):
 PSYoungGen      total 7168K, used 7008K [0x00000000d5580000, 0x00000000d5e00000, 0x0000000100000000)
  eden space 6656K, 100% used [0x00000000d5580000,0x00000000d5c00000,0x00000000d5c00000)
  from space 512K, 68% used [0x00000000d5d80000,0x00000000d5dd8000,0x00000000d5e00000)
  to   space 512K, 0% used [0x00000000d5d00000,0x00000000d5d00000,0x00000000d5d80000)
 ParOldGen       total 693760K, used 693455K [0x0000000080000000, 0x00000000aa580000, 0x00000000d5580000)
  object space 693760K, 99% used [0x0000000080000000,0x00000000aa533f08,0x00000000aa580000)
 Metaspace       used 77550K, committed 79168K, reserved 1179648K
  class space    used 8204K, committed 8960K, reserved 1048576K
}
Event: 3044.522 GC heap after
{Heap after GC invocations=310 (full 3):
 PSYoungGen      total 7168K, used 448K [0x00000000d5580000, 0x00000000d5e00000, 0x0000000100000000)
  eden space 6656K, 0% used [0x00000000d5580000,0x00000000d5580000,0x00000000d5c00000)
  from space 512K, 87% used [0x00000000d5d00000,0x00000000d5d70000,0x00000000d5d80000)
  to   space 512K, 0% used [0x00000000d5d80000,0x00000000d5d80000,0x00000000d5e00000)
 ParOldGen       total 693760K, used 693551K [0x0000000080000000, 0x00000000aa580000, 0x00000000d5580000)
  object space 693760K, 99% used [0x0000000080000000,0x00000000aa54bf18,0x00000000aa580000)
 Metaspace       used 77550K, committed 79168K, reserved 1179648K
  class space    used 8204K, committed 8960K, reserved 1048576K
}

Dll operation events (12 events):
Event: 0.010 Loaded shared library c:\Users\Q530\.cursor\extensions\redhat.java-1.53.0-win32-x64\jre\21.0.10-win32-x86_64\bin\java.dll
Event: 0.066 Loaded shared library c:\Users\Q530\.cursor\extensions\redhat.java-1.53.0-win32-x64\jre\21.0.10-win32-x86_64\bin\zip.dll
Event: 0.084 Loaded shared library C:\Users\Q530\.cursor\extensions\redhat.java-1.53.0-win32-x64\jre\21.0.10-win32-x86_64\bin\instrument.dll
Event: 0.088 Loaded shared library C:\Users\Q530\.cursor\extensions\redhat.java-1.53.0-win32-x64\jre\21.0.10-win32-x86_64\bin\net.dll
Event: 0.090 Loaded shared library C:\Users\Q530\.cursor\extensions\redhat.java-1.53.0-win32-x64\jre\21.0.10-win32-x86_64\bin\nio.dll
Event: 0.093 Loaded shared library C:\Users\Q530\.cursor\extensions\redhat.java-1.53.0-win32-x64\jre\21.0.10-win32-x86_64\bin\zip.dll
Event: 0.108 Loaded shared library C:\Users\Q530\.cursor\extensions\redhat.java-1.53.0-win32-x64\jre\21.0.10-win32-x86_64\bin\jimage.dll
Event: 0.166 Loaded shared library c:\Users\Q530\.cursor\extensions\redhat.java-1.53.0-win32-x64\jre\21.0.10-win32-x86_64\bin\verify.dll
Event: 1.010 Loaded shared library C:\Users\Q530\AppData\Roaming\Cursor\User\globalStorage\redhat.java\1.53.0\config_win\org.eclipse.equinox.launcher\org.eclipse.equinox.launcher.win32.win32.x86_64_1.3.0.v20260203-2149\eclipse_11919.dll
Event: 1.779 Loaded shared library C:\Users\Q530\AppData\Local\Temp\jna-2465633\jna13948561948899636567.dll
Event: 2.767 Loaded shared library C:\Users\Q530\.cursor\extensions\redhat.java-1.53.0-win32-x64\jre\21.0.10-win32-x86_64\bin\sunmscapi.dll
Event: 3.374 Loaded shared library C:\Users\Q530\.cursor\extensions\redhat.java-1.53.0-win32-x64\jre\21.0.10-win32-x86_64\bin\extnet.dll

Deoptimization events (20 events):
Event: 3039.184 Thread 0x00000177d6902b20 Uncommon trap: trap_request=0xffffffcc fr.pc=0x0000017788810aa0 relative=0x0000000000003ea0
Event: 3039.184 Thread 0x00000177d6902b20 Uncommon trap: reason=intrinsic_or_type_checked_inlining action=make_not_entrant pc=0x0000017788810aa0 method=org.eclipse.core.internal.resources.WorkspaceRoot.getProjects(I)[Lorg/eclipse/core/resources/IProject; @ 8 c2
Event: 3039.184 Thread 0x00000177d6902b20 DEOPT PACKING pc=0x0000017788810aa0 sp=0x00000031e8fff030
Event: 3039.184 Thread 0x00000177d6902b20 DEOPT UNPACKING pc=0x00000177874a3aa2 sp=0x00000031e8ffecc8 mode 2
Event: 3044.506 Thread 0x00000177dacfa820 Uncommon trap: trap_request=0xffffffbe fr.pc=0x000001778882ab90 relative=0x0000000000005970
Event: 3044.506 Thread 0x00000177dacfa820 Uncommon trap: reason=profile_predicate action=maybe_recompile pc=0x000001778882ab90 method=org.eclipse.core.internal.localstore.UnifiedTree.addChildren(Lorg/eclipse/core/internal/localstore/UnifiedTreeNode;)V @ 421 c2
Event: 3044.506 Thread 0x00000177dacfa820 DEOPT PACKING pc=0x000001778882ab90 sp=0x00000031e4dfe670
Event: 3044.506 Thread 0x00000177dacfa820 DEOPT UNPACKING pc=0x00000177874a3aa2 sp=0x00000031e4dfe668 mode 2
Event: 3044.506 Thread 0x00000177dacfa820 Uncommon trap: trap_request=0xffffffbe fr.pc=0x000001778882ab90 relative=0x0000000000005970
Event: 3044.506 Thread 0x00000177dacfa820 Uncommon trap: reason=profile_predicate action=maybe_recompile pc=0x000001778882ab90 method=org.eclipse.core.internal.localstore.UnifiedTree.addChildren(Lorg/eclipse/core/internal/localstore/UnifiedTreeNode;)V @ 421 c2
Event: 3044.506 Thread 0x00000177dacfa820 DEOPT PACKING pc=0x000001778882ab90 sp=0x00000031e4dfe670
Event: 3044.506 Thread 0x00000177dacfa820 DEOPT UNPACKING pc=0x00000177874a3aa2 sp=0x00000031e4dfe668 mode 2
Event: 3044.507 Thread 0x00000177dacfa820 Uncommon trap: trap_request=0xffffffbe fr.pc=0x000001778882ab90 relative=0x0000000000005970
Event: 3044.507 Thread 0x00000177dacfa820 Uncommon trap: reason=profile_predicate action=maybe_recompile pc=0x000001778882ab90 method=org.eclipse.core.internal.localstore.UnifiedTree.addChildren(Lorg/eclipse/core/internal/localstore/UnifiedTreeNode;)V @ 421 c2
Event: 3044.507 Thread 0x00000177dacfa820 DEOPT PACKING pc=0x000001778882ab90 sp=0x00000031e4dfe230
Event: 3044.507 Thread 0x00000177dacfa820 DEOPT UNPACKING pc=0x00000177874a3aa2 sp=0x00000031e4dfe228 mode 2
Event: 3044.507 Thread 0x00000177dacfa820 Uncommon trap: trap_request=0xffffffbe fr.pc=0x000001778882ab90 relative=0x0000000000005970
Event: 3044.507 Thread 0x00000177dacfa820 Uncommon trap: reason=profile_predicate action=maybe_recompile pc=0x000001778882ab90 method=org.eclipse.core.internal.localstore.UnifiedTree.addChildren(Lorg/eclipse/core/internal/localstore/UnifiedTreeNode;)V @ 421 c2
Event: 3044.507 Thread 0x00000177dacfa820 DEOPT PACKING pc=0x000001778882ab90 sp=0x00000031e4dfe230
Event: 3044.507 Thread 0x00000177dacfa820 DEOPT UNPACKING pc=0x00000177874a3aa2 sp=0x00000031e4dfe228 mode 2

Classes loaded (20 events):
Event: 438.509 Loading class java/util/concurrent/CompletableFuture$UniRelay
Event: 438.509 Loading class java/util/concurrent/CompletableFuture$UniRelay done
Event: 439.192 Loading class java/lang/ProcessHandleImpl$ExitCompletion
Event: 439.192 Loading class java/lang/ProcessHandleImpl$ExitCompletion done
Event: 439.192 Loading class java/lang/ProcessHandleImpl$1
Event: 439.192 Loading class java/lang/ProcessHandleImpl$1 done
Event: 439.192 Loading class java/util/concurrent/CompletableFuture$UniHandle
Event: 439.192 Loading class java/util/concurrent/CompletableFuture$UniHandle done
Event: 439.440 Loading class java/util/concurrent/ScheduledThreadPoolExecutor$DelayedWorkQueue$Itr
Event: 439.440 Loading class java/util/concurrent/ScheduledThreadPoolExecutor$DelayedWorkQueue$Itr done
Event: 986.545 Loading class jdk/internal/module/IllegalAccessLogger
Event: 986.545 Loading class jdk/internal/module/IllegalAccessLogger done
Event: 1681.265 Loading class jdk/internal/module/IllegalAccessLogger
Event: 1681.265 Loading class jdk/internal/module/IllegalAccessLogger done
Event: 1685.417 Loading class jdk/internal/module/IllegalAccessLogger
Event: 1685.417 Loading class jdk/internal/module/IllegalAccessLogger done
Event: 2147.870 Loading class jdk/internal/module/IllegalAccessLogger
Event: 2147.870 Loading class jdk/internal/module/IllegalAccessLogger done
Event: 2151.663 Loading class jdk/internal/module/IllegalAccessLogger
Event: 2151.663 Loading class jdk/internal/module/IllegalAccessLogger done

Classes unloaded (7 events):
Event: 2.122 Thread 0x00000177f18b0c10 Unloading class 0x00000177901ab400 'java/lang/invoke/LambdaForm$MH+0x00000177901ab400'
Event: 2.122 Thread 0x00000177f18b0c10 Unloading class 0x00000177901ab000 'java/lang/invoke/LambdaForm$MH+0x00000177901ab000'
Event: 2.122 Thread 0x00000177f18b0c10 Unloading class 0x00000177901aac00 'java/lang/invoke/LambdaForm$MH+0x00000177901aac00'
Event: 2.122 Thread 0x00000177f18b0c10 Unloading class 0x00000177901aa800 'java/lang/invoke/LambdaForm$MH+0x00000177901aa800'
Event: 2.122 Thread 0x00000177f18b0c10 Unloading class 0x00000177901aa400 'java/lang/invoke/LambdaForm$BMH+0x00000177901aa400'
Event: 2.122 Thread 0x00000177f18b0c10 Unloading class 0x00000177901aa000 'java/lang/invoke/LambdaForm$DMH+0x00000177901aa000'
Event: 2.122 Thread 0x00000177f18b0c10 Unloading class 0x00000177901a8c00 'java/lang/invoke/LambdaForm$DMH+0x00000177901a8c00'

Classes redefined (0 events):
No events

Internal exceptions (20 events):
Event: 2148.200 Thread 0x00000177dacf6d10 Implicit null exception at 0x0000017781f39b9b to 0x0000017781f3d40b
Event: 2148.200 Thread 0x00000177dacf6d10 Exception <a 'java/lang/NullPointerException'{0x00000000d55ed9a8}> (0x00000000d55ed9a8) 
thrown [s\src\hotspot\share\runtime\sharedRuntime.cpp, line 625]
Event: 2148.200 Thread 0x00000177dacf6d10 Implicit null exception at 0x0000017781f39b9b to 0x0000017781f3d40b
Event: 2148.200 Thread 0x00000177dacf6d10 Exception <a 'java/lang/NullPointerException'{0x00000000d55f1948}> (0x00000000d55f1948) 
thrown [s\src\hotspot\share\runtime\sharedRuntime.cpp, line 625]
Event: 2148.200 Thread 0x00000177dacf6d10 Implicit null exception at 0x0000017781f39b9b to 0x0000017781f3d40b
Event: 2148.200 Thread 0x00000177dacf6d10 Exception <a 'java/lang/NullPointerException'{0x00000000d55f29b0}> (0x00000000d55f29b0) 
thrown [s\src\hotspot\share\runtime\sharedRuntime.cpp, line 625]
Event: 2148.200 Thread 0x00000177dacf6d10 Implicit null exception at 0x0000017781f39b9b to 0x0000017781f3d40b
Event: 2148.200 Thread 0x00000177dacf6d10 Exception <a 'java/lang/NullPointerException'{0x00000000d55f3708}> (0x00000000d55f3708) 
thrown [s\src\hotspot\share\runtime\sharedRuntime.cpp, line 625]
Event: 2148.200 Thread 0x00000177dacf6d10 Implicit null exception at 0x0000017781f39b9b to 0x0000017781f3d40b
Event: 2148.200 Thread 0x00000177dacf6d10 Exception <a 'java/lang/NullPointerException'{0x00000000d55f43d0}> (0x00000000d55f43d0) 
thrown [s\src\hotspot\share\runtime\sharedRuntime.cpp, line 625]
Event: 2148.200 Thread 0x00000177dacf6d10 Implicit null exception at 0x0000017781f39b9b to 0x0000017781f3d40b
Event: 2148.200 Thread 0x00000177dacf6d10 Exception <a 'java/lang/NullPointerException'{0x00000000d55f50d8}> (0x00000000d55f50d8) 
thrown [s\src\hotspot\share\runtime\sharedRuntime.cpp, line 625]
Event: 2148.200 Thread 0x00000177dacf6d10 Implicit null exception at 0x0000017781f39b9b to 0x0000017781f3d40b
Event: 2148.200 Thread 0x00000177dacf6d10 Exception <a 'java/lang/NullPointerException'{0x00000000d55f5ba0}> (0x00000000d55f5ba0) 
thrown [s\src\hotspot\share\runtime\sharedRuntime.cpp, line 625]
Event: 2151.556 Thread 0x00000177d4686d60 Exception <a 'sun/nio/fs/WindowsException'{0x00000000d592d2b8}> (0x00000000d592d2b8) 
thrown [s\src\hotspot\share\prims\jni.cpp, line 520]
Event: 2151.655 Thread 0x00000177d4686d60 Exception <a 'sun/nio/fs/WindowsException'{0x00000000d5658518}> (0x00000000d5658518) 
thrown [s\src\hotspot\share\prims\jni.cpp, line 520]
Event: 2167.862 Thread 0x00000177dacf6d10 Exception <a 'sun/nio/fs/WindowsException'{0x00000000d5795f78}> (0x00000000d5795f78) 
thrown [s\src\hotspot\share\prims\jni.cpp, line 520]
Event: 2346.967 Thread 0x00000177dacf73a0 Exception <a 'sun/nio/fs/WindowsException'{0x00000000d5bbb858}> (0x00000000d5bbb858) 
thrown [s\src\hotspot\share\prims\jni.cpp, line 520]
Event: 2346.967 Thread 0x00000177dacf73a0 Exception <a 'sun/nio/fs/WindowsException'{0x00000000d5bbc340}> (0x00000000d5bbc340) 
thrown [s\src\hotspot\share\prims\jni.cpp, line 520]
Event: 3027.873 Thread 0x00000177dacfa820 Exception <a 'sun/nio/fs/WindowsException'{0x00000000d59edfd8}> (0x00000000d59edfd8) 
thrown [s\src\hotspot\share\prims\jni.cpp, line 520]

ZGC Phase Switch (0 events):
No events

VM Operations (20 events):
Event: 2348.972 Executing safepoint VM operation: Cleanup
Event: 2348.972 Executing safepoint VM operation: Cleanup done
Event: 2405.147 Executing non-safepoint VM operation: HandshakeAllThreads (HandshakeForDeflation)
Event: 2405.147 Executing non-safepoint VM operation: HandshakeAllThreads (HandshakeForDeflation) done
Event: 2405.147 Executing non-safepoint VM operation: RendezvousGCThreads
Event: 2405.147 Executing non-safepoint VM operation: RendezvousGCThreads done
Event: 3005.986 Executing non-safepoint VM operation: HandshakeAllThreads (HandshakeForDeflation)
Event: 3005.986 Executing non-safepoint VM operation: HandshakeAllThreads (HandshakeForDeflation) done
Event: 3005.986 Executing non-safepoint VM operation: RendezvousGCThreads
Event: 3005.986 Executing non-safepoint VM operation: RendezvousGCThreads done
Event: 3028.120 Executing safepoint VM operation: Cleanup
Event: 3028.120 Executing safepoint VM operation: Cleanup done
Event: 3039.182 Executing safepoint VM operation: ParallelGCFailedAllocation (Allocation Failure)
Event: 3039.183 Executing safepoint VM operation: ParallelGCFailedAllocation (Allocation Failure) done
Event: 3040.196 Executing safepoint VM operation: Cleanup
Event: 3040.196 Executing safepoint VM operation: Cleanup done
Event: 3044.521 Executing safepoint VM operation: ParallelGCFailedAllocation (Allocation Failure)
Event: 3044.522 Executing safepoint VM operation: ParallelGCFailedAllocation (Allocation Failure) done
Event: 3045.531 Executing safepoint VM operation: Cleanup
Event: 3045.532 Executing safepoint VM operation: Cleanup done

Memory protections (0 events):
No events

Nmethod flushes (20 events):
Event: 6.307 Thread 0x00000177f18b0c10 flushing  nmethod 0x0000017780902010
Event: 6.307 Thread 0x00000177f18b0c10 flushing  nmethod 0x0000017780905310
Event: 6.307 Thread 0x00000177f18b0c10 flushing  nmethod 0x0000017780906090
Event: 6.307 Thread 0x00000177f18b0c10 flushing  nmethod 0x0000017780908510
Event: 6.307 Thread 0x00000177f18b0c10 flushing  nmethod 0x000001778092ff10
Event: 6.307 Thread 0x00000177f18b0c10 flushing osr nmethod 0x0000017780938990
Event: 6.307 Thread 0x00000177f18b0c10 flushing osr nmethod 0x000001778093ab10
Event: 6.307 Thread 0x00000177f18b0c10 flushing osr nmethod 0x000001778096e810
Event: 6.307 Thread 0x00000177f18b0c10 flushing  nmethod 0x000001778099a410
Event: 6.307 Thread 0x00000177f18b0c10 flushing  nmethod 0x00000177809ae990
Event: 6.307 Thread 0x00000177f18b0c10 flushing  nmethod 0x00000177809b1b90
Event: 6.307 Thread 0x00000177f18b0c10 flushing  nmethod 0x00000177809c7790
Event: 6.307 Thread 0x00000177f18b0c10 flushing  nmethod 0x00000177809c7d90
Event: 6.307 Thread 0x00000177f18b0c10 flushing  nmethod 0x00000177809c8490
Event: 6.307 Thread 0x00000177f18b0c10 flushing  nmethod 0x00000177809c8d10
Event: 6.307 Thread 0x00000177f18b0c10 flushing  nmethod 0x00000177809cb410
Event: 6.307 Thread 0x00000177f18b0c10 flushing  nmethod 0x00000177809f8810
Event: 6.307 Thread 0x00000177f18b0c10 flushing  nmethod 0x0000017780a0be10
Event: 6.307 Thread 0x00000177f18b0c10 flushing osr nmethod 0x0000017780a2c890
Event: 6.307 Thread 0x00000177f18b0c10 flushing  nmethod 0x0000017780a70e90

Events (20 events):
Event: 2160.218 Thread 0x00000177d407c820 Thread exited: 0x00000177d407c820
Event: 2160.241 Thread 0x00000177d685fc90 Thread exited: 0x00000177d685fc90
Event: 2167.859 Thread 0x00000177fa68f6f0 Thread added: 0x00000177d407c820
Event: 2172.886 Thread 0x00000177d407c820 Thread exited: 0x00000177d407c820
Event: 2177.921 Thread 0x00000177fa6aa570 Thread added: 0x00000177d9bbdb90
Event: 2182.928 Thread 0x00000177d9bbdb90 Thread exited: 0x00000177d9bbdb90
Event: 2211.689 Thread 0x00000177dacfaeb0 Thread exited: 0x00000177dacfaeb0
Event: 2237.885 Thread 0x00000177dacf6d10 Thread exited: 0x00000177dacf6d10
Event: 2346.968 Thread 0x00000177dacf73a0 Thread added: 0x00000177dacf6d10
Event: 2346.968 Thread 0x00000177dacf6d10 Thread exited: 0x00000177dacf6d10
Event: 2346.973 Thread 0x00000177dacf73a0 Thread added: 0x00000177dacf6d10
Event: 2346.974 Thread 0x00000177dacf6d10 Thread exited: 0x00000177dacf6d10
Event: 2447.864 Thread 0x00000177dacfc260 Thread exited: 0x00000177dacfc260
Event: 2451.659 Thread 0x00000177dacfc8f0 Thread exited: 0x00000177dacfc8f0
Event: 3027.870 Thread 0x00000177fa68f6f0 Thread added: 0x00000177d407c820
Event: 3033.001 Thread 0x00000177d407c820 Thread exited: 0x00000177d407c820
Event: 3039.312 Thread 0x00000177fa6aa570 Thread added: 0x00000177d7666010
Event: 3039.323 Thread 0x00000177fa6aa570 Thread added: 0x00000177d76666e0
Event: 3044.333 Thread 0x00000177d7666010 Thread exited: 0x00000177d7666010
Event: 3044.395 Thread 0x00000177d76666e0 Thread exited: 0x00000177d76666e0


Dynamic libraries:
0x00007ff6fdb60000 - 0x00007ff6fdb6e000 	c:\Users\Q530\.cursor\extensions\redhat.java-1.53.0-win32-x64\jre\21.0.10-win32-x86_64\bin\java.exe
0x00007ffaae160000 - 0x00007ffaae3c7000 	C:\WINDOWS\SYSTEM32\ntdll.dll
0x00007ffaacc50000 - 0x00007ffaacd19000 	C:\WINDOWS\System32\KERNEL32.DLL
0x00007ffaab790000 - 0x00007ffaabb81000 	C:\WINDOWS\System32\KERNELBASE.dll
0x00007ffaabdb0000 - 0x00007ffaabefb000 	C:\WINDOWS\System32\ucrtbase.dll
0x00007ffa80080000 - 0x00007ffa8009e000 	c:\Users\Q530\.cursor\extensions\redhat.java-1.53.0-win32-x64\jre\21.0.10-win32-x86_64\bin\VCRUNTIME140.dll
0x00007ffa954a0000 - 0x00007ffa954b8000 	c:\Users\Q530\.cursor\extensions\redhat.java-1.53.0-win32-x64\jre\21.0.10-win32-x86_64\bin\jli.dll
0x00007ffaadca0000 - 0x00007ffaade65000 	C:\WINDOWS\System32\USER32.dll
0x00007ffa910a0000 - 0x00007ffa91333000 	C:\WINDOWS\WinSxS\amd64_microsoft.windows.common-controls_6595b64144ccf1df_6.0.26100.8037_none_3e092faae333b53b\COMCTL32.dll
0x00007ffaaac80000 - 0x00007ffaaaca7000 	C:\WINDOWS\System32\win32u.dll
0x00007ffaacf30000 - 0x00007ffaacfd9000 	C:\WINDOWS\System32\msvcrt.dll
0x00007ffaadc70000 - 0x00007ffaadc9b000 	C:\WINDOWS\System32\GDI32.dll
0x00007ffaaadf0000 - 0x00007ffaaaf1b000 	C:\WINDOWS\System32\gdi32full.dll
0x00007ffaaad40000 - 0x00007ffaaade3000 	C:\WINDOWS\System32\msvcp_win.dll
0x00007ffaada10000 - 0x00007ffaada41000 	C:\WINDOWS\System32\IMM32.DLL
0x00007ffa9fd20000 - 0x00007ffa9fd2c000 	c:\Users\Q530\.cursor\extensions\redhat.java-1.53.0-win32-x64\jre\21.0.10-win32-x86_64\bin\vcruntime140_1.dll
0x00007ffa77130000 - 0x00007ffa771bd000 	c:\Users\Q530\.cursor\extensions\redhat.java-1.53.0-win32-x64\jre\21.0.10-win32-x86_64\bin\msvcp140.dll
0x00007ff9ef970000 - 0x00007ff9f0711000 	c:\Users\Q530\.cursor\extensions\redhat.java-1.53.0-win32-x64\jre\21.0.10-win32-x86_64\bin\server\jvm.dll
0x00007ffaada60000 - 0x00007ffaadb1b000 	C:\WINDOWS\System32\ADVAPI32.dll
0x00007ffaae070000 - 0x00007ffaae117000 	C:\WINDOWS\System32\sechost.dll
0x00007ffaad1f0000 - 0x00007ffaad308000 	C:\WINDOWS\System32\RPCRT4.dll
0x00007ffaadb20000 - 0x00007ffaadb94000 	C:\WINDOWS\System32\WS2_32.dll
0x00007ffaa3bb0000 - 0x00007ffaa3bbb000 	C:\WINDOWS\SYSTEM32\VERSION.dll
0x00007ffa9fa20000 - 0x00007ffa9fa55000 	C:\WINDOWS\SYSTEM32\WINMM.dll
0x00007ffaa9640000 - 0x00007ffaa969e000 	C:\WINDOWS\SYSTEM32\POWRPROF.dll
0x00007ffaa9620000 - 0x00007ffaa9634000 	C:\WINDOWS\SYSTEM32\UMPDC.dll
0x00007ffaa98f0000 - 0x00007ffaa990b000 	C:\WINDOWS\SYSTEM32\kernel.appcore.dll
0x00007ffa9ab60000 - 0x00007ffa9ab6a000 	c:\Users\Q530\.cursor\extensions\redhat.java-1.53.0-win32-x64\jre\21.0.10-win32-x86_64\bin\jimage.dll
0x00007ffaa8a50000 - 0x00007ffaa8c92000 	C:\WINDOWS\SYSTEM32\DBGHELP.DLL
0x00007ffaad680000 - 0x00007ffaada02000 	C:\WINDOWS\System32\combase.dll
0x00007ffaad320000 - 0x00007ffaad3f7000 	C:\WINDOWS\System32\OLEAUT32.dll
0x00007ffa8d2b0000 - 0x00007ffa8d2eb000 	C:\WINDOWS\SYSTEM32\dbgcore.DLL
0x00007ffaabd00000 - 0x00007ffaabda5000 	C:\WINDOWS\System32\bcryptPrimitives.dll
0x00007ffa986d0000 - 0x00007ffa986df000 	c:\Users\Q530\.cursor\extensions\redhat.java-1.53.0-win32-x64\jre\21.0.10-win32-x86_64\bin\instrument.dll
0x00007ffa7a740000 - 0x00007ffa7a760000 	c:\Users\Q530\.cursor\extensions\redhat.java-1.53.0-win32-x64\jre\21.0.10-win32-x86_64\bin\java.dll
0x00007ffaac490000 - 0x00007ffaacbef000 	C:\WINDOWS\System32\SHELL32.dll
0x00007ffaabb90000 - 0x00007ffaabcfa000 	C:\WINDOWS\System32\wintypes.dll
0x00007ffaaaf20000 - 0x00007ffaab784000 	C:\WINDOWS\System32\windows.storage.dll
0x00007ffaad500000 - 0x00007ffaad5f7000 	C:\WINDOWS\System32\SHCORE.dll
0x00007ffaac390000 - 0x00007ffaac3f7000 	C:\WINDOWS\System32\shlwapi.dll
0x00007ffaaa960000 - 0x00007ffaaa989000 	C:\WINDOWS\SYSTEM32\profapi.dll
0x00007ffa78960000 - 0x00007ffa78978000 	c:\Users\Q530\.cursor\extensions\redhat.java-1.53.0-win32-x64\jre\21.0.10-win32-x86_64\bin\zip.dll
0x00007ffa95490000 - 0x00007ffa954a0000 	C:\Users\Q530\.cursor\extensions\redhat.java-1.53.0-win32-x64\jre\21.0.10-win32-x86_64\bin\net.dll
0x00007ffaa4e00000 - 0x00007ffaa4f27000 	C:\WINDOWS\SYSTEM32\WINHTTP.dll
0x00007ffaa9e60000 - 0x00007ffaa9ecb000 	C:\WINDOWS\system32\mswsock.dll
0x00007ffa781a0000 - 0x00007ffa781b6000 	C:\Users\Q530\.cursor\extensions\redhat.java-1.53.0-win32-x64\jre\21.0.10-win32-x86_64\bin\nio.dll
0x00007ffa94990000 - 0x00007ffa949a0000 	c:\Users\Q530\.cursor\extensions\redhat.java-1.53.0-win32-x64\jre\21.0.10-win32-x86_64\bin\verify.dll
0x00007ffa767c0000 - 0x00007ffa76805000 	C:\Users\Q530\AppData\Roaming\Cursor\User\globalStorage\redhat.java\1.53.0\config_win\org.eclipse.equinox.launcher\org.eclipse.equinox.launcher.win32.win32.x86_64_1.3.0.v20260203-2149\eclipse_11919.dll
0x00007ffaacd80000 - 0x00007ffaacf15000 	C:\WINDOWS\System32\ole32.dll
0x00007ffaaa140000 - 0x00007ffaaa15b000 	C:\WINDOWS\SYSTEM32\CRYPTSP.dll
0x00007ffaa9850000 - 0x00007ffaa9889000 	C:\WINDOWS\system32\rsaenh.dll
0x00007ffaa9f10000 - 0x00007ffaa9f42000 	C:\WINDOWS\SYSTEM32\USERENV.dll
0x00007ffaaa930000 - 0x00007ffaaa95a000 	C:\WINDOWS\SYSTEM32\bcrypt.dll
0x00007ffaaa160000 - 0x00007ffaaa16c000 	C:\WINDOWS\SYSTEM32\CRYPTBASE.dll
0x00007ffaa92e0000 - 0x00007ffaa9313000 	C:\WINDOWS\SYSTEM32\IPHLPAPI.DLL
0x00007ffaada50000 - 0x00007ffaada5a000 	C:\WINDOWS\System32\NSI.dll
0x00007ffa70520000 - 0x00007ffa70569000 	C:\Users\Q530\AppData\Local\Temp\jna-2465633\jna13948561948899636567.dll
0x00007ffaadc60000 - 0x00007ffaadc68000 	C:\WINDOWS\System32\PSAPI.DLL
0x00007ffaa50e0000 - 0x00007ffaa50fd000 	C:\WINDOWS\SYSTEM32\dhcpcsvc6.DLL
0x00007ffaa50a0000 - 0x00007ffaa50c3000 	C:\WINDOWS\SYSTEM32\dhcpcsvc.DLL
0x00007ffa94810000 - 0x00007ffa9481e000 	C:\Users\Q530\.cursor\extensions\redhat.java-1.53.0-win32-x64\jre\21.0.10-win32-x86_64\bin\sunmscapi.dll
0x00007ffaaaa40000 - 0x00007ffaaabb7000 	C:\WINDOWS\System32\CRYPT32.dll
0x00007ffaaa360000 - 0x00007ffaaa390000 	C:\WINDOWS\SYSTEM32\ncrypt.dll
0x00007ffaaa310000 - 0x00007ffaaa34f000 	C:\WINDOWS\SYSTEM32\NTASN1.dll
0x00007ffaa9340000 - 0x00007ffaa946a000 	C:\WINDOWS\SYSTEM32\DNSAPI.dll
0x00007ffaa4050000 - 0x00007ffaa405b000 	C:\Windows\System32\rasadhlp.dll
0x00007ffaa51a0000 - 0x00007ffaa5226000 	C:\WINDOWS\System32\fwpuclnt.dll
0x00007ffa920d0000 - 0x00007ffa920d9000 	C:\Users\Q530\.cursor\extensions\redhat.java-1.53.0-win32-x64\jre\21.0.10-win32-x86_64\bin\extnet.dll
0x00007ffaa9a10000 - 0x00007ffaa9a46000 	C:\WINDOWS\SYSTEM32\ntmarta.dll

JVMTI agents:
c:\Users\Q530\.cursor\extensions\redhat.java-1.53.0-win32-x64\lombok\lombok-1.18.39-4050.jar path:c:\Users\Q530\.cursor\extensions\redhat.java-1.53.0-win32-x64\jre\21.0.10-win32-x86_64\bin\instrument.dll, loaded, initialized, instrumentlib options:none

dbghelp: loaded successfully - version: 4.0.5 - missing functions: none
symbol engine: initialized successfully - sym options: 0x614 - pdb path: .;c:\Users\Q530\.cursor\extensions\redhat.java-1.53.0-win32-x64\jre\21.0.10-win32-x86_64\bin;C:\WINDOWS\SYSTEM32;C:\WINDOWS\WinSxS\amd64_microsoft.windows.common-controls_6595b64144ccf1df_6.0.26100.8037_none_3e092faae333b53b;c:\Users\Q530\.cursor\extensions\redhat.java-1.53.0-win32-x64\jre\21.0.10-win32-x86_64\bin\server;C:\Users\Q530\AppData\Roaming\Cursor\User\globalStorage\redhat.java\1.53.0\config_win\org.eclipse.equinox.launcher\org.eclipse.equinox.launcher.win32.win32.x86_64_1.3.0.v20260203-2149;C:\Users\Q530\AppData\Local\Temp\jna-2465633

VM Arguments:
jvm_args: --add-modules=ALL-SYSTEM --add-opens=java.base/java.util=ALL-UNNAMED --add-opens=java.base/java.lang=ALL-UNNAMED --add-opens=java.base/sun.nio.fs=ALL-UNNAMED -Declipse.application=org.eclipse.jdt.ls.core.id1 -Dosgi.bundles.defaultStartLevel=4 -Declipse.product=org.eclipse.jdt.ls.core.product -Djava.import.generatesMetadataFilesAtProjectRoot=false -DDetectVMInstallationsJob.disabled=true -Dfile.encoding=utf8 -XX:+UseParallelGC -XX:GCTimeRatio=4 -XX:AdaptiveSizePolicyWeight=90 -Dsun.zip.disableMemoryMapping=true -Xmx2G -Xms100m -Xlog:disable -javaagent:c:\Users\Q530\.cursor\extensions\redhat.java-1.53.0-win32-x64\lombok\lombok-1.18.39-4050.jar -XX:+HeapDumpOnOutOfMemoryError -XX:HeapDumpPath=c:\Users\Q530\AppData\Roaming\Cursor\User\workspaceStorage\0aad3ab16412d78af0595240f8939392\redhat.java -Daether.dependencyCollector.impl=bf 
java_command: c:\Users\Q530\.cursor\extensions\redhat.java-1.53.0-win32-x64\server\plugins\org.eclipse.equinox.launcher_1.7.100.v20251111-0406.jar -configuration c:\Users\Q530\AppData\Roaming\Cursor\User\globalStorage\redhat.java\1.53.0\config_win -data c:\Users\Q530\AppData\Roaming\Cursor\User\workspaceStorage\0aad3ab16412d78af0595240f8939392\redhat.java\jdt_ws --pipe=\\.\pipe\lsp-81a871018d7e831dbffa23d010446e89-sock
java_class_path (initial): c:\Users\Q530\.cursor\extensions\redhat.java-1.53.0-win32-x64\server\plugins\org.eclipse.equinox.launcher_1.7.100.v20251111-0406.jar
Launcher Type: SUN_STANDARD

[Global flags]
    uintx AdaptiveSizePolicyWeight                 = 90                                        {product} {command line}
     intx CICompilerCount                          = 12                                        {product} {ergonomic}
    uintx GCTimeRatio                              = 4                                         {product} {command line}
     bool HeapDumpOnOutOfMemoryError               = true                                   {manageable} {command line}
    ccstr HeapDumpPath                             = c:\Users\Q530\AppData\Roaming\Cursor\User\workspaceStorage\0aad3ab16412d78af0595240f8939392\redhat.java         {manageable} {command line}
   size_t InitialHeapSize                          = 104857600                                 {product} {command line}
   size_t MaxHeapSize                              = 2147483648                                {product} {command line}
   size_t MaxNewSize                               = 715653120                                 {product} {ergonomic}
   size_t MinHeapDeltaBytes                        = 524288                                    {product} {ergonomic}
   size_t MinHeapSize                              = 104857600                                 {product} {command line}
   size_t NewSize                                  = 34603008                                  {product} {ergonomic}
    uintx NonNMethodCodeHeapSize                   = 7602480                                {pd product} {ergonomic}
    uintx NonProfiledCodeHeapSize                  = 122027880                              {pd product} {ergonomic}
   size_t OldSize                                  = 70254592                                  {product} {ergonomic}
    uintx ProfiledCodeHeapSize                     = 122027880                              {pd product} {ergonomic}
    uintx ReservedCodeCacheSize                    = 251658240                              {pd product} {ergonomic}
     bool SegmentedCodeCache                       = true                                      {product} {ergonomic}
   size_t SoftMaxHeapSize                          = 2147483648                             {manageable} {ergonomic}
     bool UseCompressedOops                        = true                           {product lp64_product} {ergonomic}
     bool UseLargePagesIndividualAllocation        = false                                  {pd product} {ergonomic}
     bool UseParallelGC                            = true                                      {product} {command line}

Logging:
Log output configuration:
 #0: stdout all=off uptime,level,tags foldmultilines=false
 #1: stderr all=off uptime,level,tags foldmultilines=false

Release file:
JAVA_VERSION="21.0.10" 
MODULES="java.base java.compiler java.datatransfer java.xml java.prefs java.desktop java.instrument java.logging java.management java.security.sasl java.naming java.rmi java.management.rmi java.net.http java.scripting java.security.jgss java.transaction.xa java.sql java.sql.rowset java.xml.crypto java.se java.smartcardio jdk.accessibility jdk.internal.jvmstat jdk.attach jdk.charsets jdk.internal.opt jdk.zipfs jdk.compiler jdk.crypto.ec jdk.crypto.cryptoki jdk.crypto.mscapi jdk.dynalink jdk.internal.ed jdk.editpad jdk.hotspot.agent jdk.httpserver jdk.internal.le jdk.internal.vm.ci jdk.internal.vm.compiler jdk.internal.vm.compiler.management jdk.jartool jdk.javadoc jdk.jcmd jdk.management jdk.management.agent jdk.jconsole jdk.jdeps jdk.jdwp.agent jdk.jdi jdk.jfr jdk.jshell jdk.jsobject jdk.jstatd jdk.localedata jdk.management.jfr jdk.naming.dns jdk.naming.rmi jdk.net jdk.nio.mapmode jdk.random jdk.sctp jdk.security.auth jdk.security.jgss jdk.unsupported jdk.unsupported.desktop jdk.xml.dom" 

Environment Variables:
PATH=C:\Program Files\Microsoft MPI\Bin\;C:\Program Files\Common Files\Oracle\Java\javapath;C:\Program Files (x86)\Common Files\Oracle\Java\java8path;C:\Program Files (x86)\Common Files\Oracle\Java\javapath;C:\Windows\system32;C:\Windows;C:\Windows\System32\Wbem;C:\Windows\System32\WindowsPowerShell\v1.0\;C:\Windows\System32\OpenSSH\;C:\Program Files (x86)\NVIDIA Corporation\PhysX\Common;C:\WINDOWS\system32;C:\WINDOWS;C:\WINDOWS\System32\Wbem;C:\WINDOWS\System32\WindowsPowerShell\v1.0\;C:\WINDOWS\System32\OpenSSH\;C:\Program Files (x86)\Microsoft SQL Server\160\Tools\Binn\;C:\Program Files\Microsoft SQL Server\160\Tools\Binn\;C:\Program Files\Microsoft SQL Server\Client SDK\ODBC\170\Tools\Binn\;C:\Program Files\Microsoft SQL Server\160\DTS\Binn\;C:\Program Files (x86)\Microsoft SQL Server\160\DTS\Binn\;C:\Program Files\Microsoft SQL Server\150\Tools\Binn\;C:\Program Files\NVIDIA Corporation\NVIDIA app\NvDLISR;C:\Program Files\nodejs\;C:\Program Files\dotnet\;C:\flutter\bin;D:\Git\cmd;C:\Program Files (x86)\Windows Kits\10\Windows Performance Toolkit\;C:\Users\Q530\AppData\Local\Pub\Cache\bin;C:\xampp1\php;C:\ProgramData\ComposerSetup\bin;;C:\Program Files\Docker\Docker\resources\bin;c:\Users\Q530\AppData\Local\Programs\Trae\bin;C:\Users\Q530\AppData\Local\Programs\Python\Python313\Scripts\;C:\Users\Q530\AppData\Local\Programs\Python\Python313\;C:\Users\Q530\AppData\Local\Programs\Python\Launcher\;C:\Users\Q530\AppData\Local\Microsoft\WindowsApps;C:\Users\Q530\AppData\Local\Programs\Microsoft VS Code\bin;C:\Users\Q530\AppData\Roaming\npm;C:\Users\Q530\.dotnet\tools;C:\Program Files\OpenSSL-Win64;D:\2280602644_nguyentuanquoc\BaiTap2\flutter\bin;C:\Users\Q530\AppData\Roaming\Composer\vendor\bin;C:\xampp1\php;D:\cursor\resources\app\bin;C:\Users\Q530\AppData\Local\GitHubDesktop\bin;C:\Users\Q530\AppData\Local\Microsoft\WindowsApps;
USERNAME=Q530
OS=Windows_NT
PROCESSOR_IDENTIFIER=Intel64 Family 6 Model 186 Stepping 2, GenuineIntel
TMP=C:\Users\Q530\AppData\Local\Temp
TEMP=C:\Users\Q530\AppData\Local\Temp




Periodic native trim disabled

---------------  S Y S T E M  ---------------

OS:
 Windows 11 , 64 bit Build 26100 (10.0.26100.7920)
OS uptime: 0 days 10:19 hours
Hyper-V role detected

CPU: total 16 (initial active 16) (8 cores per cpu, 2 threads per core) family 6 model 186 stepping 2 microcode 0x411f, cx8, cmov, fxsr, ht, mmx, 3dnowpref, sse, sse2, sse3, ssse3, sse4.1, sse4.2, popcnt, lzcnt, tsc, tscinvbit, avx, avx2, aes, erms, clmul, bmi1, bmi2, adx, sha, fma, vzeroupper, clflush, clflushopt, clwb, hv, serialize, rdtscp, rdpid, fsrm, f16c, cet_ibt, cet_ss
Processor Information for processor 0
  Max Mhz: 2400, Current Mhz: 2400, Mhz Limit: 2400
Processor Information for processor 1
  Max Mhz: 2400, Current Mhz: 2400, Mhz Limit: 2400
Processor Information for processor 2
  Max Mhz: 2400, Current Mhz: 2400, Mhz Limit: 2400
Processor Information for processor 3
  Max Mhz: 2400, Current Mhz: 1520, Mhz Limit: 2400
Processor Information for processor 4
  Max Mhz: 2400, Current Mhz: 2400, Mhz Limit: 2400
Processor Information for processor 5
  Max Mhz: 2400, Current Mhz: 2400, Mhz Limit: 2400
Processor Information for processor 6
  Max Mhz: 2400, Current Mhz: 2400, Mhz Limit: 2400
Processor Information for processor 7
  Max Mhz: 2400, Current Mhz: 2400, Mhz Limit: 2400
Processor Information for processor 8
  Max Mhz: 2400, Current Mhz: 2400, Mhz Limit: 2400
Processor Information for processor 9
  Max Mhz: 2400, Current Mhz: 2400, Mhz Limit: 2400
Processor Information for processor 10
  Max Mhz: 2400, Current Mhz: 2400, Mhz Limit: 2400
Processor Information for processor 11
  Max Mhz: 2400, Current Mhz: 2400, Mhz Limit: 2400
Processor Information for processor 12
  Max Mhz: 2400, Current Mhz: 2400, Mhz Limit: 2400
Processor Information for processor 13
  Max Mhz: 2400, Current Mhz: 1466, Mhz Limit: 2400
Processor Information for processor 14
  Max Mhz: 2400, Current Mhz: 2400, Mhz Limit: 2400
Processor Information for processor 15
  Max Mhz: 2400, Current Mhz: 1466, Mhz Limit: 2400

Memory: 4k page, system-wide physical 16010M (2791M free)
TotalPageFile size 20106M (AvailPageFile size 22M)
current process WorkingSet (physical memory assigned to process): 750M, peak: 884M
current process commit charge ("private bytes"): 1049M, peak: 1078M

vm_info: OpenJDK 64-Bit Server VM (21.0.10+7-LTS) for windows-amd64 JRE (21.0.10+7-LTS), built on 2026-01-20T00:00:00Z by "admin" with MS VC++ 17.12 (VS2022)

END.
