#
# There is insufficient memory for the Java Runtime Environment to continue.
# Native memory allocation (malloc) failed to allocate 2097152 bytes. Error detail: AllocateHeap
# Possible reasons:
#   The system is out of physical RAM or swap space
#   This process is running with CompressedOops enabled, and the Java Heap may be blocking the growth of the native heap
# Possible solutions:
#   Reduce memory load on the system
#   Increase physical memory or swap space
#   Check if swap backing store is full
#   Decrease Java heap size (-Xmx/-Xms)
#   Decrease number of Java threads
#   Decrease Java thread stack sizes (-Xss)
#   Set larger code cache with -XX:ReservedCodeCacheSize=
#   JVM is running with Zero Based Compressed Oops mode in which the Java heap is
#     placed in the first 32GB address space. The Java Heap base address is the
#     maximum limit for the native heap growth. Please use -XX:HeapBaseMinAddress
#     to set the Java Heap base and to place the Java Heap above 32GB virtual address.
# This output file may be truncated or incomplete.
#
#  Out of Memory Error (allocation.cpp:44), pid=2864, tid=22176
#
# JRE version: OpenJDK Runtime Environment Temurin-21.0.10+7 (21.0.10+7) (build 21.0.10+7-LTS)
# Java VM: OpenJDK 64-Bit Server VM Temurin-21.0.10+7 (21.0.10+7-LTS, mixed mode, sharing, tiered, compressed oops, compressed class ptrs, g1 gc, windows-amd64)
# No core dump will be written. Minidumps are not enabled by default on client versions of Windows
#

---------------  S U M M A R Y ------------

Command Line: -XX:+ShowCodeDetailsInExceptionMessages DACK.Application

Host: 13th Gen Intel(R) Core(TM) i7-13620H, 16 cores, 15G,  Windows 11 , 64 bit Build 26100 (10.0.26100.7920)
Time: Fri Mar 27 01:22:50 2026 SE Asia Standard Time elapsed time: 1368.672337 seconds (0d 0h 22m 48s)

---------------  T H R E A D  ---------------

Current thread (0x000001fa6d64a420):  VMThread "VM Thread"          [id=22176, stack(0x000000b623f00000,0x000000b624000000) (1024K)]

Stack: [0x000000b623f00000,0x000000b624000000]
Native frames: (J=compiled Java code, j=interpreted, Vv=VM code, C=native code)
V  [jvm.dll+0x6d7a39]
V  [jvm.dll+0x8b4b26]
V  [jvm.dll+0x8b70de]
V  [jvm.dll+0x8b77c3]
V  [jvm.dll+0x284346]
V  [jvm.dll+0xc1277]
V  [jvm.dll+0x34f92e]
V  [jvm.dll+0x34a11e]
V  [jvm.dll+0x332a57]
V  [jvm.dll+0x374cc4]
V  [jvm.dll+0x8bd4b0]
V  [jvm.dll+0x8be824]
V  [jvm.dll+0x8bed50]
V  [jvm.dll+0x8beff3]
V  [jvm.dll+0x85f59d]
V  [jvm.dll+0x6d626d]
C  [ucrtbase.dll+0x37b0]
C  [KERNEL32.DLL+0x2e8d7]
C  [ntdll.dll+0x8c48c]

VM_Operation (0x000000b6235fee00): G1CollectFull, mode: safepoint, requested by thread 0x000001fa76ed2700


---------------  P R O C E S S  ---------------

Threads class SMR info:
_java_thread_list=0x000001fa7b27e870, length=14, elements={
0x000001fa6d65e730, 0x000001fa6e2374a0, 0x000001fa6e23cba0, 0x000001fa6e23d600,
0x000001fa6e23f070, 0x000001fa6e23fad0, 0x000001fa6e24c9c0, 0x000001fa6e262f50,
0x000001fa6e3f7240, 0x000001fa6e4038d0, 0x000001fa76f9dee0, 0x000001fa75d6d2a0,
0x000001fa7963a440, 0x000001fa76ed2700
}

Java Threads: ( => current thread )
  0x000001fa6d65e730 JavaThread "Reference Handler"          daemon [_thread_blocked, id=25520, stack(0x000000b624000000,0x000000b624100000) (1024K)]
  0x000001fa6e2374a0 JavaThread "Finalizer"                  daemon [_thread_blocked, id=9064, stack(0x000000b624100000,0x000000b624200000) (1024K)]
  0x000001fa6e23cba0 JavaThread "Signal Dispatcher"          daemon [_thread_blocked, id=10984, stack(0x000000b624200000,0x000000b624300000) (1024K)]
  0x000001fa6e23d600 JavaThread "Attach Listener"            daemon [_thread_blocked, id=12796, stack(0x000000b624300000,0x000000b624400000) (1024K)]
  0x000001fa6e23f070 JavaThread "Service Thread"             daemon [_thread_blocked, id=9376, stack(0x000000b624400000,0x000000b624500000) (1024K)]
  0x000001fa6e23fad0 JavaThread "Monitor Deflation Thread"   daemon [_thread_blocked, id=2248, stack(0x000000b624500000,0x000000b624600000) (1024K)]
  0x000001fa6e24c9c0 JavaThread "C2 CompilerThread0"         daemon [_thread_blocked, id=10184, stack(0x000000b624600000,0x000000b624700000) (1024K)]
  0x000001fa6e262f50 JavaThread "C1 CompilerThread0"         daemon [_thread_blocked, id=19372, stack(0x000000b624700000,0x000000b624800000) (1024K)]
  0x000001fa6e3f7240 JavaThread "Notification Thread"        daemon [_thread_blocked, id=20416, stack(0x000000b624900000,0x000000b624a00000) (1024K)]
  0x000001fa6e4038d0 JavaThread "Common-Cleaner"             daemon [_thread_blocked, id=2764, stack(0x000000b624a00000,0x000000b624b00000) (1024K)]
  0x000001fa76f9dee0 JavaThread "mysql-cj-abandoned-connection-cleanup" daemon [_thread_blocked, id=14540, stack(0x000000b626500000,0x000000b626600000) (1024K)]
  0x000001fa75d6d2a0 JavaThread "Live Reload Server"         daemon [_thread_in_native, id=20580, stack(0x000000b626c00000,0x000000b626d00000) (1024K)]
  0x000001fa7963a440 JavaThread "DestroyJavaVM"                     [_thread_blocked, id=21384, stack(0x000000b623800000,0x000000b623900000) (1024K)]
  0x000001fa76ed2700 JavaThread "Thread-35"                         [_thread_blocked, id=8612, stack(0x000000b623500000,0x000000b623600000) (1024K)]
Total: 14

Other Threads:
=>0x000001fa6d64a420 VMThread "VM Thread"                           [id=22176, stack(0x000000b623f00000,0x000000b624000000) (1024K)]
  0x000001fa6d6364b0 WatcherThread "VM Periodic Task Thread"        [id=11800, stack(0x000000b623e00000,0x000000b623f00000) (1024K)]
  0x000001fa539df480 WorkerThread "GC Thread#0"                     [id=3420, stack(0x000000b623900000,0x000000b623a00000) (1024K)]
  0x000001fa6eae4060 WorkerThread "GC Thread#1"                     [id=10996, stack(0x000000b624f00000,0x000000b625000000) (1024K)]
  0x000001fa6eae4410 WorkerThread "GC Thread#2"                     [id=1812, stack(0x000000b625000000,0x000000b625100000) (1024K)]
  0x000001fa6ed092f0 WorkerThread "GC Thread#3"                     [id=8124, stack(0x000000b625100000,0x000000b625200000) (1024K)]
  0x000001fa6ed096a0 WorkerThread "GC Thread#4"                     [id=23404, stack(0x000000b625200000,0x000000b625300000) (1024K)]
  0x000001fa6ed09a50 WorkerThread "GC Thread#5"                     [id=24196, stack(0x000000b625300000,0x000000b625400000) (1024K)]
  0x000001fa736aa300 WorkerThread "GC Thread#6"                     [id=19036, stack(0x000000b625700000,0x000000b625800000) (1024K)]
  0x000001fa73350610 WorkerThread "GC Thread#7"                     [id=18772, stack(0x000000b625800000,0x000000b625900000) (1024K)]
  0x000001fa73585c00 WorkerThread "GC Thread#8"                     [id=22620, stack(0x000000b625900000,0x000000b625a00000) (1024K)]
  0x000001fa756510d0 WorkerThread "GC Thread#9"                     [id=2656, stack(0x000000b625d00000,0x000000b625e00000) (1024K)]
  0x000001fa7543d1e0 WorkerThread "GC Thread#10"                    [id=20816, stack(0x000000b625e00000,0x000000b625f00000) (1024K)]
  0x000001fa73b6edc0 WorkerThread "GC Thread#11"                    [id=5500, stack(0x000000b625f00000,0x000000b626000000) (1024K)]
  0x000001fa751f9a00 WorkerThread "GC Thread#12"                    [id=17008, stack(0x000000b626000000,0x000000b626100000) (1024K)]
  0x000001fa539f05d0 ConcurrentGCThread "G1 Main Marker"            [id=14484, stack(0x000000b623a00000,0x000000b623b00000) (1024K)]
  0x000001fa539f0ff0 WorkerThread "G1 Conc#0"                       [id=10864, stack(0x000000b623b00000,0x000000b623c00000) (1024K)]
  0x000001fa751f8c00 WorkerThread "G1 Conc#1"                       [id=24460, stack(0x000000b626100000,0x000000b626200000) (1024K)]
  0x000001fa751f80f0 WorkerThread "G1 Conc#2"                       [id=16064, stack(0x000000b626200000,0x000000b626300000) (1024K)]
  0x000001fa6d5064e0 ConcurrentGCThread "G1 Refine#0"               [id=20472, stack(0x000000b623c00000,0x000000b623d00000) (1024K)]
  0x000001fa6d506f70 ConcurrentGCThread "G1 Service"                [id=7664, stack(0x000000b623d00000,0x000000b623e00000) (1024K)]
Total: 21

Threads with active compile tasks:
Total: 0

VM state: at safepoint (normal execution)

VM Mutex/Monitor currently owned by a thread:  ([mutex/lock_event])
[0x00007ffceb6ae560] Threads_lock - owner thread: 0x000001fa6d64a420
[0x00007ffceb6ae660] Heap_lock - owner thread: 0x000001fa76ed2700

Heap address: 0x0000000705c00000, size: 4004 MB, Compressed Oops mode: Zero based, Oop shift amount: 3

CDS archive(s) mapped at: [0x000001fa00000000-0x000001fa00ba0000-0x000001fa00ba0000), size 12189696, SharedBaseAddress: 0x000001fa00000000, ArchiveRelocationMode: 1.
Compressed class space mapped at: 0x000001fa01000000-0x000001fa41000000, reserved size: 1073741824
Narrow klass base: 0x000001fa00000000, Narrow klass shift: 0, Narrow klass range: 0x100000000

GC Precious Log:
 CardTable entry size: 512
 Card Set container configuration: InlinePtr #cards 4 size 8 Array Of Cards #cards 16 size 48 Howl #buckets 8 coarsen threshold 3686 Howl Bitmap #cards 512 size 80 coarsen threshold 460 Card regions per heap region 1 cards per card region 4096
 CPUs: 16 total, 16 available
 Memory: 16010M
 Large Page Support: Disabled
 NUMA Support: Disabled
 Compressed Oops: Enabled (Zero based)
 Heap Region Size: 2M
 Heap Min Capacity: 8M
 Heap Initial Capacity: 252M
 Heap Max Capacity: 4004M
 Pre-touch: Disabled
 Parallel Workers: 13
 Concurrent Workers: 3
 Concurrent Refinement Workers: 13
 Periodic GC: Disabled

Heap:
 garbage-first heap   total 86016K, used 48976K [0x0000000705c00000, 0x0000000800000000)
  region size 2048K, 8 young (16384K), 2 survivors (4096K)
 Metaspace       used 90057K, committed 91136K, reserved 1179648K
  class space    used 11474K, committed 11968K, reserved 1048576K

Heap Regions: E=young(eden), S=young(survivor), O=old, HS=humongous(starts), HC=humongous(continues), CS=collection set, F=free, TAMS=top-at-mark-start, PB=parsable bottom
|   0|0x0000000705c00000, 0x0000000705dffff0, 0x0000000705e00000| 99%| O|  |TAMS 0x0000000705c00000| PB 0x0000000705c00000| Untracked 
|   1|0x0000000705e00000, 0x0000000705ffffb8, 0x0000000706000000| 99%| O|  |TAMS 0x0000000705e00000| PB 0x0000000705e00000| Untracked 
|   2|0x0000000706000000, 0x00000007061ffe08, 0x0000000706200000| 99%| O|  |TAMS 0x0000000706000000| PB 0x0000000706000000| Untracked 
|   3|0x0000000706200000, 0x00000007063ffff8, 0x0000000706400000| 99%| O|  |TAMS 0x0000000706200000| PB 0x0000000706200000| Untracked 
|   4|0x0000000706400000, 0x00000007065fffc8, 0x0000000706600000| 99%| O|  |TAMS 0x0000000706400000| PB 0x0000000706400000| Untracked 
|   5|0x0000000706600000, 0x00000007067fffe8, 0x0000000706800000| 99%| O|  |TAMS 0x0000000706600000| PB 0x0000000706600000| Untracked 
|   6|0x0000000706800000, 0x00000007069fa0b0, 0x0000000706a00000| 98%| O|  |TAMS 0x0000000706800000| PB 0x0000000706800000| Untracked 
|   7|0x0000000706a00000, 0x0000000706bfe6a0, 0x0000000706c00000| 99%| O|  |TAMS 0x0000000706a00000| PB 0x0000000706a00000| Untracked 
|   8|0x0000000706c00000, 0x0000000706dffff8, 0x0000000706e00000| 99%| O|  |TAMS 0x0000000706c00000| PB 0x0000000706c00000| Untracked 
|   9|0x0000000706e00000, 0x0000000707000000, 0x0000000707000000|100%| O|  |TAMS 0x0000000706e00000| PB 0x0000000706e00000| Untracked 
|  10|0x0000000707000000, 0x0000000707200000, 0x0000000707200000|100%| O|  |TAMS 0x0000000707000000| PB 0x0000000707000000| Untracked 
|  11|0x0000000707200000, 0x00000007073fffe8, 0x0000000707400000| 99%| O|  |TAMS 0x0000000707200000| PB 0x0000000707200000| Untracked 
|  12|0x0000000707400000, 0x00000007075fffe0, 0x0000000707600000| 99%| O|  |TAMS 0x0000000707400000| PB 0x0000000707400000| Untracked 
|  13|0x0000000707600000, 0x000000070779da18, 0x0000000707800000| 80%| O|  |TAMS 0x0000000707600000| PB 0x0000000707600000| Untracked 
|  14|0x0000000707800000, 0x00000007079fffd8, 0x0000000707a00000| 99%| O|  |TAMS 0x0000000707800000| PB 0x0000000707800000| Untracked 
|  15|0x0000000707a00000, 0x0000000707bfe168, 0x0000000707c00000| 99%| O|  |TAMS 0x0000000707a00000| PB 0x0000000707a00000| Untracked 
|  16|0x0000000707c00000, 0x0000000707c15440, 0x0000000707e00000|  4%| O|  |TAMS 0x0000000707c00000| PB 0x0000000707c00000| Untracked 
|  17|0x0000000707e00000, 0x0000000708000000, 0x0000000708000000|100%| O|  |TAMS 0x0000000707e00000| PB 0x0000000707e00000| Untracked 
|  18|0x0000000708000000, 0x0000000708034fc0, 0x0000000708200000| 10%| O|  |TAMS 0x0000000708000000| PB 0x0000000708000000| Untracked 
|  19|0x0000000708200000, 0x0000000708327b10, 0x0000000708400000| 57%| O|  |TAMS 0x0000000708200000| PB 0x0000000708200000| Untracked 
|  20|0x0000000708400000, 0x00000007084ce200, 0x0000000708600000| 40%| S|CS|TAMS 0x0000000708400000| PB 0x0000000708400000| Complete 
|  21|0x0000000708600000, 0x0000000708600000, 0x0000000708800000|  0%| F|  |TAMS 0x0000000708600000| PB 0x0000000708600000| Untracked 
|  22|0x0000000708800000, 0x0000000708800000, 0x0000000708a00000|  0%| F|  |TAMS 0x0000000708800000| PB 0x0000000708800000| Untracked 
|  23|0x0000000708a00000, 0x0000000708c00000, 0x0000000708c00000|100%| S|CS|TAMS 0x0000000708a00000| PB 0x0000000708a00000| Complete 
|  24|0x0000000708c00000, 0x0000000708c00000, 0x0000000708e00000|  0%| F|  |TAMS 0x0000000708c00000| PB 0x0000000708c00000| Untracked 
|  25|0x0000000708e00000, 0x0000000708e00000, 0x0000000709000000|  0%| F|  |TAMS 0x0000000708e00000| PB 0x0000000708e00000| Untracked 
|  26|0x0000000709000000, 0x0000000709000000, 0x0000000709200000|  0%| F|  |TAMS 0x0000000709000000| PB 0x0000000709000000| Untracked 
|  27|0x0000000709200000, 0x0000000709200000, 0x0000000709400000|  0%| F|  |TAMS 0x0000000709200000| PB 0x0000000709200000| Untracked 
|  28|0x0000000709400000, 0x0000000709400000, 0x0000000709600000|  0%| F|  |TAMS 0x0000000709400000| PB 0x0000000709400000| Untracked 
|  29|0x0000000709600000, 0x0000000709600000, 0x0000000709800000|  0%| F|  |TAMS 0x0000000709600000| PB 0x0000000709600000| Untracked 
|  30|0x0000000709800000, 0x0000000709800000, 0x0000000709a00000|  0%| F|  |TAMS 0x0000000709800000| PB 0x0000000709800000| Untracked 
|  31|0x0000000709a00000, 0x0000000709a00000, 0x0000000709c00000|  0%| F|  |TAMS 0x0000000709a00000| PB 0x0000000709a00000| Untracked 
|  32|0x0000000709c00000, 0x0000000709c00000, 0x0000000709e00000|  0%| F|  |TAMS 0x0000000709c00000| PB 0x0000000709c00000| Untracked 
|  33|0x0000000709e00000, 0x0000000709e00000, 0x000000070a000000|  0%| F|  |TAMS 0x0000000709e00000| PB 0x0000000709e00000| Untracked 
|  34|0x000000070a000000, 0x000000070a000000, 0x000000070a200000|  0%| F|  |TAMS 0x000000070a000000| PB 0x000000070a000000| Untracked 
|  35|0x000000070a200000, 0x000000070a200000, 0x000000070a400000|  0%| F|  |TAMS 0x000000070a200000| PB 0x000000070a200000| Untracked 
|  36|0x000000070a400000, 0x000000070a46df30, 0x000000070a600000| 21%| E|  |TAMS 0x000000070a400000| PB 0x000000070a400000| Complete 
|  97|0x0000000711e00000, 0x0000000712000000, 0x0000000712000000|100%| E|CS|TAMS 0x0000000711e00000| PB 0x0000000711e00000| Complete 
|  98|0x0000000712000000, 0x0000000712200000, 0x0000000712200000|100%| E|CS|TAMS 0x0000000712000000| PB 0x0000000712000000| Complete 
|  99|0x0000000712200000, 0x0000000712400000, 0x0000000712400000|100%| E|CS|TAMS 0x0000000712200000| PB 0x0000000712200000| Complete 
| 100|0x0000000712400000, 0x0000000712600000, 0x0000000712600000|100%| E|CS|TAMS 0x0000000712400000| PB 0x0000000712400000| Complete 
| 125|0x0000000715600000, 0x0000000715800000, 0x0000000715800000|100%| E|CS|TAMS 0x0000000715600000| PB 0x0000000715600000| Complete 

Card table byte_map: [0x000001fa66bd0000,0x000001fa673b0000] _byte_map_base: 0x000001fa633a2000

Marking Bits: (CMBitMap*) 0x000001fa539e02b0
 Bits: [0x000001fa673b0000, 0x000001fa6b240000)

Polling page: 0x000001fa519f0000

Metaspace:

Usage:
  Non-class:     76.74 MB used.
      Class:     11.21 MB used.
       Both:     87.95 MB used.

Virtual space:
  Non-class space:      128.00 MB reserved,      77.31 MB ( 60%) committed,  2 nodes.
      Class space:        1.00 GB reserved,      11.69 MB (  1%) committed,  1 nodes.
             Both:        1.12 GB reserved,      89.00 MB (  8%) committed. 

Chunk freelists:
   Non-Class:  2.17 MB
       Class:  4.32 MB
        Both:  6.49 MB

MaxMetaspaceSize: unlimited
CompressedClassSpaceSize: 1.00 GB
Initial GC threshold: 21.00 MB
Current GC threshold: 147.19 MB
CDS: on
 - commit_granule_bytes: 65536.
 - commit_granule_words: 8192.
 - virtual_space_node_default_size: 8388608.
 - enlarge_chunks_in_place: 1.
 - use_allocation_guard: 0.


Internal statistics:

num_allocs_failed_limit: 9.
num_arena_births: 1476.
num_arena_deaths: 52.
num_vsnodes_births: 3.
num_vsnodes_deaths: 0.
num_space_committed: 1423.
num_space_uncommitted: 0.
num_chunks_returned_to_freelist: 80.
num_chunks_taken_from_freelist: 5236.
num_chunk_merges: 25.
num_chunk_splits: 3502.
num_chunks_enlarged: 2524.
num_inconsistent_stats: 0.

CodeHeap 'non-profiled nmethods': size=119168Kb used=8067Kb max_used=8252Kb free=111100Kb
 bounds [0x000001fa5e700000, 0x000001fa5ef50000, 0x000001fa65b60000]
CodeHeap 'profiled nmethods': size=119104Kb used=19671Kb max_used=26114Kb free=99432Kb
 bounds [0x000001fa56b60000, 0x000001fa58510000, 0x000001fa5dfb0000]
CodeHeap 'non-nmethods': size=7488Kb used=1630Kb max_used=3384Kb free=5857Kb
 bounds [0x000001fa5dfb0000, 0x000001fa5e310000, 0x000001fa5e700000]
CodeCache: size=245760Kb, used=29368Kb, max_used=37750Kb, free=216389Kb
 total_blobs=10009, nmethods=9242, adapters=670, full_count=0
Compilation: enabled, stopped_count=0, restarted_count=0

Compilation events (20 events):
Event: 1359.196 Thread 0x000001fa6e24c9c0 18020       4       com.mysql.cj.jdbc.ConnectionImpl::getProxy (16 bytes)
Event: 1359.196 Thread 0x000001fa6e24c9c0 nmethod 18020 0x000001fa5ebac910 code [0x000001fa5ebacaa0, 0x000001fa5ebacb50]
Event: 1359.243 Thread 0x000001fa73916dd0 18021       3       java.util.Properties::entrySet (19 bytes)
Event: 1359.243 Thread 0x000001fa73914bc0 18022       3       java.util.Properties$EntrySet::<init> (10 bytes)
Event: 1359.243 Thread 0x000001fa6e262f50 18023       3       java.util.Properties$EntrySet::iterator (10 bytes)
Event: 1359.243 Thread 0x000001fa73914bc0 nmethod 18022 0x000001fa56ee7f90 code [0x000001fa56ee8140, 0x000001fa56ee8300]
Event: 1359.243 Thread 0x000001fa6e262f50 nmethod 18023 0x000001fa575b2810 code [0x000001fa575b29c0, 0x000001fa575b2ba0]
Event: 1359.243 Thread 0x000001fa73916dd0 nmethod 18021 0x000001fa57c5b690 code [0x000001fa57c5b8a0, 0x000001fa57c5bf88]
Event: 1367.653 Thread 0x000001fa6e24c9c0 18024       4       org.springframework.beans.factory.support.DefaultSingletonBeanRegistry::getSingleton (7 bytes)
Event: 1367.653 Thread 0x000001fa6e24c9c0 nmethod 18024 0x000001fa5ebe0b10 code [0x000001fa5ebe0ca0, 0x000001fa5ebe0d58]
Event: 1367.658 Thread 0x000001fa6e262f50 18025       3       java.util.ArrayList$ListItr::previous (59 bytes)
Event: 1367.658 Thread 0x000001fa6e262f50 nmethod 18025 0x000001fa57399f90 code [0x000001fa5739a180, 0x000001fa5739a650]
Event: 1367.658 Thread 0x000001fa6e262f50 18026  s!   3       org.hibernate.service.internal.AbstractServiceRegistryImpl::stopService (39 bytes)
Event: 1367.658 Thread 0x000001fa6e262f50 nmethod 18026 0x000001fa575bcb10 code [0x000001fa575bcd00, 0x000001fa575bd2c0]
Event: 1367.661 Thread 0x000001fa6e24c9c0 18027       4       java.io.ObjectOutputStream$HandleTable::lookup (56 bytes)
Event: 1367.661 Thread 0x000001fa6e262f50 18028       1       org.apache.catalina.session.StandardSession::getIdInternal (5 bytes)
Event: 1367.662 Thread 0x000001fa6e262f50 nmethod 18028 0x000001fa5ebe1410 code [0x000001fa5ebe15a0, 0x000001fa5ebe1670]
Event: 1367.662 Thread 0x000001fa6e24c9c0 nmethod 18027 0x000001fa5ec65990 code [0x000001fa5ec65b40, 0x000001fa5ec65d80]
Event: 1367.662 Thread 0x000001fa6e262f50 18029       3       org.apache.tomcat.util.modeler.NoDescriptorRegistry::unregisterComponent (1 bytes)
Event: 1367.663 Thread 0x000001fa6e262f50 nmethod 18029 0x000001fa56d69e90 code [0x000001fa56d6a020, 0x000001fa56d6a128]

GC Heap History (20 events):
Event: 1303.503 GC heap after
{Heap after GC invocations=36 (full 5):
 garbage-first heap   total 86016K, used 37723K [0x0000000705c00000, 0x0000000800000000)
  region size 2048K, 2 young (4096K), 2 survivors (4096K)
 Metaspace       used 87974K, committed 89024K, reserved 1179648K
  class space    used 11325K, committed 11776K, reserved 1048576K
}
Event: 1308.009 GC heap before
{Heap before GC invocations=36 (full 5):
 garbage-first heap   total 86016K, used 47963K [0x0000000705c00000, 0x0000000800000000)
  region size 2048K, 8 young (16384K), 2 survivors (4096K)
 Metaspace       used 88015K, committed 89024K, reserved 1179648K
  class space    used 11328K, committed 11776K, reserved 1048576K
}
Event: 1308.036 GC heap after
{Heap after GC invocations=37 (full 6):
 garbage-first heap   total 86016K, used 31923K [0x0000000705c00000, 0x0000000800000000)
  region size 2048K, 0 young (0K), 0 survivors (0K)
 Metaspace       used 88012K, committed 89024K, reserved 1179648K
  class space    used 11327K, committed 11776K, reserved 1048576K
}
Event: 1308.209 GC heap before
{Heap before GC invocations=37 (full 6):
 garbage-first heap   total 86016K, used 68787K [0x0000000705c00000, 0x0000000800000000)
  region size 2048K, 19 young (38912K), 0 survivors (0K)
 Metaspace       used 88194K, committed 89280K, reserved 1179648K
  class space    used 11342K, committed 11840K, reserved 1048576K
}
Event: 1308.210 GC heap after
{Heap after GC invocations=38 (full 6):
 garbage-first heap   total 86016K, used 35656K [0x0000000705c00000, 0x0000000800000000)
  region size 2048K, 2 young (4096K), 2 survivors (4096K)
 Metaspace       used 88194K, committed 89280K, reserved 1179648K
  class space    used 11342K, committed 11840K, reserved 1048576K
}
Event: 1308.443 GC heap before
{Heap before GC invocations=38 (full 6):
 garbage-first heap   total 86016K, used 72520K [0x0000000705c00000, 0x0000000800000000)
  region size 2048K, 20 young (40960K), 2 survivors (4096K)
 Metaspace       used 88676K, committed 89664K, reserved 1179648K
  class space    used 11374K, committed 11840K, reserved 1048576K
}
Event: 1308.445 GC heap after
{Heap after GC invocations=39 (full 6):
 garbage-first heap   total 86016K, used 38131K [0x0000000705c00000, 0x0000000800000000)
  region size 2048K, 2 young (4096K), 2 survivors (4096K)
 Metaspace       used 88676K, committed 89664K, reserved 1179648K
  class space    used 11374K, committed 11840K, reserved 1048576K
}
Event: 1322.065 GC heap before
{Heap before GC invocations=39 (full 6):
 garbage-first heap   total 86016K, used 48371K [0x0000000705c00000, 0x0000000800000000)
  region size 2048K, 8 young (16384K), 2 survivors (4096K)
 Metaspace       used 88697K, committed 89728K, reserved 1179648K
  class space    used 11374K, committed 11840K, reserved 1048576K
}
Event: 1322.094 GC heap after
{Heap after GC invocations=40 (full 7):
 garbage-first heap   total 86016K, used 32275K [0x0000000705c00000, 0x0000000800000000)
  region size 2048K, 0 young (0K), 0 survivors (0K)
 Metaspace       used 88694K, committed 89728K, reserved 1179648K
  class space    used 11374K, committed 11840K, reserved 1048576K
}
Event: 1322.251 GC heap before
{Heap before GC invocations=40 (full 7):
 garbage-first heap   total 86016K, used 67091K [0x0000000705c00000, 0x0000000800000000)
  region size 2048K, 18 young (36864K), 0 survivors (0K)
 Metaspace       used 88869K, committed 89856K, reserved 1179648K
  class space    used 11389K, committed 11840K, reserved 1048576K
}
Event: 1322.253 GC heap after
{Heap after GC invocations=41 (full 7):
 garbage-first heap   total 86016K, used 35807K [0x0000000705c00000, 0x0000000800000000)
  region size 2048K, 2 young (4096K), 2 survivors (4096K)
 Metaspace       used 88869K, committed 89856K, reserved 1179648K
  class space    used 11389K, committed 11840K, reserved 1048576K
}
Event: 1322.485 GC heap before
{Heap before GC invocations=42 (full 7):
 garbage-first heap   total 86016K, used 70623K [0x0000000705c00000, 0x0000000800000000)
  region size 2048K, 19 young (38912K), 2 survivors (4096K)
 Metaspace       used 89330K, committed 90368K, reserved 1179648K
  class space    used 11420K, committed 11904K, reserved 1048576K
}
Event: 1322.487 GC heap after
{Heap after GC invocations=43 (full 7):
 garbage-first heap   total 86016K, used 38271K [0x0000000705c00000, 0x0000000800000000)
  region size 2048K, 2 young (4096K), 2 survivors (4096K)
 Metaspace       used 89330K, committed 90368K, reserved 1179648K
  class space    used 11420K, committed 11904K, reserved 1048576K
}
Event: 1358.680 GC heap before
{Heap before GC invocations=43 (full 7):
 garbage-first heap   total 86016K, used 52607K [0x0000000705c00000, 0x0000000800000000)
  region size 2048K, 10 young (20480K), 2 survivors (4096K)
 Metaspace       used 89372K, committed 90432K, reserved 1179648K
  class space    used 11424K, committed 11904K, reserved 1048576K
}
Event: 1358.707 GC heap after
{Heap after GC invocations=44 (full 8):
 garbage-first heap   total 86016K, used 32632K [0x0000000705c00000, 0x0000000800000000)
  region size 2048K, 0 young (0K), 0 survivors (0K)
 Metaspace       used 89369K, committed 90432K, reserved 1179648K
  class space    used 11423K, committed 11904K, reserved 1048576K
}
Event: 1358.855 GC heap before
{Heap before GC invocations=44 (full 8):
 garbage-first heap   total 86016K, used 69496K [0x0000000705c00000, 0x0000000800000000)
  region size 2048K, 19 young (38912K), 0 survivors (0K)
 Metaspace       used 89555K, committed 90688K, reserved 1179648K
  class space    used 11440K, committed 11968K, reserved 1048576K
}
Event: 1358.856 GC heap after
{Heap after GC invocations=45 (full 8):
 garbage-first heap   total 86016K, used 36286K [0x0000000705c00000, 0x0000000800000000)
  region size 2048K, 2 young (4096K), 2 survivors (4096K)
 Metaspace       used 89555K, committed 90688K, reserved 1179648K
  class space    used 11440K, committed 11968K, reserved 1048576K
}
Event: 1359.058 GC heap before
{Heap before GC invocations=45 (full 8):
 garbage-first heap   total 86016K, used 71102K [0x0000000705c00000, 0x0000000800000000)
  region size 2048K, 20 young (40960K), 2 survivors (4096K)
 Metaspace       used 90042K, committed 91072K, reserved 1179648K
  class space    used 11474K, committed 11968K, reserved 1048576K
}
Event: 1359.060 GC heap after
{Heap after GC invocations=46 (full 8):
 garbage-first heap   total 86016K, used 38736K [0x0000000705c00000, 0x0000000800000000)
  region size 2048K, 2 young (4096K), 2 survivors (4096K)
 Metaspace       used 90042K, committed 91072K, reserved 1179648K
  class space    used 11474K, committed 11968K, reserved 1048576K
}
Event: 1367.663 GC heap before
{Heap before GC invocations=46 (full 8):
 garbage-first heap   total 86016K, used 48976K [0x0000000705c00000, 0x0000000800000000)
  region size 2048K, 8 young (16384K), 2 survivors (4096K)
 Metaspace       used 90057K, committed 91136K, reserved 1179648K
  class space    used 11474K, committed 11968K, reserved 1048576K
}

Dll operation events (11 events):
Event: 0.004 Loaded shared library C:\Users\Q530\.cursor\extensions\redhat.java-1.53.0-win32-x64\jre\21.0.10-win32-x86_64\bin\java.dll
Event: 0.017 Loaded shared library C:\Users\Q530\.cursor\extensions\redhat.java-1.53.0-win32-x64\jre\21.0.10-win32-x86_64\bin\zip.dll
Event: 0.044 Loaded shared library C:\Users\Q530\.cursor\extensions\redhat.java-1.53.0-win32-x64\jre\21.0.10-win32-x86_64\bin\net.dll
Event: 0.045 Loaded shared library C:\Users\Q530\.cursor\extensions\redhat.java-1.53.0-win32-x64\jre\21.0.10-win32-x86_64\bin\nio.dll
Event: 0.046 Loaded shared library C:\Users\Q530\.cursor\extensions\redhat.java-1.53.0-win32-x64\jre\21.0.10-win32-x86_64\bin\zip.dll
Event: 0.101 Loaded shared library C:\Users\Q530\.cursor\extensions\redhat.java-1.53.0-win32-x64\jre\21.0.10-win32-x86_64\bin\jimage.dll
Event: 0.235 Loaded shared library C:\Users\Q530\.cursor\extensions\redhat.java-1.53.0-win32-x64\jre\21.0.10-win32-x86_64\bin\management.dll
Event: 0.237 Loaded shared library C:\Users\Q530\.cursor\extensions\redhat.java-1.53.0-win32-x64\jre\21.0.10-win32-x86_64\bin\management_ext.dll
Event: 0.953 Loaded shared library C:\Users\Q530\.cursor\extensions\redhat.java-1.53.0-win32-x64\jre\21.0.10-win32-x86_64\bin\sunmscapi.dll
Event: 2.522 Loaded shared library C:\Users\Q530\.cursor\extensions\redhat.java-1.53.0-win32-x64\jre\21.0.10-win32-x86_64\bin\verify.dll
Event: 2.726 Loaded shared library C:\Users\Q530\.cursor\extensions\redhat.java-1.53.0-win32-x64\jre\21.0.10-win32-x86_64\bin\extnet.dll

Deoptimization events (20 events):
Event: 1358.889 Thread 0x000001fa7963be80 Uncommon trap: trap_request=0xfffffff4 fr.pc=0x000001fa5edfb1b4 relative=0x0000000000000674
Event: 1358.889 Thread 0x000001fa7963be80 Uncommon trap: reason=null_check action=make_not_entrant pc=0x000001fa5edfb1b4 method=net.bytebuddy.description.annotation.AnnotationDescription$ForLoadedAnnotation.asValue(Ljava/lang/Object;Ljava/lang/Class;)Lnet/bytebuddy/description/annotation/Annotati
Event: 1358.889 Thread 0x000001fa7963be80 DEOPT PACKING pc=0x000001fa5edfb1b4 sp=0x000000b6236fc500
Event: 1358.889 Thread 0x000001fa7963be80 DEOPT UNPACKING pc=0x000001fa5e004422 sp=0x000000b6236fc480 mode 2
Event: 1359.043 Thread 0x000001fa7963be80 Uncommon trap: trap_request=0xffffffd6 fr.pc=0x000001fa5ee8a570 relative=0x0000000000000af0
Event: 1359.043 Thread 0x000001fa7963be80 Uncommon trap: reason=array_check action=maybe_recompile pc=0x000001fa5ee8a570 method=sun.reflect.annotation.AnnotationParser.parseArrayElements([Ljava/lang/Object;Ljava/nio/ByteBuffer;ILjava/util/function/Supplier;)Ljava/lang/Object; @ 65 c2
Event: 1359.043 Thread 0x000001fa7963be80 DEOPT PACKING pc=0x000001fa5ee8a570 sp=0x000000b6236fafe0
Event: 1359.043 Thread 0x000001fa7963be80 DEOPT UNPACKING pc=0x000001fa5e004422 sp=0x000000b6236faf98 mode 2
Event: 1359.043 Thread 0x000001fa7963be80 Uncommon trap: trap_request=0xffffffd6 fr.pc=0x000001fa5ee8a570 relative=0x0000000000000af0
Event: 1359.043 Thread 0x000001fa7963be80 Uncommon trap: reason=array_check action=maybe_recompile pc=0x000001fa5ee8a570 method=sun.reflect.annotation.AnnotationParser.parseArrayElements([Ljava/lang/Object;Ljava/nio/ByteBuffer;ILjava/util/function/Supplier;)Ljava/lang/Object; @ 65 c2
Event: 1359.043 Thread 0x000001fa7963be80 DEOPT PACKING pc=0x000001fa5ee8a570 sp=0x000000b6236fafe0
Event: 1359.043 Thread 0x000001fa7963be80 DEOPT UNPACKING pc=0x000001fa5e004422 sp=0x000000b6236faf98 mode 2
Event: 1359.043 Thread 0x000001fa7963be80 Uncommon trap: trap_request=0xffffffd6 fr.pc=0x000001fa5ee8a570 relative=0x0000000000000af0
Event: 1359.043 Thread 0x000001fa7963be80 Uncommon trap: reason=array_check action=maybe_recompile pc=0x000001fa5ee8a570 method=sun.reflect.annotation.AnnotationParser.parseArrayElements([Ljava/lang/Object;Ljava/nio/ByteBuffer;ILjava/util/function/Supplier;)Ljava/lang/Object; @ 65 c2
Event: 1359.043 Thread 0x000001fa7963be80 DEOPT PACKING pc=0x000001fa5ee8a570 sp=0x000000b6236fafe0
Event: 1359.043 Thread 0x000001fa7963be80 DEOPT UNPACKING pc=0x000001fa5e004422 sp=0x000000b6236faf98 mode 2
Event: 1359.043 Thread 0x000001fa7963be80 Uncommon trap: trap_request=0xffffffd6 fr.pc=0x000001fa5ee8a570 relative=0x0000000000000af0
Event: 1359.043 Thread 0x000001fa7963be80 Uncommon trap: reason=array_check action=maybe_recompile pc=0x000001fa5ee8a570 method=sun.reflect.annotation.AnnotationParser.parseArrayElements([Ljava/lang/Object;Ljava/nio/ByteBuffer;ILjava/util/function/Supplier;)Ljava/lang/Object; @ 65 c2
Event: 1359.043 Thread 0x000001fa7963be80 DEOPT PACKING pc=0x000001fa5ee8a570 sp=0x000000b6236fafe0
Event: 1359.043 Thread 0x000001fa7963be80 DEOPT UNPACKING pc=0x000001fa5e004422 sp=0x000000b6236faf98 mode 2

Classes loaded (20 events):
Event: 562.198 Loading class java/lang/Throwable$WrappedPrintWriter
Event: 562.198 Loading class java/lang/Throwable$PrintStreamOrWriter
Event: 562.198 Loading class java/lang/Throwable$PrintStreamOrWriter done
Event: 562.198 Loading class java/lang/Throwable$WrappedPrintWriter done
Event: 562.220 Loading class java/util/stream/LongStream
Event: 562.220 Loading class java/util/stream/LongStream done
Event: 562.220 Loading class java/util/stream/DoubleStream
Event: 562.221 Loading class java/util/stream/DoubleStream done
Event: 1294.716 Loading class java/io/ObjectStreamClass$1
Event: 1294.716 Loading class java/io/ObjectStreamClass$1 done
Event: 1294.716 Loading class java/io/ObjectStreamClass$MemberSignature
Event: 1294.716 Loading class java/io/ObjectStreamClass$MemberSignature done
Event: 1294.716 Loading class java/io/ObjectStreamClass$3
Event: 1294.716 Loading class java/io/ObjectStreamClass$3 done
Event: 1294.716 Loading class java/io/ObjectStreamClass$4
Event: 1294.716 Loading class java/io/ObjectStreamClass$4 done
Event: 1294.716 Loading class java/io/ObjectStreamClass$5
Event: 1294.716 Loading class java/io/ObjectStreamClass$5 done
Event: 1295.233 Loading class java/util/HashMap$UnsafeHolder
Event: 1295.233 Loading class java/util/HashMap$UnsafeHolder done

Classes unloaded (20 events):
Event: 206.160 Thread 0x000001fa6d64a420 Unloading class 0x000001fa01ada400 'java/lang/invoke/LambdaForm$DMH+0x000001fa01ada400'
Event: 206.160 Thread 0x000001fa6d64a420 Unloading class 0x000001fa01ad9c00 'java/lang/invoke/LambdaForm$MH+0x000001fa01ad9c00'
Event: 206.160 Thread 0x000001fa6d64a420 Unloading class 0x000001fa01ad9400 'java/lang/invoke/LambdaForm$MH+0x000001fa01ad9400'
Event: 206.160 Thread 0x000001fa6d64a420 Unloading class 0x000001fa01ad9000 'java/lang/invoke/LambdaForm$MH+0x000001fa01ad9000'
Event: 206.160 Thread 0x000001fa6d64a420 Unloading class 0x000001fa01ad8800 'java/lang/invoke/LambdaForm$MH+0x000001fa01ad8800'
Event: 206.160 Thread 0x000001fa6d64a420 Unloading class 0x000001fa01ad8400 'java/lang/invoke/LambdaForm$MH+0x000001fa01ad8400'
Event: 206.160 Thread 0x000001fa6d64a420 Unloading class 0x000001fa01ad8000 'java/lang/invoke/LambdaForm$MH+0x000001fa01ad8000'
Event: 206.160 Thread 0x000001fa6d64a420 Unloading class 0x000001fa01ad7c00 'java/lang/invoke/LambdaForm$DMH+0x000001fa01ad7c00'
Event: 206.160 Thread 0x000001fa6d64a420 Unloading class 0x000001fa01ad7800 'java/lang/invoke/LambdaForm$DMH+0x000001fa01ad7800'
Event: 206.160 Thread 0x000001fa6d64a420 Unloading class 0x000001fa01ad7400 'java/lang/invoke/LambdaForm$DMH+0x000001fa01ad7400'
Event: 206.160 Thread 0x000001fa6d64a420 Unloading class 0x000001fa01ad6400 'java/lang/invoke/LambdaForm$MH+0x000001fa01ad6400'
Event: 206.160 Thread 0x000001fa6d64a420 Unloading class 0x000001fa01ad6000 'java/lang/invoke/LambdaForm$MH+0x000001fa01ad6000'
Event: 206.160 Thread 0x000001fa6d64a420 Unloading class 0x000001fa01ad5c00 'java/lang/invoke/LambdaForm$MH+0x000001fa01ad5c00'
Event: 206.160 Thread 0x000001fa6d64a420 Unloading class 0x000001fa01ad5400 'java/lang/invoke/LambdaForm$MH+0x000001fa01ad5400'
Event: 878.617 Thread 0x000001fa6d64a420 Unloading class 0x000001fa01afc800 'org/apache/catalina/loader/JdbcLeakPrevention'
Event: 1298.032 Thread 0x000001fa6d64a420 Unloading class 0x000001fa01b49c00 'org/apache/catalina/loader/JdbcLeakPrevention'
Event: 1303.040 Thread 0x000001fa6d64a420 Unloading class 0x000001fa01b58c00 'org/apache/catalina/loader/JdbcLeakPrevention'
Event: 1308.016 Thread 0x000001fa6d64a420 Unloading class 0x000001fa01b6c800 'org/apache/catalina/loader/JdbcLeakPrevention'
Event: 1322.072 Thread 0x000001fa6d64a420 Unloading class 0x000001fa01b79800 'org/apache/catalina/loader/JdbcLeakPrevention'
Event: 1358.687 Thread 0x000001fa6d64a420 Unloading class 0x000001fa01b82400 'org/apache/catalina/loader/JdbcLeakPrevention'

Classes redefined (0 events):
No events

Internal exceptions (20 events):
Event: 1322.213 Thread 0x000001fa76ed2700 Exception <a 'java/lang/NoClassDefFoundError'{0x00000007094da318}: org/jooq/DSLContext> (0x00000007094da318) 
thrown [s\src\hotspot\share\oops\constantPool.cpp, line 873]
Event: 1322.214 Thread 0x000001fa76ed2700 Exception <a 'java/lang/NoClassDefFoundError'{0x000000070951c130}: org/springframework/batch/core/repository/JobRepository> (0x000000070951c130) 
thrown [s\src\hotspot\share\oops\constantPool.cpp, line 873]
Event: 1322.214 Thread 0x000001fa76ed2700 Exception <a 'java/lang/NoClassDefFoundError'{0x000000070951c788}: org/quartz/Scheduler> (0x000000070951c788) 
thrown [s\src\hotspot\share\oops\constantPool.cpp, line 873]
Event: 1322.214 Thread 0x000001fa76ed2700 Exception <a 'java/lang/NoClassDefFoundError'{0x000000070951ce08}: org/springframework/session/jdbc/JdbcIndexedSessionRepository> (0x000000070951ce08) 
thrown [s\src\hotspot\share\oops\constantPool.cpp, line 873]
Event: 1322.235 Thread 0x000001fa76ed2700 Exception <a 'java/io/FileNotFoundException'{0x0000000708fa42b8}> (0x0000000708fa42b8) 
thrown [s\src\hotspot\share\prims\jni.cpp, line 520]
Event: 1322.307 Thread 0x000001fa76ed2700 Implicit null exception at 0x000001fa5e9981ea to 0x000001fa5e998824
Event: 1322.314 Thread 0x000001fa76ed2700 Implicit null exception at 0x000001fa5ee9016a to 0x000001fa5ee907a4
Event: 1358.680 Thread 0x000001fa76ed19e0 Exception <a 'java/lang/InterruptedException'{0x000000070a1f8e08}: sleep interrupted> (0x000000070a1f8e08) 
thrown [s\src\hotspot\share\prims\jvm.cpp, line 3087]
Event: 1358.711 Thread 0x000001fa7963be80 Exception <a 'sun/nio/fs/WindowsException'{0x000000071565f438}> (0x000000071565f438) 
thrown [s\src\hotspot\share\prims\jni.cpp, line 520]
Event: 1358.824 Thread 0x000001fa7963be80 Exception <a 'java/lang/NoClassDefFoundError'{0x00000007094a00e8}: org/flywaydb/core/Flyway> (0x00000007094a00e8) 
thrown [s\src\hotspot\share\oops\constantPool.cpp, line 873]
Event: 1358.824 Thread 0x000001fa7963be80 Exception <a 'java/lang/NoClassDefFoundError'{0x00000007094a0748}: liquibase/integration/spring/SpringLiquibase> (0x00000007094a0748) 
thrown [s\src\hotspot\share\oops\constantPool.cpp, line 873]
Event: 1358.824 Thread 0x000001fa7963be80 Exception <a 'java/lang/NoClassDefFoundError'{0x00000007094c1a80}: org/jooq/DSLContext> (0x00000007094c1a80) 
thrown [s\src\hotspot\share\oops\constantPool.cpp, line 873]
Event: 1358.825 Thread 0x000001fa7963be80 Exception <a 'java/lang/NoClassDefFoundError'{0x00000007095035c8}: org/springframework/batch/core/repository/JobRepository> (0x00000007095035c8) 
thrown [s\src\hotspot\share\oops\constantPool.cpp, line 873]
Event: 1358.825 Thread 0x000001fa7963be80 Exception <a 'java/lang/NoClassDefFoundError'{0x0000000709503c20}: org/quartz/Scheduler> (0x0000000709503c20) 
thrown [s\src\hotspot\share\oops\constantPool.cpp, line 873]
Event: 1358.825 Thread 0x000001fa7963be80 Exception <a 'java/lang/NoClassDefFoundError'{0x00000007095042a0}: org/springframework/session/jdbc/JdbcIndexedSessionRepository> (0x00000007095042a0) 
thrown [s\src\hotspot\share\oops\constantPool.cpp, line 873]
Event: 1358.840 Thread 0x000001fa7963be80 Exception <a 'java/io/FileNotFoundException'{0x0000000708f8a668}> (0x0000000708f8a668) 
thrown [s\src\hotspot\share\prims\jni.cpp, line 520]
Event: 1358.865 Thread 0x000001fa7963be80 Implicit null exception at 0x000001fa5ee45a6a to 0x000001fa5ee460a4
Event: 1358.880 Thread 0x000001fa7963be80 Implicit null exception at 0x000001fa5e78fe6a to 0x000001fa5e7904a4
Event: 1358.889 Thread 0x000001fa7963be80 Implicit null exception at 0x000001fa5edfab6a to 0x000001fa5edfb1a4
Event: 1367.663 Thread 0x000001fa7963cba0 Exception <a 'java/lang/InterruptedException'{0x000000070a449190}: sleep interrupted> (0x000000070a449190) 
thrown [s\src\hotspot\share\prims\jvm.cpp, line 3087]

ZGC Phase Switch (0 events):
No events

VM Operations (20 events):
Event: 1323.076 Executing non-safepoint VM operation: RendezvousGCThreads done
Event: 1324.088 Executing safepoint VM operation: Cleanup
Event: 1324.088 Executing safepoint VM operation: Cleanup done
Event: 1333.155 Executing safepoint VM operation: Cleanup
Event: 1333.155 Executing safepoint VM operation: Cleanup done
Event: 1338.181 Executing safepoint VM operation: Cleanup
Event: 1338.181 Executing safepoint VM operation: Cleanup done
Event: 1339.190 Executing safepoint VM operation: Cleanup
Event: 1339.190 Executing safepoint VM operation: Cleanup done
Event: 1343.228 Executing safepoint VM operation: Cleanup
Event: 1343.228 Executing safepoint VM operation: Cleanup done
Event: 1358.680 Executing safepoint VM operation: G1CollectFull (System.gc())
Event: 1358.707 Executing safepoint VM operation: G1CollectFull (System.gc()) done
Event: 1358.855 Executing safepoint VM operation: G1CollectForAllocation (G1 Evacuation Pause)
Event: 1358.856 Executing safepoint VM operation: G1CollectForAllocation (G1 Evacuation Pause) done
Event: 1359.058 Executing safepoint VM operation: G1CollectForAllocation (G1 Evacuation Pause)
Event: 1359.060 Executing safepoint VM operation: G1CollectForAllocation (G1 Evacuation Pause) done
Event: 1360.063 Executing safepoint VM operation: Cleanup
Event: 1360.064 Executing safepoint VM operation: Cleanup done
Event: 1367.663 Executing safepoint VM operation: G1CollectFull (System.gc())

Memory protections (0 events):
No events

Nmethod flushes (20 events):
Event: 1358.694 Thread 0x000001fa6d64a420 flushing  nmethod 0x000001fa576c7690
Event: 1358.694 Thread 0x000001fa6d64a420 flushing  nmethod 0x000001fa576c7b10
Event: 1358.694 Thread 0x000001fa6d64a420 flushing  nmethod 0x000001fa57784910
Event: 1358.694 Thread 0x000001fa6d64a420 flushing  nmethod 0x000001fa577fa490
Event: 1358.694 Thread 0x000001fa6d64a420 flushing  nmethod 0x000001fa578eb610
Event: 1358.694 Thread 0x000001fa6d64a420 flushing  nmethod 0x000001fa578f9010
Event: 1358.694 Thread 0x000001fa6d64a420 flushing  nmethod 0x000001fa579c2e10
Event: 1358.694 Thread 0x000001fa6d64a420 flushing  nmethod 0x000001fa57a1f690
Event: 1358.694 Thread 0x000001fa6d64a420 flushing  nmethod 0x000001fa57a24a90
Event: 1358.694 Thread 0x000001fa6d64a420 flushing  nmethod 0x000001fa57ae5310
Event: 1358.694 Thread 0x000001fa6d64a420 flushing  nmethod 0x000001fa57c7d310
Event: 1358.694 Thread 0x000001fa6d64a420 flushing  nmethod 0x000001fa57ca5b10
Event: 1358.694 Thread 0x000001fa6d64a420 flushing  nmethod 0x000001fa57ca6f10
Event: 1358.694 Thread 0x000001fa6d64a420 flushing  nmethod 0x000001fa57cd2710
Event: 1358.694 Thread 0x000001fa6d64a420 flushing  nmethod 0x000001fa57cd3f90
Event: 1358.694 Thread 0x000001fa6d64a420 flushing  nmethod 0x000001fa57d00d10
Event: 1358.694 Thread 0x000001fa6d64a420 flushing  nmethod 0x000001fa57d7d910
Event: 1358.694 Thread 0x000001fa6d64a420 flushing  nmethod 0x000001fa57ebc110
Event: 1358.694 Thread 0x000001fa6d64a420 flushing  nmethod 0x000001fa58083310
Event: 1358.694 Thread 0x000001fa6d64a420 flushing  nmethod 0x000001fa5828f490

Events (20 events):
Event: 1367.654 Thread 0x000001fa76ed2700 Thread added: 0x000001fa76ed19e0
Event: 1367.657 Thread 0x000001fa76ed1350 Thread exited: 0x000001fa76ed1350
Event: 1367.657 Thread 0x000001fa76ed19e0 Thread exited: 0x000001fa76ed19e0
Event: 1367.657 Thread 0x000001fa76ecffa0 Thread exited: 0x000001fa76ecffa0
Event: 1367.657 Thread 0x000001fa79640d40 Thread exited: 0x000001fa79640d40
Event: 1367.657 Thread 0x000001fa7963ec70 Thread exited: 0x000001fa7963ec70
Event: 1367.657 Thread 0x000001fa796413d0 Thread exited: 0x000001fa796413d0
Event: 1367.657 Thread 0x000001fa76ed2d90 Thread exited: 0x000001fa76ed2d90
Event: 1367.657 Thread 0x000001fa76ecf280 Thread exited: 0x000001fa76ecf280
Event: 1367.657 Thread 0x000001fa7963f990 Thread exited: 0x000001fa7963f990
Event: 1367.657 Thread 0x000001fa7963f300 Thread exited: 0x000001fa7963f300
Event: 1367.657 Thread 0x000001fa79640020 Thread exited: 0x000001fa79640020
Event: 1367.657 Thread 0x000001fa76ed3420 Thread exited: 0x000001fa76ed3420
Event: 1367.657 Thread 0x000001fa796406b0 Thread exited: 0x000001fa796406b0
Event: 1367.658 Thread 0x000001fa76ed2700 Thread added: 0x000001fa76ed1350
Event: 1367.658 Thread 0x000001fa7963aad0 Thread exited: 0x000001fa7963aad0
Event: 1367.659 Thread 0x000001fa76ed1350 Thread exited: 0x000001fa76ed1350
Event: 1367.663 Thread 0x000001fa7963d230 Thread exited: 0x000001fa7963d230
Event: 1367.663 Thread 0x000001fa7963b7f0 Thread exited: 0x000001fa7963b7f0
Event: 1367.663 Thread 0x000001fa7963cba0 Thread exited: 0x000001fa7963cba0


Dynamic libraries:
0x00007ff6c3950000 - 0x00007ff6c395e000 	C:\Users\Q530\.cursor\extensions\redhat.java-1.53.0-win32-x64\jre\21.0.10-win32-x86_64\bin\java.exe
0x00007ffdb46e0000 - 0x00007ffdb4947000 	C:\WINDOWS\SYSTEM32\ntdll.dll
0x00007ffdb3a10000 - 0x00007ffdb3ad9000 	C:\WINDOWS\System32\KERNEL32.DLL
0x00007ffdb13c0000 - 0x00007ffdb17b1000 	C:\WINDOWS\System32\KERNELBASE.dll
0x00007ffdb0fc0000 - 0x00007ffdb110b000 	C:\WINDOWS\System32\ucrtbase.dll
0x00007ffdab340000 - 0x00007ffdab35e000 	C:\Users\Q530\.cursor\extensions\redhat.java-1.53.0-win32-x64\jre\21.0.10-win32-x86_64\bin\VCRUNTIME140.dll
0x00007ffda1df0000 - 0x00007ffda1e08000 	C:\Users\Q530\.cursor\extensions\redhat.java-1.53.0-win32-x64\jre\21.0.10-win32-x86_64\bin\jli.dll
0x00007ffdb3230000 - 0x00007ffdb33f5000 	C:\WINDOWS\System32\USER32.dll
0x00007ffd96be0000 - 0x00007ffd96e73000 	C:\WINDOWS\WinSxS\amd64_microsoft.windows.common-controls_6595b64144ccf1df_6.0.26100.8037_none_3e092faae333b53b\COMCTL32.dll
0x00007ffdb11a0000 - 0x00007ffdb11c7000 	C:\WINDOWS\System32\win32u.dll
0x00007ffdb2a10000 - 0x00007ffdb2ab9000 	C:\WINDOWS\System32\msvcrt.dll
0x00007ffdb4070000 - 0x00007ffdb409b000 	C:\WINDOWS\System32\GDI32.dll
0x00007ffdb11d0000 - 0x00007ffdb12fb000 	C:\WINDOWS\System32\gdi32full.dll
0x00007ffdb23d0000 - 0x00007ffdb2473000 	C:\WINDOWS\System32\msvcp_win.dll
0x00007ffdb40a0000 - 0x00007ffdb40d1000 	C:\WINDOWS\System32\IMM32.DLL
0x00007ffda8740000 - 0x00007ffda874c000 	C:\Users\Q530\.cursor\extensions\redhat.java-1.53.0-win32-x64\jre\21.0.10-win32-x86_64\bin\vcruntime140_1.dll
0x00007ffd8a440000 - 0x00007ffd8a4cd000 	C:\Users\Q530\.cursor\extensions\redhat.java-1.53.0-win32-x64\jre\21.0.10-win32-x86_64\bin\msvcp140.dll
0x00007ffcea9f0000 - 0x00007ffceb791000 	C:\Users\Q530\.cursor\extensions\redhat.java-1.53.0-win32-x64\jre\21.0.10-win32-x86_64\bin\server\jvm.dll
0x00007ffdb44d0000 - 0x00007ffdb458b000 	C:\WINDOWS\System32\ADVAPI32.dll
0x00007ffdb25d0000 - 0x00007ffdb2677000 	C:\WINDOWS\System32\sechost.dll
0x00007ffdb3460000 - 0x00007ffdb3578000 	C:\WINDOWS\System32\RPCRT4.dll
0x00007ffdb2500000 - 0x00007ffdb2574000 	C:\WINDOWS\System32\WS2_32.dll
0x00007ffdb06c0000 - 0x00007ffdb071e000 	C:\WINDOWS\SYSTEM32\POWRPROF.dll
0x00007ffda7380000 - 0x00007ffda738b000 	C:\WINDOWS\SYSTEM32\VERSION.dll
0x00007ffda80c0000 - 0x00007ffda80f5000 	C:\WINDOWS\SYSTEM32\WINMM.dll
0x00007ffdb0630000 - 0x00007ffdb0644000 	C:\WINDOWS\SYSTEM32\UMPDC.dll
0x00007ffdafd50000 - 0x00007ffdafd6b000 	C:\WINDOWS\SYSTEM32\kernel.appcore.dll
0x00007ffda8670000 - 0x00007ffda867a000 	C:\Users\Q530\.cursor\extensions\redhat.java-1.53.0-win32-x64\jre\21.0.10-win32-x86_64\bin\jimage.dll
0x00007ffdae640000 - 0x00007ffdae882000 	C:\WINDOWS\SYSTEM32\DBGHELP.DLL
0x00007ffdb2680000 - 0x00007ffdb2a02000 	C:\WINDOWS\System32\combase.dll
0x00007ffdb4330000 - 0x00007ffdb4407000 	C:\WINDOWS\System32\OLEAUT32.dll
0x00007ffd95780000 - 0x00007ffd957bb000 	C:\WINDOWS\SYSTEM32\dbgcore.DLL
0x00007ffdb1940000 - 0x00007ffdb19e5000 	C:\WINDOWS\System32\bcryptPrimitives.dll
0x00007ffda0de0000 - 0x00007ffda0e00000 	C:\Users\Q530\.cursor\extensions\redhat.java-1.53.0-win32-x64\jre\21.0.10-win32-x86_64\bin\java.dll
0x00007ffdb2ac0000 - 0x00007ffdb321f000 	C:\WINDOWS\System32\SHELL32.dll
0x00007ffdb2260000 - 0x00007ffdb23ca000 	C:\WINDOWS\System32\wintypes.dll
0x00007ffdb19f0000 - 0x00007ffdb2254000 	C:\WINDOWS\System32\windows.storage.dll
0x00007ffdb4590000 - 0x00007ffdb4687000 	C:\WINDOWS\System32\SHCORE.dll
0x00007ffdb40e0000 - 0x00007ffdb4147000 	C:\WINDOWS\System32\shlwapi.dll
0x00007ffdb0ee0000 - 0x00007ffdb0f09000 	C:\WINDOWS\SYSTEM32\profapi.dll
0x00007ffda0ce0000 - 0x00007ffda0cf8000 	C:\Users\Q530\.cursor\extensions\redhat.java-1.53.0-win32-x64\jre\21.0.10-win32-x86_64\bin\zip.dll
0x00007ffda2ae0000 - 0x00007ffda2af0000 	C:\Users\Q530\.cursor\extensions\redhat.java-1.53.0-win32-x64\jre\21.0.10-win32-x86_64\bin\net.dll
0x00007ffdab900000 - 0x00007ffdaba27000 	C:\WINDOWS\SYSTEM32\WINHTTP.dll
0x00007ffdb0330000 - 0x00007ffdb039b000 	C:\WINDOWS\system32\mswsock.dll
0x00007ffd915a0000 - 0x00007ffd915b6000 	C:\Users\Q530\.cursor\extensions\redhat.java-1.53.0-win32-x64\jre\21.0.10-win32-x86_64\bin\nio.dll
0x00007ffdab310000 - 0x00007ffdab31a000 	C:\Users\Q530\.cursor\extensions\redhat.java-1.53.0-win32-x64\jre\21.0.10-win32-x86_64\bin\management.dll
0x00007ffdab300000 - 0x00007ffdab30c000 	C:\Users\Q530\.cursor\extensions\redhat.java-1.53.0-win32-x64\jre\21.0.10-win32-x86_64\bin\management_ext.dll
0x00007ffdb3b20000 - 0x00007ffdb3b28000 	C:\WINDOWS\System32\PSAPI.DLL
0x00007ffdaa990000 - 0x00007ffdaa99e000 	C:\Users\Q530\.cursor\extensions\redhat.java-1.53.0-win32-x64\jre\21.0.10-win32-x86_64\bin\sunmscapi.dll
0x00007ffdb17c0000 - 0x00007ffdb1937000 	C:\WINDOWS\System32\CRYPT32.dll
0x00007ffdb08e0000 - 0x00007ffdb0910000 	C:\WINDOWS\SYSTEM32\ncrypt.dll
0x00007ffdb0890000 - 0x00007ffdb08cf000 	C:\WINDOWS\SYSTEM32\NTASN1.dll
0x00007ffdb0650000 - 0x00007ffdb066b000 	C:\WINDOWS\SYSTEM32\CRYPTSP.dll
0x00007ffdafcb0000 - 0x00007ffdafce9000 	C:\WINDOWS\system32\rsaenh.dll
0x00007ffdb03e0000 - 0x00007ffdb0412000 	C:\WINDOWS\SYSTEM32\USERENV.dll
0x00007ffdb0eb0000 - 0x00007ffdb0eda000 	C:\WINDOWS\SYSTEM32\bcrypt.dll
0x00007ffdb0670000 - 0x00007ffdb067c000 	C:\WINDOWS\SYSTEM32\CRYPTBASE.dll
0x00007ffdaf7d0000 - 0x00007ffdaf803000 	C:\WINDOWS\SYSTEM32\IPHLPAPI.DLL
0x00007ffdb3b10000 - 0x00007ffdb3b1a000 	C:\WINDOWS\System32\NSI.dll
0x00007ffda1b30000 - 0x00007ffda1b40000 	C:\Users\Q530\.cursor\extensions\redhat.java-1.53.0-win32-x64\jre\21.0.10-win32-x86_64\bin\verify.dll
0x00007ffdaf810000 - 0x00007ffdaf93a000 	C:\WINDOWS\SYSTEM32\DNSAPI.dll
0x00007ffdaa470000 - 0x00007ffdaa47b000 	C:\Windows\System32\rasadhlp.dll
0x00007ffdaca50000 - 0x00007ffdacad6000 	C:\WINDOWS\System32\fwpuclnt.dll
0x00007ffd9ff80000 - 0x00007ffd9ff89000 	C:\Users\Q530\.cursor\extensions\redhat.java-1.53.0-win32-x64\jre\21.0.10-win32-x86_64\bin\extnet.dll
0x00007ffd8fd90000 - 0x00007ffd8fd98000 	C:\WINDOWS\system32\wshunix.dll

JVMTI agents: none

dbghelp: loaded successfully - version: 4.0.5 - missing functions: none
symbol engine: initialized successfully - sym options: 0x614 - pdb path: .;C:\Users\Q530\.cursor\extensions\redhat.java-1.53.0-win32-x64\jre\21.0.10-win32-x86_64\bin;C:\WINDOWS\SYSTEM32;C:\WINDOWS\WinSxS\amd64_microsoft.windows.common-controls_6595b64144ccf1df_6.0.26100.8037_none_3e092faae333b53b;C:\Users\Q530\.cursor\extensions\redhat.java-1.53.0-win32-x64\jre\21.0.10-win32-x86_64\bin\server

VM Arguments:
jvm_args: -XX:+ShowCodeDetailsInExceptionMessages 
java_command: DACK.Application
java_class_path (initial): D:\DACK_J2EE\target\classes;C:\Users\Q530\.m2\repository\org\springframework\boot\spring-boot-starter-data-jpa\3.4.4\spring-boot-starter-data-jpa-3.4.4.jar;C:\Users\Q530\.m2\repository\org\springframework\boot\spring-boot-starter\3.4.4\spring-boot-starter-3.4.4.jar;C:\Users\Q530\.m2\repository\org\springframework\boot\spring-boot-starter-logging\3.4.4\spring-boot-starter-logging-3.4.4.jar;C:\Users\Q530\.m2\repository\ch\qos\logback\logback-classic\1.5.18\logback-classic-1.5.18.jar;C:\Users\Q530\.m2\repository\ch\qos\logback\logback-core\1.5.18\logback-core-1.5.18.jar;C:\Users\Q530\.m2\repository\org\apache\logging\log4j\log4j-to-slf4j\2.24.3\log4j-to-slf4j-2.24.3.jar;C:\Users\Q530\.m2\repository\org\apache\logging\log4j\log4j-api\2.24.3\log4j-api-2.24.3.jar;C:\Users\Q530\.m2\repository\org\slf4j\jul-to-slf4j\2.0.17\jul-to-slf4j-2.0.17.jar;C:\Users\Q530\.m2\repository\jakarta\annotation\jakarta.annotation-api\2.1.1\jakarta.annotation-api-2.1.1.jar;C:\Users\Q530\.m2\repository\org\yaml\snakeyaml\2.3\snakeyaml-2.3.jar;C:\Users\Q530\.m2\repository\org\springframework\boot\spring-boot-starter-jdbc\3.4.4\spring-boot-starter-jdbc-3.4.4.jar;C:\Users\Q530\.m2\repository\com\zaxxer\HikariCP\5.1.0\HikariCP-5.1.0.jar;C:\Users\Q530\.m2\repository\org\springframework\spring-jdbc\6.2.5\spring-jdbc-6.2.5.jar;C:\Users\Q530\.m2\repository\org\hibernate\orm\hibernate-core\6.6.11.Final\hibernate-core-6.6.11.Final.jar;C:\Users\Q530\.m2\repository\jakarta\persistence\jakarta.persistence-api\3.1.0\jakarta.persistence-api-3.1.0.jar;C:\Users\Q530\.m2\repository\jakarta\transaction\jakarta.transaction-api\2.0.1\jakarta.transaction-api-2.0.1.jar;C:\Users\Q530\.m2\repository\org\jboss\logging\jboss-logging\3.6.1.Final\jboss-logging-3.6.1.Final.jar;C:\Users\Q530\.m2\repository\org\hibernate\common\hibernate-commons-annotations\7.0.3.Final\hibernate-commons-annotations-7.0.3.Final.jar;C:\Users\Q530\.m2\repository\io\smallrye\jandex\3.2.0\jandex-3.2.0.jar;C:\Users\Q530\.m2\repository\com\fasterxml\classmate\1.7.0\classmate-1.7.0.jar;C:\Users\Q530\.m2\repository\net\bytebuddy\byte-buddy\1.15.11\byte-buddy-1.15.11.jar;C:\Users\Q530\.m2\repository\org\glassfish\jaxb\jaxb-runtime\4.0.5\jaxb-runtime-4.0.5.jar;C:\Users\Q530\.m2\repository\org\glassfish\jaxb\jaxb-core\4.0.5\jaxb-core-4.0.5.jar;C:\Users\Q530\.m2\repository\org\eclipse\angus\angus-activation\2.0.2\angus-activation-2.0.2.jar;C:\Users\Q530\.m2\repository\org\glassfish\jaxb\txw2\4.0.5\txw2-4.0.5.jar;C:\Users\Q530\.m2\repository\com\sun\istack\istack-commons-runtime\4.1.2\istack-commons-runtime-4.1.2.jar;C:\Users\Q530\.m2\repository\jakarta\inject\jakarta.inject-api\2.0.1\jakarta.inject-api-2.0.1.jar;C:\Users\Q530\.m2\repository\org\antlr\antlr4-runtime\4.13.0\antlr4-runtime-4.13.0.jar;C:\Users\Q530\.m2\repository\org\springframework\data\spring-data-jpa\3.4.4\spring-data-jpa-3.4.4.jar;C:\Users\Q530\.m2\repository\org\springframework\data\spring-data-commons\3.4.4\spring-data-commons-3.4.4.jar;C:\Users\Q530\.m2\repository\org\springframework\spring-orm\6.2.5\spring-orm-6.2.5.jar;C:\Users\Q530\.m2\repository\org\springframework\spring-context\6.2.5\spring-context-6.2.5.jar;C:\Users\Q530\.m2\repository\org\springframework\spring-tx\6.2.5\spring-tx-6.2.5.jar;C:\Users\Q530\.m2\repository\org\springframework\spring-beans\6.2.5\spring-beans-6.2.5.jar;C:\Users\Q530\.m2\repository\org\springframework\spring-aspects\6.2.5\spring-aspects-6.2.5.jar;C:\Users\Q530\.m2\repository\org\aspectj\aspectjweaver\1.9.23\aspectjweaver-1.9.23.jar;C:\Users\Q530\.m2\repository\org\springframework\boot\spring-boot-starter-security\3.4.4\spring-boot-starter-security-3.4.4.jar;C:\Users\Q530\.m2\repository\org\springframework\spring-aop\6.2.5\spring-aop-6.2.5.jar;C:\Users\Q530\.m2\repository\org\springframework\security\spring-security-config\6.4.4\spring-security-config-6.4.4.jar;C:\Users\Q530\.m2\repository\org\springframework\security\spring-security-core\6.4.4\spring-security-core-6.4.4.jar;C:\Users\Q530\.m2\repository\org\springframework\security\spring-security-crypto\6.4.4\spring-security-crypto-6.4.4.jar;C:\Users\Q530\.m2\repository\org\springframework\security\spring-security-web\6.4.4\spring-security-web-6.4.4.jar;C:\Users\Q530\.m2\repository\org\springframework\spring-expression\6.2.5\spring-expression-6.2.5.jar;C:\Users\Q530\.m2\repository\org\springframework\boot\spring-boot-starter-thymeleaf\3.4.4\spring-boot-starter-thymeleaf-3.4.4.jar;C:\Users\Q530\.m2\repository\org\thymeleaf\thymeleaf-spring6\3.1.3.RELEASE\thymeleaf-spring6-3.1.3.RELEASE.jar;C:\Users\Q530\.m2\repository\org\thymeleaf\thymeleaf\3.1.3.RELEASE\thymeleaf-3.1.3.RELEASE.jar;C:\Users\Q530\.m2\repository\org\attoparser\attoparser\2.0.7.RELEASE\attoparser-2.0.7.RELEASE.jar;C:\Users\Q530\.m2\repository\org\unbescape\unbescape\1.1.6.RELEASE\unbescape-1.1.6.RELEASE.jar;C:\Users\Q530\.m2\repository\org\springframework\boot\spring-boot-starter-validation\3.4.4\spring-boot-starter-validation-3.4.4.jar;C:\Users\Q530\.m2\repository\org\apache\tomcat\embed\tomcat-embed-el\10.1.39\tomcat-embed-el-10.1.39.jar;C:\Users\Q530\.m2\repository\org\hibernate\validator\hibernate-validator\8.0.2.Final\hibernate-validator-8.0.2.Final.jar;C:\Users\Q530\.m2\repository\jakarta\validation\jakarta.validation-api\3.0.2\jakarta.validation-api-3.0.2.jar;C:\Users\Q530\.m2\repository\org\springframework\boot\spring-boot-starter-web\3.4.4\spring-boot-starter-web-3.4.4.jar;C:\Users\Q530\.m2\repository\org\springframework\boot\spring-boot-starter-json\3.4.4\spring-boot-starter-json-3.4.4.jar;C:\Users\Q530\.m2\repository\com\fasterxml\jackson\core\jackson-databind\2.18.3\jackson-databind-2.18.3.jar;C:\Users\Q530\.m2\repository\com\fasterxml\jackson\core\jackson-annotations\2.18.3\jackson-annotations-2.18.3.jar;C:\Users\Q530\.m2\repository\com\fasterxml\jackson\core\jackson-core\2.18.3\jackson-core-2.18.3.jar;C:\Users\Q530\.m2\repository\com\fasterxml\jackson\datatype\jackson-datatype-jdk8\2.18.3\jackson-datatype-jdk8-2.18.3.jar;C:\Users\Q530\.m2\repository\com\fasterxml\jackson\datatype\jackson-datatype-jsr310\2.18.3\jackson-datatype-jsr310-2.18.3.jar;C:\Users\Q530\.m2\repository\com\fasterxml\jackson\module\jackson-module-parameter-names\2.18.3\jackson-module-parameter-names-2.18.3.jar;C:\Users\Q530\.m2\repository\org\springframework\boot\spring-boot-starter-tomcat\3.4.4\spring-boot-starter-tomcat-3.4.4.jar;C:\Users\Q530\.m2\repository\org\apache\tomcat\embed\tomcat-embed-core\10.1.39\tomcat-embed-core-10.1.39.jar;C:\Users\Q530\.m2\repository\org\apache\tomcat\embed\tomcat-embed-websocket\10.1.39\tomcat-embed-websocket-10.1.39.jar;C:\Users\Q530\.m2\repository\org\springframework\spring-web\6.2.5\spring-web-6.2.5.jar;C:\Users\Q530\.m2\repository\io\micrometer\micrometer-observation\1.14.5\micrometer-observation-1.14.5.jar;C:\Users\Q530\.m2\repository\io\micrometer\micrometer-commons\1.14.5\micrometer-commons-1.14.5.jar;C:\Users\Q530\.m2\repository\org\springframework\spring-webmvc\6.2.5\spring-webmvc-6.2.5.jar;C:\Users\Q530\.m2\repository\org\thymeleaf\extras\thymeleaf-extras-springsecurity6\3.1.3.RELEASE\thymeleaf-extras-springsecurity6-3.1.3.RELEASE.jar;C:\Users\Q530\.m2\repository\org\slf4j\slf4j-api\2.0.17\slf4j-api-2.0.17.jar;C:\Users\Q530\.m2\repository\org\springframework\boot\spring-boot-devtools\3.4.4\spring-boot-devtools-3.4.4.jar;C:\Users\Q530\.m2\repository\org\springframework\boot\spring-boot\3.4.4\spring-boot-3.4.4.jar;C:\Users\Q530\.m2\repository\org\springframework\boot\spring-boot-autoconfigure\3.4.4\spring-boot-autoconfigure-3.4.4.jar;C:\Users\Q530\.m2\repository\com\mysql\mysql-connector-j\9.1.0\mysql-connector-j-9.1.0.jar;C:\Users\Q530\.m2\repository\com\h2database\h2\2.3.232\h2-2.3.232.jar;C:\Users\Q530\.m2\repository\org\projectlombok\lombok\1.18.36\lombok-1.18.36.jar;C:\Users\Q530\.m2\repository\jakarta\xml\bind\jakarta.xml.bind-api\4.0.2\jakarta.xml.bind-api-4.0.2.jar;C:\Users\Q530\.m2\repository\jakarta\activation\jakarta.activation-api\2.1.3\jakarta.activation-api-2.1.3.jar;C:\Users\Q530\.m2\repository\org\springframework\spring-core\6.2.5\spring-core-6.2.5.jar;C:\Users\Q530\.m2\repository\org\springframework\spring-jcl\6.2.5\spring-jcl-6.2.5.jar
Launcher Type: SUN_STANDARD

[Global flags]
     intx CICompilerCount                          = 12                                        {product} {ergonomic}
     uint ConcGCThreads                            = 3                                         {product} {ergonomic}
     uint G1ConcRefinementThreads                  = 13                                        {product} {ergonomic}
   size_t G1HeapRegionSize                         = 2097152                                   {product} {ergonomic}
    uintx GCDrainStackTargetSize                   = 64                                        {product} {ergonomic}
   size_t InitialHeapSize                          = 264241152                                 {product} {ergonomic}
   size_t MarkStackSize                            = 4194304                                   {product} {ergonomic}
   size_t MaxHeapSize                              = 4198498304                                {product} {ergonomic}
   size_t MaxNewSize                               = 2518679552                                {product} {ergonomic}
   size_t MinHeapDeltaBytes                        = 2097152                                   {product} {ergonomic}
   size_t MinHeapSize                              = 8388608                                   {product} {ergonomic}
    uintx NonNMethodCodeHeapSize                   = 7602480                                {pd product} {ergonomic}
    uintx NonProfiledCodeHeapSize                  = 122027880                              {pd product} {ergonomic}
    uintx ProfiledCodeHeapSize                     = 122027880                              {pd product} {ergonomic}
    uintx ReservedCodeCacheSize                    = 251658240                              {pd product} {ergonomic}
     bool SegmentedCodeCache                       = true                                      {product} {ergonomic}
     bool ShowCodeDetailsInExceptionMessages       = true                                   {manageable} {command line}
   size_t SoftMaxHeapSize                          = 4198498304                             {manageable} {ergonomic}
     bool UseCompressedOops                        = true                           {product lp64_product} {ergonomic}
     bool UseG1GC                                  = true                                      {product} {ergonomic}
     bool UseLargePagesIndividualAllocation        = false                                  {pd product} {ergonomic}

Logging:
Log output configuration:
 #0: stdout all=warning uptime,level,tags foldmultilines=false
 #1: stderr all=off uptime,level,tags foldmultilines=false

Release file:
JAVA_VERSION="21.0.10" 
MODULES="java.base java.compiler java.datatransfer java.xml java.prefs java.desktop java.instrument java.logging java.management java.security.sasl java.naming java.rmi java.management.rmi java.net.http java.scripting java.security.jgss java.transaction.xa java.sql java.sql.rowset java.xml.crypto java.se java.smartcardio jdk.accessibility jdk.internal.jvmstat jdk.attach jdk.charsets jdk.internal.opt jdk.zipfs jdk.compiler jdk.crypto.ec jdk.crypto.cryptoki jdk.crypto.mscapi jdk.dynalink jdk.internal.ed jdk.editpad jdk.hotspot.agent jdk.httpserver jdk.internal.le jdk.internal.vm.ci jdk.internal.vm.compiler jdk.internal.vm.compiler.management jdk.jartool jdk.javadoc jdk.jcmd jdk.management jdk.management.agent jdk.jconsole jdk.jdeps jdk.jdwp.agent jdk.jdi jdk.jfr jdk.jshell jdk.jsobject jdk.jstatd jdk.localedata jdk.management.jfr jdk.naming.dns jdk.naming.rmi jdk.net jdk.nio.mapmode jdk.random jdk.sctp jdk.security.auth jdk.security.jgss jdk.unsupported jdk.unsupported.desktop jdk.xml.dom" 

Environment Variables:
PATH=C:\Program Files\Microsoft MPI\Bin\;C:\Program Files\Common Files\Oracle\Java\javapath;C:\Program Files (x86)\Common Files\Oracle\Java\java8path;C:\Program Files (x86)\Common Files\Oracle\Java\javapath;C:\Windows\system32;C:\Windows;C:\Windows\System32\Wbem;C:\Windows\System32\WindowsPowerShell\v1.0\;C:\Windows\System32\OpenSSH\;C:\Program Files (x86)\NVIDIA Corporation\PhysX\Common;C:\WINDOWS\system32;C:\WINDOWS;C:\WINDOWS\System32\Wbem;C:\WINDOWS\System32\WindowsPowerShell\v1.0\;C:\WINDOWS\System32\OpenSSH\;C:\Program Files (x86)\Microsoft SQL Server\160\Tools\Binn\;C:\Program Files\Microsoft SQL Server\160\Tools\Binn\;C:\Program Files\Microsoft SQL Server\Client SDK\ODBC\170\Tools\Binn\;C:\Program Files\Microsoft SQL Server\160\DTS\Binn\;C:\Program Files (x86)\Microsoft SQL Server\160\DTS\Binn\;C:\Program Files\Microsoft SQL Server\150\Tools\Binn\;C:\Program Files\NVIDIA Corporation\NVIDIA app\NvDLISR;C:\Program Files\nodejs\;C:\Program Files\dotnet\;C:\flutter\bin;D:\Git\cmd;C:\Program Files (x86)\Windows Kits\10\Windows Performance Toolkit\;C:\Users\Q530\AppData\Local\Pub\Cache\bin;C:\xampp1\php;C:\ProgramData\ComposerSetup\bin;;C:\Program Files\Docker\Docker\resources\bin;c:\Users\Q530\AppData\Local\Programs\Trae\bin;C:\Users\Q530\AppData\Local\Programs\Python\Python313\Scripts\;C:\Users\Q530\AppData\Local\Programs\Python\Python313\;C:\Users\Q530\AppData\Local\Programs\Python\Launcher\;C:\Users\Q530\AppData\Local\Microsoft\WindowsApps;C:\Users\Q530\AppData\Local\Programs\Microsoft VS Code\bin;C:\Users\Q530\AppData\Roaming\npm;C:\Users\Q530\.dotnet\tools;C:\Program Files\OpenSSL-Win64;D:\2280602644_nguyentuanquoc\BaiTap2\flutter\bin;C:\Users\Q530\AppData\Roaming\Composer\vendor\bin;C:\xampp1\php;D:\cursor\resources\app\bin;C:\Users\Q530\AppData\Local\GitHubDesktop\bin;C:\Users\Q530\AppData\Local\Microsoft\WindowsApps;c:\Users\Q530\.cursor\extensions\vscjava.vscode-java-debug-0.58.5-universal\bundled\scripts\noConfigScripts
USERNAME=Q530
LANG=en_US.UTF-8
OS=Windows_NT
PROCESSOR_IDENTIFIER=Intel64 Family 6 Model 186 Stepping 2, GenuineIntel
TMP=C:\Users\Q530\AppData\Local\Temp
TEMP=C:\Users\Q530\AppData\Local\Temp




Periodic native trim disabled

---------------  S Y S T E M  ---------------

OS:
 Windows 11 , 64 bit Build 26100 (10.0.26100.7920)
OS uptime: 0 days 2:33 hours
Hyper-V role detected

CPU: total 16 (initial active 16) (8 cores per cpu, 2 threads per core) family 6 model 186 stepping 2 microcode 0x411f, cx8, cmov, fxsr, ht, mmx, 3dnowpref, sse, sse2, sse3, ssse3, sse4.1, sse4.2, popcnt, lzcnt, tsc, tscinvbit, avx, avx2, aes, erms, clmul, bmi1, bmi2, adx, sha, fma, vzeroupper, clflush, clflushopt, clwb, hv, serialize, rdtscp, rdpid, fsrm, f16c, cet_ibt, cet_ss
Processor Information for processor 0
  Max Mhz: 2400, Current Mhz: 2400, Mhz Limit: 2400
Processor Information for processor 1
  Max Mhz: 2400, Current Mhz: 2400, Mhz Limit: 2400
Processor Information for processor 2
  Max Mhz: 2400, Current Mhz: 2400, Mhz Limit: 2400
Processor Information for processor 3
  Max Mhz: 2400, Current Mhz: 2400, Mhz Limit: 2400
Processor Information for processor 4
  Max Mhz: 2400, Current Mhz: 2400, Mhz Limit: 2400
Processor Information for processor 5
  Max Mhz: 2400, Current Mhz: 2400, Mhz Limit: 2400
Processor Information for processor 6
  Max Mhz: 2400, Current Mhz: 2400, Mhz Limit: 2400
Processor Information for processor 7
  Max Mhz: 2400, Current Mhz: 2400, Mhz Limit: 2400
Processor Information for processor 8
  Max Mhz: 2400, Current Mhz: 2400, Mhz Limit: 2400
Processor Information for processor 9
  Max Mhz: 2400, Current Mhz: 2400, Mhz Limit: 2400
Processor Information for processor 10
  Max Mhz: 2400, Current Mhz: 2400, Mhz Limit: 2400
Processor Information for processor 11
  Max Mhz: 2400, Current Mhz: 2400, Mhz Limit: 2400
Processor Information for processor 12
  Max Mhz: 2400, Current Mhz: 1466, Mhz Limit: 2400
Processor Information for processor 13
  Max Mhz: 2400, Current Mhz: 1466, Mhz Limit: 2400
Processor Information for processor 14
  Max Mhz: 2400, Current Mhz: 2400, Mhz Limit: 2400
Processor Information for processor 15
  Max Mhz: 2400, Current Mhz: 1466, Mhz Limit: 2400

Memory: 4k page, system-wide physical 16010M (1242M free)
TotalPageFile size 20106M (AvailPageFile size 6M)
current process WorkingSet (physical memory assigned to process): 362M, peak: 366M
current process commit charge ("private bytes"): 406M, peak: 430M

vm_info: OpenJDK 64-Bit Server VM (21.0.10+7-LTS) for windows-amd64 JRE (21.0.10+7-LTS), built on 2026-01-20T00:00:00Z by "admin" with MS VC++ 17.12 (VS2022)

END.
