#
# There is insufficient memory for the Java Runtime Environment to continue.
# Native memory allocation (malloc) failed to allocate 1669552 bytes for Chunk::new
# Possible reasons:
#   The system is out of physical RAM or swap space
#   The process is running with CompressedOops enabled, and the Java Heap may be blocking the growth of the native heap
# Possible solutions:
#   Reduce memory load on the system
#   Increase physical memory or swap space
#   Check if swap backing store is full
#   Decrease Java heap size (-Xmx/-Xms)
#   Decrease number of Java threads
#   Decrease Java thread stack sizes (-Xss)
#   Set larger code cache with -XX:ReservedCodeCacheSize=
#   JVM is running with Zero Based Compressed Oops mode in which the Java heap is
#     placed in the first 32GB address space. The Java Heap base address is the
#     maximum limit for the native heap growth. Please use -XX:HeapBaseMinAddress
#     to set the Java Heap base and to place the Java Heap above 32GB virtual address.
# This output file may be truncated or incomplete.
#
#  Out of Memory Error (arena.cpp:168), pid=27080, tid=24340
#
# JRE version: Java(TM) SE Runtime Environment (21.0.2+13) (build 21.0.2+13-LTS-58)
# Java VM: Java HotSpot(TM) 64-Bit Server VM (21.0.2+13-LTS-58, mixed mode, sharing, tiered, compressed oops, compressed class ptrs, g1 gc, windows-amd64)
# No core dump will be written. Minidumps are not enabled by default on client versions of Windows
#

---------------  S U M M A R Y ------------

Command Line: --enable-native-access=ALL-UNNAMED -Dclassworlds.conf=C:\Users\Q530\.m2\wrapper\dists\apache-maven-3.9.14\ed7edd442f634ac1c1ef5ba2b61b6d690b5221091f1a8e1123f5fadcc967520d\bin\m2.conf -Dmaven.home=C:\Users\Q530\.m2\wrapper\dists\apache-maven-3.9.14\ed7edd442f634ac1c1ef5ba2b61b6d690b5221091f1a8e1123f5fadcc967520d -Dlibrary.jansi.path=C:\Users\Q530\.m2\wrapper\dists\apache-maven-3.9.14\ed7edd442f634ac1c1ef5ba2b61b6d690b5221091f1a8e1123f5fadcc967520d\lib\jansi-native -Dmaven.multiModuleProjectDirectory=D:\DACK org.codehaus.plexus.classworlds.launcher.Launcher -q -DskipTests compile

Host: 13th Gen Intel(R) Core(TM) i7-13620H, 16 cores, 15G,  Windows 11 , 64 bit Build 26100 (10.0.26100.7920)
Time: Mon Apr  6 02:36:52 2026 SE Asia Standard Time elapsed time: 11.058985 seconds (0d 0h 0m 11s)

---------------  T H R E A D  ---------------

Current thread (0x000001f9d46e49c0):  JavaThread "C2 CompilerThread2" daemon [_thread_in_native, id=24340, stack(0x00000008bfb00000,0x00000008bfc00000) (1024K)]


Current CompileTask:
C2:  11059 4054   !   4       org.codehaus.plexus.interpolation.StringSearchInterpolator::interpolate (692 bytes)

Stack: [0x00000008bfb00000,0x00000008bfc00000]
Native frames: (J=compiled Java code, j=interpreted, Vv=VM code, C=native code)
V  [jvm.dll+0x6cade9]
V  [jvm.dll+0x8569c1]
V  [jvm.dll+0x858d2e]
V  [jvm.dll+0x859413]
V  [jvm.dll+0x280e56]
V  [jvm.dll+0xc3f3d]
V  [jvm.dll+0xc4473]
V  [jvm.dll+0x3b5c2c]
V  [jvm.dll+0x1e2209]
V  [jvm.dll+0x249d22]
V  [jvm.dll+0x2491b1]
V  [jvm.dll+0x1c9634]
V  [jvm.dll+0x258859]
V  [jvm.dll+0x256e3a]
V  [jvm.dll+0x3ef6c6]
V  [jvm.dll+0x7ff568]
V  [jvm.dll+0x6c953d]
C  [ucrtbase.dll+0x37b0]
C  [KERNEL32.DLL+0x2e8d7]
C  [ntdll.dll+0x8c48c]


---------------  P R O C E S S  ---------------

Threads class SMR info:
_java_thread_list=0x000001fa1a2fd820, length=15, elements={
0x000001f9b27d6f90, 0x000001f9d39e0510, 0x000001f9d39e2f80, 0x000001f9d39f0bd0,
0x000001f9d39f1630, 0x000001f9d39e6df0, 0x000001f9d39f1dd0, 0x000001f9d39fd5a0,
0x000001f9d46e3550, 0x000001f9d48ca820, 0x000001f9d48cd470, 0x000001f9d46e3c20,
0x000001f9d46e2e80, 0x000001f9d46e49c0, 0x000001f9d46e5090
}

Java Threads: ( => current thread )
  0x000001f9b27d6f90 JavaThread "main"                              [_thread_in_vm, id=14912, stack(0x00000008bdd00000,0x00000008bde00000) (1024K)]
  0x000001f9d39e0510 JavaThread "Reference Handler"          daemon [_thread_blocked, id=19444, stack(0x00000008be500000,0x00000008be600000) (1024K)]
  0x000001f9d39e2f80 JavaThread "Finalizer"                  daemon [_thread_blocked, id=2000, stack(0x00000008be600000,0x00000008be700000) (1024K)]
  0x000001f9d39f0bd0 JavaThread "Signal Dispatcher"          daemon [_thread_blocked, id=26668, stack(0x00000008be700000,0x00000008be800000) (1024K)]
  0x000001f9d39f1630 JavaThread "Attach Listener"            daemon [_thread_blocked, id=1908, stack(0x00000008be800000,0x00000008be900000) (1024K)]
  0x000001f9d39e6df0 JavaThread "Service Thread"             daemon [_thread_blocked, id=27640, stack(0x00000008be900000,0x00000008bea00000) (1024K)]
  0x000001f9d39f1dd0 JavaThread "Monitor Deflation Thread"   daemon [_thread_blocked, id=21920, stack(0x00000008bea00000,0x00000008beb00000) (1024K)]
  0x000001f9d39fd5a0 JavaThread "C2 CompilerThread0"         daemon [_thread_in_native, id=25696, stack(0x00000008beb00000,0x00000008bec00000) (1024K)]
  0x000001f9d46e3550 JavaThread "C1 CompilerThread0"         daemon [_thread_in_vm, id=18032, stack(0x00000008bec00000,0x00000008bed00000) (1024K)]
  0x000001f9d48ca820 JavaThread "Notification Thread"        daemon [_thread_blocked, id=24276, stack(0x00000008bee00000,0x00000008bef00000) (1024K)]
  0x000001f9d48cd470 JavaThread "Common-Cleaner"             daemon [_thread_blocked, id=1116, stack(0x00000008bef00000,0x00000008bf000000) (1024K)]
  0x000001f9d46e3c20 JavaThread "C1 CompilerThread1"         daemon [_thread_blocked, id=22856, stack(0x00000008bed00000,0x00000008bee00000) (1024K)]
  0x000001f9d46e2e80 JavaThread "C2 CompilerThread1"         daemon [_thread_blocked, id=26356, stack(0x00000008bf300000,0x00000008bf400000) (1024K)]
=>0x000001f9d46e49c0 JavaThread "C2 CompilerThread2"         daemon [_thread_in_native, id=24340, stack(0x00000008bfb00000,0x00000008bfc00000) (1024K)]
  0x000001f9d46e5090 JavaThread "C1 CompilerThread2"         daemon [_thread_in_vm, id=15028, stack(0x00000008bfc00000,0x00000008bfd00000) (1024K)]
Total: 15

Other Threads:
  0x000001f9b27b0720 VMThread "VM Thread"                           [id=9024, stack(0x00000008be400000,0x00000008be500000) (1024K)]
  0x000001f9d39a4e10 WatcherThread "VM Periodic Task Thread"        [id=14044, stack(0x00000008be300000,0x00000008be400000) (1024K)]
  0x000001f9b27b0380 WorkerThread "GC Thread#0"                     [id=27560, stack(0x00000008bde00000,0x00000008bdf00000) (1024K)]
  0x000001f9b27b0e60 WorkerThread "GC Thread#1"                     [id=11996, stack(0x00000008bf400000,0x00000008bf500000) (1024K)]
  0x000001fa1a892200 WorkerThread "GC Thread#2"                     [id=27516, stack(0x00000008bf500000,0x00000008bf600000) (1024K)]
  0x000001fa1a891e60 WorkerThread "GC Thread#3"                     [id=26544, stack(0x00000008bf600000,0x00000008bf700000) (1024K)]
  0x000001fa1a891380 WorkerThread "GC Thread#4"                     [id=18584, stack(0x00000008bf700000,0x00000008bf800000) (1024K)]
  0x000001fa1a892940 WorkerThread "GC Thread#5"                     [id=17460, stack(0x00000008bf800000,0x00000008bf900000) (1024K)]
  0x000001fa1a890fe0 WorkerThread "GC Thread#6"                     [id=5628, stack(0x00000008bf900000,0x00000008bfa00000) (1024K)]
  0x000001fa1a891720 WorkerThread "GC Thread#7"                     [id=17596, stack(0x00000008bfa00000,0x00000008bfb00000) (1024K)]
  0x000001fa1b301f10 WorkerThread "GC Thread#8"                     [id=12008, stack(0x00000008bf000000,0x00000008bf100000) (1024K)]
  0x000001fa1b301430 WorkerThread "GC Thread#9"                     [id=8828, stack(0x00000008bf100000,0x00000008bf200000) (1024K)]
  0x000001fa1b303870 WorkerThread "GC Thread#10"                    [id=7992, stack(0x00000008bf200000,0x00000008bf300000) (1024K)]
  0x000001f9b4b24220 ConcurrentGCThread "G1 Main Marker"            [id=15780, stack(0x00000008bdf00000,0x00000008be000000) (1024K)]
  0x000001f9b27b1940 WorkerThread "G1 Conc#0"                       [id=27036, stack(0x00000008be000000,0x00000008be100000) (1024K)]
  0x000001f9d387b3d0 ConcurrentGCThread "G1 Refine#0"               [id=17132, stack(0x00000008be100000,0x00000008be200000) (1024K)]
  0x000001f9d387cc00 ConcurrentGCThread "G1 Service"                [id=26396, stack(0x00000008be200000,0x00000008be300000) (1024K)]
Total: 17

Threads with active compile tasks:
C2 CompilerThread0    15115 4310   !   4       org.apache.maven.model.Plugin::clone (204 bytes)
C1 CompilerThread0    15115 4348       3       org.apache.maven.repository.internal.DefaultVersionResolver::resolveVersion (953 bytes)
C2 CompilerThread2    15115 4054   !   4       org.codehaus.plexus.interpolation.StringSearchInterpolator::interpolate (692 bytes)
Total: 3

VM state: not at safepoint (normal execution)

VM Mutex/Monitor currently owned by a thread: None

Heap address: 0x0000000705c00000, size: 4004 MB, Compressed Oops mode: Zero based, Oop shift amount: 3

CDS archive(s) mapped at: [0x000001f9d5000000-0x000001f9d5c90000-0x000001f9d5c90000), size 13172736, SharedBaseAddress: 0x000001f9d5000000, ArchiveRelocationMode: 1.
Compressed class space mapped at: 0x000001f9d6000000-0x000001fa16000000, reserved size: 1073741824
Narrow klass base: 0x000001f9d5000000, Narrow klass shift: 0, Narrow klass range: 0x100000000

GC Precious Log:
 CardTable entry size: 512
 Card Set container configuration: InlinePtr #cards 4 size 8 Array Of Cards #cards 16 size 48 Howl #buckets 8 coarsen threshold 3686 Howl Bitmap #cards 512 size 80 coarsen threshold 460 Card regions per heap region 1 cards per card region 4096
 CPUs: 16 total, 16 available
 Memory: 16010M
 Large Page Support: Disabled
 NUMA Support: Disabled
 Compressed Oops: Enabled (Zero based)
 Heap Region Size: 2M
 Heap Min Capacity: 8M
 Heap Initial Capacity: 252M
 Heap Max Capacity: 4004M
 Pre-touch: Disabled
 Parallel Workers: 13
 Concurrent Workers: 3
 Concurrent Refinement Workers: 13
 Periodic GC: Disabled

Heap:
 garbage-first heap   total 258048K, used 81604K [0x0000000705c00000, 0x0000000800000000)
  region size 2048K, 40 young (81920K), 2 survivors (4096K)
 Metaspace       used 15927K, committed 16192K, reserved 1114112K
  class space    used 1838K, committed 1920K, reserved 1048576K

Heap Regions: E=young(eden), S=young(survivor), O=old, HS=humongous(starts), HC=humongous(continues), CS=collection set, F=free, TAMS=top-at-mark-start, PB=parsable bottom
|   0|0x0000000705c00000, 0x0000000705e00000, 0x0000000705e00000|100%| O|  |TAMS 0x0000000705c00000| PB 0x0000000705c00000| Untracked 
|   1|0x0000000705e00000, 0x0000000705f7e0e0, 0x0000000706000000| 74%| O|  |TAMS 0x0000000705e00000| PB 0x0000000705e00000| Untracked 
|   2|0x0000000706000000, 0x0000000706000000, 0x0000000706200000|  0%| F|  |TAMS 0x0000000706000000| PB 0x0000000706000000| Untracked 
|   3|0x0000000706200000, 0x0000000706200000, 0x0000000706400000|  0%| F|  |TAMS 0x0000000706200000| PB 0x0000000706200000| Untracked 
|   4|0x0000000706400000, 0x0000000706400000, 0x0000000706600000|  0%| F|  |TAMS 0x0000000706400000| PB 0x0000000706400000| Untracked 
|   5|0x0000000706600000, 0x0000000706600000, 0x0000000706800000|  0%| F|  |TAMS 0x0000000706600000| PB 0x0000000706600000| Untracked 
|   6|0x0000000706800000, 0x0000000706800000, 0x0000000706a00000|  0%| F|  |TAMS 0x0000000706800000| PB 0x0000000706800000| Untracked 
|   7|0x0000000706a00000, 0x0000000706a00000, 0x0000000706c00000|  0%| F|  |TAMS 0x0000000706a00000| PB 0x0000000706a00000| Untracked 
|   8|0x0000000706c00000, 0x0000000706c00000, 0x0000000706e00000|  0%| F|  |TAMS 0x0000000706c00000| PB 0x0000000706c00000| Untracked 
|   9|0x0000000706e00000, 0x0000000706e00000, 0x0000000707000000|  0%| F|  |TAMS 0x0000000706e00000| PB 0x0000000706e00000| Untracked 
|  10|0x0000000707000000, 0x0000000707000000, 0x0000000707200000|  0%| F|  |TAMS 0x0000000707000000| PB 0x0000000707000000| Untracked 
|  11|0x0000000707200000, 0x0000000707200000, 0x0000000707400000|  0%| F|  |TAMS 0x0000000707200000| PB 0x0000000707200000| Untracked 
|  12|0x0000000707400000, 0x0000000707400000, 0x0000000707600000|  0%| F|  |TAMS 0x0000000707400000| PB 0x0000000707400000| Untracked 
|  13|0x0000000707600000, 0x0000000707600000, 0x0000000707800000|  0%| F|  |TAMS 0x0000000707600000| PB 0x0000000707600000| Untracked 
|  14|0x0000000707800000, 0x0000000707800000, 0x0000000707a00000|  0%| F|  |TAMS 0x0000000707800000| PB 0x0000000707800000| Untracked 
|  15|0x0000000707a00000, 0x0000000707a00000, 0x0000000707c00000|  0%| F|  |TAMS 0x0000000707a00000| PB 0x0000000707a00000| Untracked 
|  16|0x0000000707c00000, 0x0000000707c00000, 0x0000000707e00000|  0%| F|  |TAMS 0x0000000707c00000| PB 0x0000000707c00000| Untracked 
|  17|0x0000000707e00000, 0x0000000707e00000, 0x0000000708000000|  0%| F|  |TAMS 0x0000000707e00000| PB 0x0000000707e00000| Untracked 
|  18|0x0000000708000000, 0x0000000708000000, 0x0000000708200000|  0%| F|  |TAMS 0x0000000708000000| PB 0x0000000708000000| Untracked 
|  19|0x0000000708200000, 0x0000000708200000, 0x0000000708400000|  0%| F|  |TAMS 0x0000000708200000| PB 0x0000000708200000| Untracked 
|  20|0x0000000708400000, 0x0000000708400000, 0x0000000708600000|  0%| F|  |TAMS 0x0000000708400000| PB 0x0000000708400000| Untracked 
|  21|0x0000000708600000, 0x0000000708600000, 0x0000000708800000|  0%| F|  |TAMS 0x0000000708600000| PB 0x0000000708600000| Untracked 
|  22|0x0000000708800000, 0x0000000708800000, 0x0000000708a00000|  0%| F|  |TAMS 0x0000000708800000| PB 0x0000000708800000| Untracked 
|  23|0x0000000708a00000, 0x0000000708a00000, 0x0000000708c00000|  0%| F|  |TAMS 0x0000000708a00000| PB 0x0000000708a00000| Untracked 
|  24|0x0000000708c00000, 0x0000000708c00000, 0x0000000708e00000|  0%| F|  |TAMS 0x0000000708c00000| PB 0x0000000708c00000| Untracked 
|  25|0x0000000708e00000, 0x0000000708e00000, 0x0000000709000000|  0%| F|  |TAMS 0x0000000708e00000| PB 0x0000000708e00000| Untracked 
|  26|0x0000000709000000, 0x0000000709000000, 0x0000000709200000|  0%| F|  |TAMS 0x0000000709000000| PB 0x0000000709000000| Untracked 
|  27|0x0000000709200000, 0x0000000709200000, 0x0000000709400000|  0%| F|  |TAMS 0x0000000709200000| PB 0x0000000709200000| Untracked 
|  28|0x0000000709400000, 0x0000000709400000, 0x0000000709600000|  0%| F|  |TAMS 0x0000000709400000| PB 0x0000000709400000| Untracked 
|  29|0x0000000709600000, 0x0000000709600000, 0x0000000709800000|  0%| F|  |TAMS 0x0000000709600000| PB 0x0000000709600000| Untracked 
|  30|0x0000000709800000, 0x0000000709800000, 0x0000000709a00000|  0%| F|  |TAMS 0x0000000709800000| PB 0x0000000709800000| Untracked 
|  31|0x0000000709a00000, 0x0000000709a00000, 0x0000000709c00000|  0%| F|  |TAMS 0x0000000709a00000| PB 0x0000000709a00000| Untracked 
|  32|0x0000000709c00000, 0x0000000709c00000, 0x0000000709e00000|  0%| F|  |TAMS 0x0000000709c00000| PB 0x0000000709c00000| Untracked 
|  33|0x0000000709e00000, 0x0000000709e00000, 0x000000070a000000|  0%| F|  |TAMS 0x0000000709e00000| PB 0x0000000709e00000| Untracked 
|  34|0x000000070a000000, 0x000000070a000000, 0x000000070a200000|  0%| F|  |TAMS 0x000000070a000000| PB 0x000000070a000000| Untracked 
|  35|0x000000070a200000, 0x000000070a200000, 0x000000070a400000|  0%| F|  |TAMS 0x000000070a200000| PB 0x000000070a200000| Untracked 
|  36|0x000000070a400000, 0x000000070a400000, 0x000000070a600000|  0%| F|  |TAMS 0x000000070a400000| PB 0x000000070a400000| Untracked 
|  37|0x000000070a600000, 0x000000070a600000, 0x000000070a800000|  0%| F|  |TAMS 0x000000070a600000| PB 0x000000070a600000| Untracked 
|  38|0x000000070a800000, 0x000000070a800000, 0x000000070aa00000|  0%| F|  |TAMS 0x000000070a800000| PB 0x000000070a800000| Untracked 
|  39|0x000000070aa00000, 0x000000070aa00000, 0x000000070ac00000|  0%| F|  |TAMS 0x000000070aa00000| PB 0x000000070aa00000| Untracked 
|  40|0x000000070ac00000, 0x000000070ac00000, 0x000000070ae00000|  0%| F|  |TAMS 0x000000070ac00000| PB 0x000000070ac00000| Untracked 
|  41|0x000000070ae00000, 0x000000070ae00000, 0x000000070b000000|  0%| F|  |TAMS 0x000000070ae00000| PB 0x000000070ae00000| Untracked 
|  42|0x000000070b000000, 0x000000070b000000, 0x000000070b200000|  0%| F|  |TAMS 0x000000070b000000| PB 0x000000070b000000| Untracked 
|  43|0x000000070b200000, 0x000000070b200000, 0x000000070b400000|  0%| F|  |TAMS 0x000000070b200000| PB 0x000000070b200000| Untracked 
|  44|0x000000070b400000, 0x000000070b400000, 0x000000070b600000|  0%| F|  |TAMS 0x000000070b400000| PB 0x000000070b400000| Untracked 
|  45|0x000000070b600000, 0x000000070b600000, 0x000000070b800000|  0%| F|  |TAMS 0x000000070b600000| PB 0x000000070b600000| Untracked 
|  46|0x000000070b800000, 0x000000070b800000, 0x000000070ba00000|  0%| F|  |TAMS 0x000000070b800000| PB 0x000000070b800000| Untracked 
|  47|0x000000070ba00000, 0x000000070ba00000, 0x000000070bc00000|  0%| F|  |TAMS 0x000000070ba00000| PB 0x000000070ba00000| Untracked 
|  48|0x000000070bc00000, 0x000000070bc00000, 0x000000070be00000|  0%| F|  |TAMS 0x000000070bc00000| PB 0x000000070bc00000| Untracked 
|  49|0x000000070be00000, 0x000000070be00000, 0x000000070c000000|  0%| F|  |TAMS 0x000000070be00000| PB 0x000000070be00000| Untracked 
|  50|0x000000070c000000, 0x000000070c000000, 0x000000070c200000|  0%| F|  |TAMS 0x000000070c000000| PB 0x000000070c000000| Untracked 
|  51|0x000000070c200000, 0x000000070c200000, 0x000000070c400000|  0%| F|  |TAMS 0x000000070c200000| PB 0x000000070c200000| Untracked 
|  52|0x000000070c400000, 0x000000070c400000, 0x000000070c600000|  0%| F|  |TAMS 0x000000070c400000| PB 0x000000070c400000| Untracked 
|  53|0x000000070c600000, 0x000000070c600000, 0x000000070c800000|  0%| F|  |TAMS 0x000000070c600000| PB 0x000000070c600000| Untracked 
|  54|0x000000070c800000, 0x000000070c800000, 0x000000070ca00000|  0%| F|  |TAMS 0x000000070c800000| PB 0x000000070c800000| Untracked 
|  55|0x000000070ca00000, 0x000000070ca00000, 0x000000070cc00000|  0%| F|  |TAMS 0x000000070ca00000| PB 0x000000070ca00000| Untracked 
|  56|0x000000070cc00000, 0x000000070cc00000, 0x000000070ce00000|  0%| F|  |TAMS 0x000000070cc00000| PB 0x000000070cc00000| Untracked 
|  57|0x000000070ce00000, 0x000000070ce00000, 0x000000070d000000|  0%| F|  |TAMS 0x000000070ce00000| PB 0x000000070ce00000| Untracked 
|  58|0x000000070d000000, 0x000000070d000000, 0x000000070d200000|  0%| F|  |TAMS 0x000000070d000000| PB 0x000000070d000000| Untracked 
|  59|0x000000070d200000, 0x000000070d200000, 0x000000070d400000|  0%| F|  |TAMS 0x000000070d200000| PB 0x000000070d200000| Untracked 
|  60|0x000000070d400000, 0x000000070d400000, 0x000000070d600000|  0%| F|  |TAMS 0x000000070d400000| PB 0x000000070d400000| Untracked 
|  61|0x000000070d600000, 0x000000070d600000, 0x000000070d800000|  0%| F|  |TAMS 0x000000070d600000| PB 0x000000070d600000| Untracked 
|  62|0x000000070d800000, 0x000000070d800000, 0x000000070da00000|  0%| F|  |TAMS 0x000000070d800000| PB 0x000000070d800000| Untracked 
|  63|0x000000070da00000, 0x000000070da00000, 0x000000070dc00000|  0%| F|  |TAMS 0x000000070da00000| PB 0x000000070da00000| Untracked 
|  64|0x000000070dc00000, 0x000000070dc00000, 0x000000070de00000|  0%| F|  |TAMS 0x000000070dc00000| PB 0x000000070dc00000| Untracked 
|  65|0x000000070de00000, 0x000000070de00000, 0x000000070e000000|  0%| F|  |TAMS 0x000000070de00000| PB 0x000000070de00000| Untracked 
|  66|0x000000070e000000, 0x000000070e000000, 0x000000070e200000|  0%| F|  |TAMS 0x000000070e000000| PB 0x000000070e000000| Untracked 
|  67|0x000000070e200000, 0x000000070e200000, 0x000000070e400000|  0%| F|  |TAMS 0x000000070e200000| PB 0x000000070e200000| Untracked 
|  68|0x000000070e400000, 0x000000070e400000, 0x000000070e600000|  0%| F|  |TAMS 0x000000070e400000| PB 0x000000070e400000| Untracked 
|  69|0x000000070e600000, 0x000000070e600000, 0x000000070e800000|  0%| F|  |TAMS 0x000000070e600000| PB 0x000000070e600000| Untracked 
|  70|0x000000070e800000, 0x000000070e800000, 0x000000070ea00000|  0%| F|  |TAMS 0x000000070e800000| PB 0x000000070e800000| Untracked 
|  71|0x000000070ea00000, 0x000000070ea00000, 0x000000070ec00000|  0%| F|  |TAMS 0x000000070ea00000| PB 0x000000070ea00000| Untracked 
|  72|0x000000070ec00000, 0x000000070ec00000, 0x000000070ee00000|  0%| F|  |TAMS 0x000000070ec00000| PB 0x000000070ec00000| Untracked 
|  73|0x000000070ee00000, 0x000000070ee00000, 0x000000070f000000|  0%| F|  |TAMS 0x000000070ee00000| PB 0x000000070ee00000| Untracked 
|  74|0x000000070f000000, 0x000000070f000000, 0x000000070f200000|  0%| F|  |TAMS 0x000000070f000000| PB 0x000000070f000000| Untracked 
|  75|0x000000070f200000, 0x000000070f200000, 0x000000070f400000|  0%| F|  |TAMS 0x000000070f200000| PB 0x000000070f200000| Untracked 
|  76|0x000000070f400000, 0x000000070f400000, 0x000000070f600000|  0%| F|  |TAMS 0x000000070f400000| PB 0x000000070f400000| Untracked 
|  77|0x000000070f600000, 0x000000070f600000, 0x000000070f800000|  0%| F|  |TAMS 0x000000070f600000| PB 0x000000070f600000| Untracked 
|  78|0x000000070f800000, 0x000000070f800000, 0x000000070fa00000|  0%| F|  |TAMS 0x000000070f800000| PB 0x000000070f800000| Untracked 
|  79|0x000000070fa00000, 0x000000070fa00000, 0x000000070fc00000|  0%| F|  |TAMS 0x000000070fa00000| PB 0x000000070fa00000| Untracked 
|  80|0x000000070fc00000, 0x000000070fc00000, 0x000000070fe00000|  0%| F|  |TAMS 0x000000070fc00000| PB 0x000000070fc00000| Untracked 
|  81|0x000000070fe00000, 0x000000070fe00000, 0x0000000710000000|  0%| F|  |TAMS 0x000000070fe00000| PB 0x000000070fe00000| Untracked 
|  82|0x0000000710000000, 0x0000000710000000, 0x0000000710200000|  0%| F|  |TAMS 0x0000000710000000| PB 0x0000000710000000| Untracked 
|  83|0x0000000710200000, 0x0000000710200000, 0x0000000710400000|  0%| F|  |TAMS 0x0000000710200000| PB 0x0000000710200000| Untracked 
|  84|0x0000000710400000, 0x0000000710400000, 0x0000000710600000|  0%| F|  |TAMS 0x0000000710400000| PB 0x0000000710400000| Untracked 
|  85|0x0000000710600000, 0x0000000710600000, 0x0000000710800000|  0%| F|  |TAMS 0x0000000710600000| PB 0x0000000710600000| Untracked 
|  86|0x0000000710800000, 0x00000007108b7338, 0x0000000710a00000| 35%| E|  |TAMS 0x0000000710800000| PB 0x0000000710800000| Complete 
|  87|0x0000000710a00000, 0x0000000710c00000, 0x0000000710c00000|100%| E|CS|TAMS 0x0000000710a00000| PB 0x0000000710a00000| Complete 
|  88|0x0000000710c00000, 0x0000000710e00000, 0x0000000710e00000|100%| E|CS|TAMS 0x0000000710c00000| PB 0x0000000710c00000| Complete 
|  89|0x0000000710e00000, 0x0000000711000000, 0x0000000711000000|100%| E|CS|TAMS 0x0000000710e00000| PB 0x0000000710e00000| Complete 
|  90|0x0000000711000000, 0x0000000711200000, 0x0000000711200000|100%| E|CS|TAMS 0x0000000711000000| PB 0x0000000711000000| Complete 
|  91|0x0000000711200000, 0x0000000711400000, 0x0000000711400000|100%| E|CS|TAMS 0x0000000711200000| PB 0x0000000711200000| Complete 
|  92|0x0000000711400000, 0x0000000711600000, 0x0000000711600000|100%| E|CS|TAMS 0x0000000711400000| PB 0x0000000711400000| Complete 
|  93|0x0000000711600000, 0x0000000711800000, 0x0000000711800000|100%| E|CS|TAMS 0x0000000711600000| PB 0x0000000711600000| Complete 
|  94|0x0000000711800000, 0x0000000711a00000, 0x0000000711a00000|100%| E|CS|TAMS 0x0000000711800000| PB 0x0000000711800000| Complete 
|  95|0x0000000711a00000, 0x0000000711c00000, 0x0000000711c00000|100%| E|CS|TAMS 0x0000000711a00000| PB 0x0000000711a00000| Complete 
|  96|0x0000000711c00000, 0x0000000711e00000, 0x0000000711e00000|100%| E|CS|TAMS 0x0000000711c00000| PB 0x0000000711c00000| Complete 
|  97|0x0000000711e00000, 0x0000000712000000, 0x0000000712000000|100%| E|CS|TAMS 0x0000000711e00000| PB 0x0000000711e00000| Complete 
|  98|0x0000000712000000, 0x0000000712200000, 0x0000000712200000|100%| E|CS|TAMS 0x0000000712000000| PB 0x0000000712000000| Complete 
|  99|0x0000000712200000, 0x0000000712400000, 0x0000000712400000|100%| E|CS|TAMS 0x0000000712200000| PB 0x0000000712200000| Complete 
| 100|0x0000000712400000, 0x0000000712600000, 0x0000000712600000|100%| E|CS|TAMS 0x0000000712400000| PB 0x0000000712400000| Complete 
| 101|0x0000000712600000, 0x0000000712800000, 0x0000000712800000|100%| E|CS|TAMS 0x0000000712600000| PB 0x0000000712600000| Complete 
| 102|0x0000000712800000, 0x0000000712a00000, 0x0000000712a00000|100%| E|CS|TAMS 0x0000000712800000| PB 0x0000000712800000| Complete 
| 103|0x0000000712a00000, 0x0000000712a33000, 0x0000000712c00000|  9%| S|CS|TAMS 0x0000000712a00000| PB 0x0000000712a00000| Complete 
| 104|0x0000000712c00000, 0x0000000712e00000, 0x0000000712e00000|100%| S|CS|TAMS 0x0000000712c00000| PB 0x0000000712c00000| Complete 
| 105|0x0000000712e00000, 0x0000000713000000, 0x0000000713000000|100%| E|CS|TAMS 0x0000000712e00000| PB 0x0000000712e00000| Complete 
| 106|0x0000000713000000, 0x0000000713200000, 0x0000000713200000|100%| E|CS|TAMS 0x0000000713000000| PB 0x0000000713000000| Complete 
| 107|0x0000000713200000, 0x0000000713400000, 0x0000000713400000|100%| E|CS|TAMS 0x0000000713200000| PB 0x0000000713200000| Complete 
| 108|0x0000000713400000, 0x0000000713600000, 0x0000000713600000|100%| E|CS|TAMS 0x0000000713400000| PB 0x0000000713400000| Complete 
| 109|0x0000000713600000, 0x0000000713800000, 0x0000000713800000|100%| E|CS|TAMS 0x0000000713600000| PB 0x0000000713600000| Complete 
| 110|0x0000000713800000, 0x0000000713a00000, 0x0000000713a00000|100%| E|CS|TAMS 0x0000000713800000| PB 0x0000000713800000| Complete 
| 111|0x0000000713a00000, 0x0000000713c00000, 0x0000000713c00000|100%| E|CS|TAMS 0x0000000713a00000| PB 0x0000000713a00000| Complete 
| 112|0x0000000713c00000, 0x0000000713e00000, 0x0000000713e00000|100%| E|CS|TAMS 0x0000000713c00000| PB 0x0000000713c00000| Complete 
| 113|0x0000000713e00000, 0x0000000714000000, 0x0000000714000000|100%| E|CS|TAMS 0x0000000713e00000| PB 0x0000000713e00000| Complete 
| 114|0x0000000714000000, 0x0000000714200000, 0x0000000714200000|100%| E|CS|TAMS 0x0000000714000000| PB 0x0000000714000000| Complete 
| 115|0x0000000714200000, 0x0000000714400000, 0x0000000714400000|100%| E|CS|TAMS 0x0000000714200000| PB 0x0000000714200000| Complete 
| 116|0x0000000714400000, 0x0000000714600000, 0x0000000714600000|100%| E|CS|TAMS 0x0000000714400000| PB 0x0000000714400000| Complete 
| 117|0x0000000714600000, 0x0000000714800000, 0x0000000714800000|100%| E|CS|TAMS 0x0000000714600000| PB 0x0000000714600000| Complete 
| 118|0x0000000714800000, 0x0000000714a00000, 0x0000000714a00000|100%| E|CS|TAMS 0x0000000714800000| PB 0x0000000714800000| Complete 
| 119|0x0000000714a00000, 0x0000000714c00000, 0x0000000714c00000|100%| E|CS|TAMS 0x0000000714a00000| PB 0x0000000714a00000| Complete 
| 120|0x0000000714c00000, 0x0000000714e00000, 0x0000000714e00000|100%| E|CS|TAMS 0x0000000714c00000| PB 0x0000000714c00000| Complete 
| 121|0x0000000714e00000, 0x0000000715000000, 0x0000000715000000|100%| E|CS|TAMS 0x0000000714e00000| PB 0x0000000714e00000| Complete 
| 122|0x0000000715000000, 0x0000000715200000, 0x0000000715200000|100%| E|CS|TAMS 0x0000000715000000| PB 0x0000000715000000| Complete 
| 123|0x0000000715200000, 0x0000000715400000, 0x0000000715400000|100%| E|CS|TAMS 0x0000000715200000| PB 0x0000000715200000| Complete 
| 124|0x0000000715400000, 0x0000000715600000, 0x0000000715600000|100%| E|CS|TAMS 0x0000000715400000| PB 0x0000000715400000| Complete 
| 125|0x0000000715600000, 0x0000000715800000, 0x0000000715800000|100%| E|CS|TAMS 0x0000000715600000| PB 0x0000000715600000| Complete 

Card table byte_map: [0x000001f9ccf70000,0x000001f9cd750000] _byte_map_base: 0x000001f9c9742000

Marking Bits: (CMBitMap*) 0x000001f9b4b13f00
 Bits: [0x000001f9cd750000, 0x000001f9d15e0000)

Polling page: 0x000001f9b2a20000

Metaspace:

Usage:
  Non-class:     13.76 MB used.
      Class:      1.80 MB used.
       Both:     15.55 MB used.

Virtual space:
  Non-class space:       64.00 MB reserved,      13.94 MB ( 22%) committed,  1 nodes.
      Class space:        1.00 GB reserved,       1.88 MB ( <1%) committed,  1 nodes.
             Both:        1.06 GB reserved,      15.81 MB (  1%) committed. 

Chunk freelists:
   Non-Class:  1.72 MB
       Class:  13.95 MB
        Both:  15.67 MB

MaxMetaspaceSize: unlimited
CompressedClassSpaceSize: 1.00 GB
Initial GC threshold: 21.00 MB
Current GC threshold: 21.00 MB
CDS: on
 - commit_granule_bytes: 65536.
 - commit_granule_words: 8192.
 - virtual_space_node_default_size: 8388608.
 - enlarge_chunks_in_place: 1.
 - use_allocation_guard: 0.


Internal statistics:

num_allocs_failed_limit: 0.
num_arena_births: 138.
num_arena_deaths: 0.
num_vsnodes_births: 2.
num_vsnodes_deaths: 0.
num_space_committed: 253.
num_space_uncommitted: 0.
num_chunks_returned_to_freelist: 0.
num_chunks_taken_from_freelist: 685.
num_chunk_merges: 0.
num_chunk_splits: 470.
num_chunks_enlarged: 379.
num_inconsistent_stats: 0.

CodeHeap 'non-profiled nmethods': size=119168Kb used=1936Kb max_used=1936Kb free=117232Kb
 bounds [0x000001f9c4ab0000, 0x000001f9c4d20000, 0x000001f9cbf10000]
CodeHeap 'profiled nmethods': size=119104Kb used=8979Kb max_used=8979Kb free=110124Kb
 bounds [0x000001f9bcf10000, 0x000001f9bd7e0000, 0x000001f9c4360000]
CodeHeap 'non-nmethods': size=7488Kb used=2515Kb max_used=3089Kb free=4972Kb
 bounds [0x000001f9c4360000, 0x000001f9c4670000, 0x000001f9c4ab0000]
 total_blobs=4834 nmethods=4349 adapters=387
 compilation: enabled
              stopped_count=0, restarted_count=0
 full_count=0

Compilation events (20 events):
Event: 10.046 Thread 0x000001f9d46e3c20 4312   !   3       org.eclipse.aether.util.version.GenericVersion$Tokenizer::toItem (285 bytes)
Event: 10.047 Thread 0x000001f9d46e3c20 nmethod 4312 0x000001f9bd7abc90 code [0x000001f9bd7ac0e0, 0x000001f9bd7ae1e0]
Event: 10.047 Thread 0x000001f9d46e2e80 nmethod 4303 0x000001f9c4c8ed10 code [0x000001f9c4c8f040, 0x000001f9c4c90220]
Event: 10.047 Thread 0x000001f9d46e2e80 4311       4       java.lang.ThreadLocal::get (8 bytes)
Event: 10.048 Thread 0x000001f9d46e2e80 nmethod 4311 0x000001f9c4c90e90 code [0x000001f9c4c91040, 0x000001f9c4c911f8]
Event: 10.049 Thread 0x000001f9d46e3c20 4313       1       org.apache.maven.model.DependencyManagement::setDependencies (6 bytes)
Event: 10.049 Thread 0x000001f9d46e5090 4314       3       org.apache.maven.model.interpolation.StringVisitorModelInterpolator$ModelVisitor::visit (42 bytes)
Event: 10.049 Thread 0x000001f9d46e3c20 nmethod 4313 0x000001f9c4c91390 code [0x000001f9c4c91520, 0x000001f9c4c91638]
Event: 10.049 Thread 0x000001f9d46e5090 nmethod 4314 0x000001f9bd7aed10 code [0x000001f9bd7aef40, 0x000001f9bd7af848]
Event: 10.049 Thread 0x000001f9d46e2e80 4315       4       org.apache.maven.model.merge.MavenModelMerger::getPluginKey (5 bytes)
Event: 10.049 Thread 0x000001f9d46e5090 4316       3       org.apache.maven.model.management.DefaultPluginManagementInjector$ManagementModelMerger::mergePlugin_Executions (208 bytes)
Event: 10.050 Thread 0x000001f9d46e5090 nmethod 4316 0x000001f9bd7afb10 code [0x000001f9bd7aff20, 0x000001f9bd7b1d38]
Event: 10.051 Thread 0x000001f9d46e2e80 nmethod 4315 0x000001f9c4c91690 code [0x000001f9c4c91840, 0x000001f9c4c91d20]
Event: 10.054 Thread 0x000001f9d46e5090 4317       3       org.apache.maven.model.management.DefaultDependencyManagementInjector$ManagementModelMerger::mergeManagedDependencies (151 bytes)
Event: 10.054 Thread 0x000001f9d46e3550 4318       3       org.apache.maven.model.validation.DefaultModelValidator::validateDependencyVersion (25 bytes)
Event: 10.054 Thread 0x000001f9d46e3c20 4319       3       org.eclipse.aether.resolution.ArtifactDescriptorResult::addDependency (40 bytes)
Event: 10.055 Thread 0x000001f9d46e3c20 nmethod 4319 0x000001f9bd7b2690 code [0x000001f9bd7b2880, 0x000001f9bd7b2e78]
Event: 10.055 Thread 0x000001f9d46e3550 nmethod 4318 0x000001f9bd7b3090 code [0x000001f9bd7b3260, 0x000001f9bd7b3470]
Event: 10.055 Thread 0x000001f9d46e3c20 4320       3       org.eclipse.aether.util.version.GenericVersion$Item::isNumber (15 bytes)
Event: 10.055 Thread 0x000001f9d46e3c20 nmethod 4320 0x000001f9bd7b3590 code [0x000001f9bd7b3720, 0x000001f9bd7b3888]

GC Heap History (4 events):
Event: 0.444 GC heap before
{Heap before GC invocations=0 (full 0):
 garbage-first heap   total 258048K, used 22528K [0x0000000705c00000, 0x0000000800000000)
  region size 2048K, 11 young (22528K), 0 survivors (0K)
 Metaspace       used 5532K, committed 5760K, reserved 1114112K
  class space    used 633K, committed 768K, reserved 1048576K
}
Event: 0.447 GC heap after
{Heap after GC invocations=1 (full 0):
 garbage-first heap   total 258048K, used 3759K [0x0000000705c00000, 0x0000000800000000)
  region size 2048K, 2 young (4096K), 2 survivors (4096K)
 Metaspace       used 5532K, committed 5760K, reserved 1114112K
  class space    used 633K, committed 768K, reserved 1048576K
}
Event: 4.028 GC heap before
{Heap before GC invocations=1 (full 0):
 garbage-first heap   total 258048K, used 42671K [0x0000000705c00000, 0x0000000800000000)
  region size 2048K, 21 young (43008K), 2 survivors (4096K)
 Metaspace       used 10589K, committed 10752K, reserved 1114112K
  class space    used 1255K, committed 1344K, reserved 1048576K
}
Event: 4.031 GC heap after
{Heap after GC invocations=2 (full 0):
 garbage-first heap   total 258048K, used 5828K [0x0000000705c00000, 0x0000000800000000)
  region size 2048K, 2 young (4096K), 2 survivors (4096K)
 Metaspace       used 10589K, committed 10752K, reserved 1114112K
  class space    used 1255K, committed 1344K, reserved 1048576K
}

Dll operation events (8 events):
Event: 0.005 Loaded shared library C:\Program Files\Java\jdk-21\bin\java.dll
Event: 0.023 Loaded shared library C:\Program Files\Java\jdk-21\bin\jsvml.dll
Event: 0.033 Loaded shared library C:\Program Files\Java\jdk-21\bin\net.dll
Event: 0.034 Loaded shared library C:\Program Files\Java\jdk-21\bin\nio.dll
Event: 0.037 Loaded shared library C:\Program Files\Java\jdk-21\bin\zip.dll
Event: 0.157 Loaded shared library C:\Program Files\Java\jdk-21\bin\jimage.dll
Event: 0.159 Loaded shared library C:\Users\Q530\.m2\wrapper\dists\apache-maven-3.9.14\ed7edd442f634ac1c1ef5ba2b61b6d690b5221091f1a8e1123f5fadcc967520d\lib\jansi-native\Windows\x86_64\jansi.dll
Event: 0.166 Loaded shared library C:\Program Files\Java\jdk-21\bin\verify.dll

Deoptimization events (20 events):
Event: 9.989 Thread 0x000001f9b27d6f90 Uncommon trap: trap_request=0xffffffbe fr.pc=0x000001f9c4c81290 relative=0x0000000000000350
Event: 9.989 Thread 0x000001f9b27d6f90 Uncommon trap: reason=profile_predicate action=maybe_recompile pc=0x000001f9c4c81290 method=java.util.regex.Pattern$Slice.match(Ljava/util/regex/Matcher;ILjava/lang/CharSequence;)Z @ 18 c2
Event: 9.989 Thread 0x000001f9b27d6f90 DEOPT PACKING pc=0x000001f9c4c81290 sp=0x00000008bddfcaa0
Event: 9.989 Thread 0x000001f9b27d6f90 DEOPT UNPACKING pc=0x000001f9c43b46a2 sp=0x00000008bddfca30 mode 2
Event: 9.989 Thread 0x000001f9b27d6f90 Uncommon trap: trap_request=0xffffffbe fr.pc=0x000001f9c4c81290 relative=0x0000000000000350
Event: 9.989 Thread 0x000001f9b27d6f90 Uncommon trap: reason=profile_predicate action=maybe_recompile pc=0x000001f9c4c81290 method=java.util.regex.Pattern$Slice.match(Ljava/util/regex/Matcher;ILjava/lang/CharSequence;)Z @ 18 c2
Event: 9.989 Thread 0x000001f9b27d6f90 DEOPT PACKING pc=0x000001f9c4c81290 sp=0x00000008bddfcaa0
Event: 9.989 Thread 0x000001f9b27d6f90 DEOPT UNPACKING pc=0x000001f9c43b46a2 sp=0x00000008bddfca30 mode 2
Event: 9.989 Thread 0x000001f9b27d6f90 Uncommon trap: trap_request=0xffffffbe fr.pc=0x000001f9c4c81290 relative=0x0000000000000350
Event: 9.989 Thread 0x000001f9b27d6f90 Uncommon trap: reason=profile_predicate action=maybe_recompile pc=0x000001f9c4c81290 method=java.util.regex.Pattern$Slice.match(Ljava/util/regex/Matcher;ILjava/lang/CharSequence;)Z @ 18 c2
Event: 9.989 Thread 0x000001f9b27d6f90 DEOPT PACKING pc=0x000001f9c4c81290 sp=0x00000008bddfcaa0
Event: 9.989 Thread 0x000001f9b27d6f90 DEOPT UNPACKING pc=0x000001f9c43b46a2 sp=0x00000008bddfca30 mode 2
Event: 9.993 Thread 0x000001f9b27d6f90 Uncommon trap: trap_request=0xffffff45 fr.pc=0x000001f9c4b7e620 relative=0x00000000000001e0
Event: 9.993 Thread 0x000001f9b27d6f90 Uncommon trap: reason=unstable_if action=reinterpret pc=0x000001f9c4b7e620 method=java.util.HashMap.getNode(Ljava/lang/Object;)Ljava/util/HashMap$Node; @ 66 c2
Event: 9.993 Thread 0x000001f9b27d6f90 DEOPT PACKING pc=0x000001f9c4b7e620 sp=0x00000008bddfd580
Event: 9.993 Thread 0x000001f9b27d6f90 DEOPT UNPACKING pc=0x000001f9c43b46a2 sp=0x00000008bddfd490 mode 2
Event: 10.013 Thread 0x000001f9b27d6f90 Uncommon trap: trap_request=0xffffff45 fr.pc=0x000001f9c4c66268 relative=0x0000000000002b48
Event: 10.013 Thread 0x000001f9b27d6f90 Uncommon trap: reason=unstable_if action=reinterpret pc=0x000001f9c4c66268 method=org.codehaus.plexus.util.xml.pull.MXParser.parseAttribute()C @ 786 c2
Event: 10.013 Thread 0x000001f9b27d6f90 DEOPT PACKING pc=0x000001f9c4c66268 sp=0x00000008bddfc490
Event: 10.013 Thread 0x000001f9b27d6f90 DEOPT UNPACKING pc=0x000001f9c43b46a2 sp=0x00000008bddfc418 mode 2

Classes loaded (20 events):
Event: 8.492 Loading class sun/util/resources/Bundles$2
Event: 8.492 Loading class sun/util/resources/Bundles$2 done
Event: 8.508 Loading class java/util/StringTokenizer
Event: 8.508 Loading class java/util/StringTokenizer done
Event: 8.513 Loading class sun/invoke/util/ValueConversions$1
Event: 8.513 Loading class sun/invoke/util/ValueConversions$1 done
Event: 8.514 Loading class java/lang/invoke/BoundMethodHandle$Species_LI
Event: 8.514 Loading class java/lang/invoke/BoundMethodHandle$Species_LI done
Event: 8.547 Loading class java/util/stream/Streams$RangeIntSpliterator
Event: 8.547 Loading class java/util/stream/Streams$RangeIntSpliterator done
Event: 9.763 Loading class java/util/stream/MatchOps$MatchKind
Event: 9.763 Loading class java/util/stream/MatchOps$MatchKind done
Event: 9.763 Loading class java/util/stream/MatchOps
Event: 9.763 Loading class java/util/stream/MatchOps done
Event: 9.763 Loading class java/util/stream/MatchOps$MatchOp
Event: 9.763 Loading class java/util/stream/MatchOps$MatchOp done
Event: 9.763 Loading class java/util/stream/MatchOps$BooleanTerminalSink
Event: 9.763 Loading class java/util/stream/MatchOps$BooleanTerminalSink done
Event: 9.764 Loading class java/util/stream/MatchOps$1MatchSink
Event: 9.764 Loading class java/util/stream/MatchOps$1MatchSink done

Classes unloaded (0 events):
No events

Classes redefined (0 events):
No events

Internal exceptions (20 events):
Event: 0.412 Thread 0x000001f9b27d6f90 Exception <a 'java/lang/NoSuchMethodError'{0x00000007145d6588}: 'java.lang.Object java.lang.invoke.DirectMethodHandle$Holder.newInvokeSpecial(java.lang.Object, java.lang.Object, java.lang.Object, java.lang.Object, java.lang.Object)'> (0x00000007145d6588) 
thrown [s\open\src\hotspot\share\interpreter\linkResolver.cpp, line 773]
Event: 0.431 Thread 0x000001f9b27d6f90 Exception <a 'java/lang/NoSuchMethodError'{0x00000007142fe720}: 'int java.lang.invoke.DirectMethodHandle$Holder.invokeStaticInit(java.lang.Object, java.lang.Object)'> (0x00000007142fe720) 
thrown [s\open\src\hotspot\share\interpreter\linkResolver.cpp, line 773]
Event: 0.437 Thread 0x000001f9b27d6f90 Exception <a 'java/lang/NoClassDefFoundError'{0x0000000714337a30}: javax/enterprise/inject/Typed> (0x0000000714337a30) 
thrown [s\open\src\hotspot\share\classfile\systemDictionary.cpp, line 301]
Event: 5.053 Thread 0x000001f9b27d6f90 Exception <a 'java/lang/NoSuchMethodError'{0x00000007156cc538}: 'void java.lang.invoke.DirectMethodHandle$Holder.invokeStaticInit(java.lang.Object, java.lang.Object, java.lang.Object)'> (0x00000007156cc538) 
thrown [s\open\src\hotspot\share\interpreter\linkResolver.cpp, line 773]
Event: 5.069 Thread 0x000001f9b27d6f90 Implicit null exception at 0x000001f9c4b42c5d to 0x000001f9c4b42e50
Event: 5.070 Thread 0x000001f9b27d6f90 Exception <a 'java/lang/NoSuchMethodError'{0x0000000715741020}: 'java.lang.Object java.lang.invoke.Invokers$Holder.invokeExact_MT(java.lang.Object, int, java.lang.Object)'> (0x0000000715741020) 
thrown [s\open\src\hotspot\share\interpreter\linkResolver.cpp, line 773]
Event: 6.259 Thread 0x000001f9b27d6f90 Exception <a 'java/lang/NoSuchMethodError'{0x0000000714d30560}: 'void java.lang.invoke.Invokers$Holder.invokeExact_MT(java.lang.Object, java.lang.Object, java.lang.Object, java.lang.Object)'> (0x0000000714d30560) 
thrown [s\open\src\hotspot\share\interpreter\linkResolver.cpp, line 773]
Event: 6.272 Thread 0x000001f9b27d6f90 Exception <a 'java/lang/NoClassDefFoundError'{0x0000000714dcab18}: com/google/inject/servlet/ServletModuleTargetVisitor> (0x0000000714dcab18) 
thrown [s\open\src\hotspot\share\classfile\systemDictionary.cpp, line 301]
Event: 6.340 Thread 0x000001f9b27d6f90 Exception <a 'java/lang/NoSuchMethodError'{0x0000000714832ea8}: 'java.lang.Object java.lang.invoke.DirectMethodHandle$Holder.invokeStaticInit(java.lang.Object, int, int, int, int)'> (0x0000000714832ea8) 
thrown [s\open\src\hotspot\share\interpreter\linkResolver.cpp, line 773]
Event: 8.451 Thread 0x000001f9b27d6f90 Implicit null exception at 0x000001f9c4aee6a4 to 0x000001f9c4aeed1c
Event: 8.451 Thread 0x000001f9b27d6f90 Implicit null exception at 0x000001f9c4ad8c20 to 0x000001f9c4ad928c
Event: 8.476 Thread 0x000001f9b27d6f90 Exception <a 'java/lang/NoSuchMethodError'{0x0000000714538e10}: 'void java.lang.invoke.DirectMethodHandle$Holder.invokeSpecial(java.lang.Object, java.lang.Object, java.lang.Object, java.lang.Object, java.lang.Object, java.lang.Object)'> (0x0000000714538e10) 
thrown [s\open\src\hotspot\share\interpreter\linkResolver.cpp, line 773]
Event: 8.484 Thread 0x000001f9b27d6f90 Exception <a 'java/lang/NoSuchMethodError'{0x0000000714232a60}: 'java.lang.Object java.lang.invoke.DirectMethodHandle$Holder.invokeVirtual(java.lang.Object, java.lang.Object, java.lang.Object)'> (0x0000000714232a60) 
thrown [s\open\src\hotspot\share\interpreter\linkResolver.cpp, line 773]
Event: 8.513 Thread 0x000001f9b27d6f90 Exception <a 'java/lang/NoSuchMethodError'{0x0000000714017270}: 'void java.lang.invoke.DirectMethodHandle$Holder.invokeVirtual(java.lang.Object, java.lang.Object, int)'> (0x0000000714017270) 
thrown [s\open\src\hotspot\share\interpreter\linkResolver.cpp, line 773]
Event: 8.513 Thread 0x000001f9b27d6f90 Exception <a 'java/lang/NoSuchMethodError'{0x000000071401b458}: 'int java.lang.invoke.DirectMethodHandle$Holder.invokeSpecial(java.lang.Object, java.lang.Object, java.lang.Object, int)'> (0x000000071401b458) 
thrown [s\open\src\hotspot\share\interpreter\linkResolver.cpp, line 773]
Event: 8.515 Thread 0x000001f9b27d6f90 Exception <a 'java/lang/NoSuchMethodError'{0x000000071402db00}: 'java.lang.Object java.lang.invoke.DirectMethodHandle$Holder.invokeStatic(java.lang.Object, java.lang.Object, java.lang.Object, java.lang.Object, int)'> (0x000000071402db00) 
thrown [s\open\src\hotspot\share\interpreter\linkResolver.cpp, line 773]
Event: 8.515 Thread 0x000001f9b27d6f90 Exception <a 'java/lang/NoSuchMethodError'{0x00000007140358e0}: 'void java.lang.invoke.DirectMethodHandle$Holder.invokeSpecial(java.lang.Object, java.lang.Object, java.lang.Object, int)'> (0x00000007140358e0) 
thrown [s\open\src\hotspot\share\interpreter\linkResolver.cpp, line 773]
Event: 8.515 Thread 0x000001f9b27d6f90 Exception <a 'java/lang/NoSuchMethodError'{0x0000000714038fa0}: 'void java.lang.invoke.DelegatingMethodHandle$Holder.reinvoke_L(java.lang.Object, java.lang.Object, int)'> (0x0000000714038fa0) 
thrown [s\open\src\hotspot\share\interpreter\linkResolver.cpp, line 773]
Event: 9.813 Thread 0x000001f9b27d6f90 Exception <a 'java/lang/NoSuchMethodError'{0x000000071221cf28}: 'void java.lang.invoke.DirectMethodHandle$Holder.invokeStatic(java.lang.Object, java.lang.Object, java.lang.Object, java.lang.Object)'> (0x000000071221cf28) 
thrown [s\open\src\hotspot\share\interpreter\linkResolver.cpp, line 773]
Event: 9.815 Thread 0x000001f9b27d6f90 Exception <a 'java/lang/NoSuchMethodError'{0x0000000712235fe0}: 'int java.lang.invoke.DirectMethodHandle$Holder.invokeSpecialIFC(java.lang.Object, java.lang.Object, java.lang.Object, java.lang.Object)'> (0x0000000712235fe0) 
thrown [s\open\src\hotspot\share\interpreter\linkResolver.cpp, line 773]

ZGC Phase Switch (0 events):
No events

VM Operations (20 events):
Event: 6.305 Executing VM operation: HandshakeAllThreads (Deoptimize) done
Event: 6.319 Executing VM operation: HandshakeAllThreads (Deoptimize)
Event: 6.319 Executing VM operation: HandshakeAllThreads (Deoptimize) done
Event: 6.348 Executing VM operation: HandshakeAllThreads (Deoptimize)
Event: 6.348 Executing VM operation: HandshakeAllThreads (Deoptimize) done
Event: 7.363 Executing VM operation: Cleanup
Event: 7.396 Executing VM operation: Cleanup done
Event: 7.409 Executing VM operation: HandshakeAllThreads (Deoptimize)
Event: 7.409 Executing VM operation: HandshakeAllThreads (Deoptimize) done
Event: 7.410 Executing VM operation: HandshakeAllThreads (Deoptimize)
Event: 7.410 Executing VM operation: HandshakeAllThreads (Deoptimize) done
Event: 8.414 Executing VM operation: Cleanup
Event: 8.414 Executing VM operation: Cleanup done
Event: 9.430 Executing VM operation: Cleanup
Event: 9.598 Executing VM operation: Cleanup done
Event: 9.830 Executing VM operation: ICBufferFull
Event: 9.830 Executing VM operation: ICBufferFull done
Event: 10.020 Executing VM operation: ICBufferFull
Event: 10.020 Executing VM operation: ICBufferFull done
Event: 11.030 Executing VM operation: Cleanup

Events (20 events):
Event: 2.586 Thread 0x000001f9d46e5090 Thread added: 0x000001f9d46e5090
Event: 4.003 Thread 0x000001f9d46e5090 Thread exited: 0x000001f9d46e5090
Event: 4.003 Thread 0x000001f9d46e49c0 Thread exited: 0x000001f9d46e49c0
Event: 4.003 Thread 0x000001f9d46e27b0 Thread exited: 0x000001f9d46e27b0
Event: 4.003 Thread 0x000001f9d46e42f0 Thread exited: 0x000001f9d46e42f0
Event: 4.004 Thread 0x000001f9d46e5760 Thread exited: 0x000001f9d46e5760
Event: 4.004 Thread 0x000001f9d46e20e0 Thread exited: 0x000001f9d46e20e0
Event: 5.042 Thread 0x000001f9d46e2e80 Thread exited: 0x000001f9d46e2e80
Event: 6.118 Thread 0x000001f9d46e3c20 Thread added: 0x000001f9d46e3c20
Event: 6.118 Thread 0x000001f9d46e5090 Thread added: 0x000001f9d46e5090
Event: 6.118 Thread 0x000001f9d46e49c0 Thread added: 0x000001f9d46e49c0
Event: 6.199 Thread 0x000001f9d46e5760 Thread added: 0x000001f9d46e5760
Event: 6.298 Thread 0x000001f9d46e42f0 Thread added: 0x000001f9d46e42f0
Event: 7.407 Thread 0x000001f9d46e42f0 Thread exited: 0x000001f9d46e42f0
Event: 7.407 Thread 0x000001f9d46e49c0 Thread exited: 0x000001f9d46e49c0
Event: 7.407 Thread 0x000001f9d46e5090 Thread exited: 0x000001f9d46e5090
Event: 7.411 Thread 0x000001f9d46e5760 Thread exited: 0x000001f9d46e5760
Event: 8.483 Thread 0x000001f9d46e2e80 Thread added: 0x000001f9d46e2e80
Event: 8.490 Thread 0x000001f9d46e49c0 Thread added: 0x000001f9d46e49c0
Event: 9.605 Thread 0x000001f9d46e5090 Thread added: 0x000001f9d46e5090


Dynamic libraries:
0x00007ff7aa0d0000 - 0x00007ff7aa0e0000 	C:\Program Files\Java\jdk-21\bin\java.exe
0x00007ffa6f280000 - 0x00007ffa6f4e7000 	C:\WINDOWS\SYSTEM32\ntdll.dll
0x00007ffa6e320000 - 0x00007ffa6e3e9000 	C:\WINDOWS\System32\KERNEL32.DLL
0x00007ffa6ca80000 - 0x00007ffa6ce71000 	C:\WINDOWS\System32\KERNELBASE.dll
0x00007ffa6bec0000 - 0x00007ffa6c00b000 	C:\WINDOWS\System32\ucrtbase.dll
0x00007ffa62010000 - 0x00007ffa62029000 	C:\Program Files\Java\jdk-21\bin\jli.dll
0x00007ffa61ff0000 - 0x00007ffa6200b000 	C:\Program Files\Java\jdk-21\bin\VCRUNTIME140.dll
0x00007ffa6d020000 - 0x00007ffa6d0db000 	C:\WINDOWS\System32\ADVAPI32.dll
0x00007ffa6f000000 - 0x00007ffa6f0a9000 	C:\WINDOWS\System32\msvcrt.dll
0x00007ffa6e540000 - 0x00007ffa6e5e7000 	C:\WINDOWS\System32\sechost.dll
0x00007ffa6ed60000 - 0x00007ffa6ee78000 	C:\WINDOWS\System32\RPCRT4.dll
0x00007ffa6dca0000 - 0x00007ffa6de65000 	C:\WINDOWS\System32\USER32.dll
0x00007ffa6ce80000 - 0x00007ffa6cea7000 	C:\WINDOWS\System32\win32u.dll
0x00007ffa51ac0000 - 0x00007ffa51d53000 	C:\WINDOWS\WinSxS\amd64_microsoft.windows.common-controls_6595b64144ccf1df_6.0.26100.8037_none_3e092faae333b53b\COMCTL32.dll
0x00007ffa6e2f0000 - 0x00007ffa6e31b000 	C:\WINDOWS\System32\GDI32.dll
0x00007ffa6bd90000 - 0x00007ffa6bebb000 	C:\WINDOWS\System32\gdi32full.dll
0x00007ffa6bce0000 - 0x00007ffa6bd83000 	C:\WINDOWS\System32\msvcp_win.dll
0x00007ffa62d50000 - 0x00007ffa62d5b000 	C:\WINDOWS\SYSTEM32\VERSION.dll
0x00007ffa6f180000 - 0x00007ffa6f1b1000 	C:\WINDOWS\System32\IMM32.DLL
0x00007ffa64c40000 - 0x00007ffa64c4c000 	C:\Program Files\Java\jdk-21\bin\vcruntime140_1.dll
0x00007ffa31960000 - 0x00007ffa319ee000 	C:\Program Files\Java\jdk-21\bin\msvcp140.dll
0x00007ff98b890000 - 0x00007ff98c5a7000 	C:\Program Files\Java\jdk-21\bin\server\jvm.dll
0x00007ffa6d1a0000 - 0x00007ffa6d214000 	C:\WINDOWS\System32\WS2_32.dll
0x00007ffa6b000000 - 0x00007ffa6b05e000 	C:\WINDOWS\SYSTEM32\POWRPROF.dll
0x00007ffa5e600000 - 0x00007ffa5e635000 	C:\WINDOWS\SYSTEM32\WINMM.dll
0x00007ffa6afa0000 - 0x00007ffa6afb4000 	C:\WINDOWS\SYSTEM32\UMPDC.dll
0x00007ffa6a8f0000 - 0x00007ffa6a90b000 	C:\WINDOWS\SYSTEM32\kernel.appcore.dll
0x00007ffa5a970000 - 0x00007ffa5a97a000 	C:\Program Files\Java\jdk-21\bin\jimage.dll
0x00007ffa695b0000 - 0x00007ffa697f2000 	C:\WINDOWS\SYSTEM32\DBGHELP.DLL
0x00007ffa6de70000 - 0x00007ffa6e1f2000 	C:\WINDOWS\System32\combase.dll
0x00007ffa6e210000 - 0x00007ffa6e2e7000 	C:\WINDOWS\System32\OLEAUT32.dll
0x00007ffa4e310000 - 0x00007ffa4e34b000 	C:\WINDOWS\SYSTEM32\dbgcore.DLL
0x00007ffa6c910000 - 0x00007ffa6c9b5000 	C:\WINDOWS\System32\bcryptPrimitives.dll
0x00007ffa5a950000 - 0x00007ffa5a96f000 	C:\Program Files\Java\jdk-21\bin\java.dll
0x00007ffa6e5f0000 - 0x00007ffa6ed4f000 	C:\WINDOWS\System32\SHELL32.dll
0x00007ffa6ceb0000 - 0x00007ffa6d01a000 	C:\WINDOWS\System32\wintypes.dll
0x00007ffa6c0a0000 - 0x00007ffa6c904000 	C:\WINDOWS\System32\windows.storage.dll
0x00007ffa6ee80000 - 0x00007ffa6ef77000 	C:\WINDOWS\System32\SHCORE.dll
0x00007ffa6f110000 - 0x00007ffa6f177000 	C:\WINDOWS\System32\shlwapi.dll
0x00007ffa6ba80000 - 0x00007ffa6baa9000 	C:\WINDOWS\SYSTEM32\profapi.dll
0x00007ffa31880000 - 0x00007ffa31957000 	C:\Program Files\Java\jdk-21\bin\jsvml.dll
0x00007ffa5a940000 - 0x00007ffa5a950000 	C:\Program Files\Java\jdk-21\bin\net.dll
0x00007ffa666c0000 - 0x00007ffa667e7000 	C:\WINDOWS\SYSTEM32\WINHTTP.dll
0x00007ffa6aef0000 - 0x00007ffa6af5b000 	C:\WINDOWS\system32\mswsock.dll
0x00007ffa50380000 - 0x00007ffa50396000 	C:\Program Files\Java\jdk-21\bin\nio.dll
0x00007ffa50360000 - 0x00007ffa50378000 	C:\Program Files\Java\jdk-21\bin\zip.dll
0x00007ffa39c50000 - 0x00007ffa39c74000 	C:\Users\Q530\.m2\wrapper\dists\apache-maven-3.9.14\ed7edd442f634ac1c1ef5ba2b61b6d690b5221091f1a8e1123f5fadcc967520d\lib\jansi-native\Windows\x86_64\jansi.dll
0x00007ffa532a0000 - 0x00007ffa532b0000 	C:\Program Files\Java\jdk-21\bin\verify.dll

dbghelp: loaded successfully - version: 4.0.5 - missing functions: none
symbol engine: initialized successfully - sym options: 0x614 - pdb path: .;C:\Program Files\Java\jdk-21\bin;C:\WINDOWS\SYSTEM32;C:\WINDOWS\WinSxS\amd64_microsoft.windows.common-controls_6595b64144ccf1df_6.0.26100.8037_none_3e092faae333b53b;C:\Program Files\Java\jdk-21\bin\server;C:\Users\Q530\.m2\wrapper\dists\apache-maven-3.9.14\ed7edd442f634ac1c1ef5ba2b61b6d690b5221091f1a8e1123f5fadcc967520d\lib\jansi-native\Windows\x86_64

VM Arguments:
jvm_args: --enable-native-access=ALL-UNNAMED -Dclassworlds.conf=C:\Users\Q530\.m2\wrapper\dists\apache-maven-3.9.14\ed7edd442f634ac1c1ef5ba2b61b6d690b5221091f1a8e1123f5fadcc967520d\bin\m2.conf -Dmaven.home=C:\Users\Q530\.m2\wrapper\dists\apache-maven-3.9.14\ed7edd442f634ac1c1ef5ba2b61b6d690b5221091f1a8e1123f5fadcc967520d -Dlibrary.jansi.path=C:\Users\Q530\.m2\wrapper\dists\apache-maven-3.9.14\ed7edd442f634ac1c1ef5ba2b61b6d690b5221091f1a8e1123f5fadcc967520d\lib\jansi-native -Dmaven.multiModuleProjectDirectory=D:\DACK 
java_command: org.codehaus.plexus.classworlds.launcher.Launcher -q -DskipTests compile
java_class_path (initial): C:\Users\Q530\.m2\wrapper\dists\apache-maven-3.9.14\ed7edd442f634ac1c1ef5ba2b61b6d690b5221091f1a8e1123f5fadcc967520d\boot\plexus-classworlds-2.9.0.jar
Launcher Type: SUN_STANDARD

[Global flags]
     intx CICompilerCount                          = 12                                        {product} {ergonomic}
     uint ConcGCThreads                            = 3                                         {product} {ergonomic}
     uint G1ConcRefinementThreads                  = 13                                        {product} {ergonomic}
   size_t G1HeapRegionSize                         = 2097152                                   {product} {ergonomic}
    uintx GCDrainStackTargetSize                   = 64                                        {product} {ergonomic}
   size_t InitialHeapSize                          = 264241152                                 {product} {ergonomic}
   size_t MarkStackSize                            = 4194304                                   {product} {ergonomic}
   size_t MaxHeapSize                              = 4198498304                                {product} {ergonomic}
   size_t MaxNewSize                               = 2518679552                                {product} {ergonomic}
   size_t MinHeapDeltaBytes                        = 2097152                                   {product} {ergonomic}
   size_t MinHeapSize                              = 8388608                                   {product} {ergonomic}
    uintx NonNMethodCodeHeapSize                   = 7602480                                {pd product} {ergonomic}
    uintx NonProfiledCodeHeapSize                  = 122027880                              {pd product} {ergonomic}
    uintx ProfiledCodeHeapSize                     = 122027880                              {pd product} {ergonomic}
    uintx ReservedCodeCacheSize                    = 251658240                              {pd product} {ergonomic}
     bool SegmentedCodeCache                       = true                                      {product} {ergonomic}
   size_t SoftMaxHeapSize                          = 4198498304                             {manageable} {ergonomic}
     bool UseCompressedOops                        = true                           {product lp64_product} {ergonomic}
     bool UseG1GC                                  = true                                      {product} {ergonomic}
     bool UseLargePagesIndividualAllocation        = false                                  {pd product} {ergonomic}

Logging:
Log output configuration:
 #0: stdout all=warning uptime,level,tags foldmultilines=false
 #1: stderr all=off uptime,level,tags foldmultilines=false

Environment Variables:
PATH=C:\Program Files\Microsoft MPI\Bin\;C:\Program Files\Common Files\Oracle\Java\javapath;C:\Program Files (x86)\Common Files\Oracle\Java\java8path;C:\Program Files (x86)\Common Files\Oracle\Java\javapath;C:\Windows\system32;C:\Windows;C:\Windows\System32\Wbem;C:\Windows\System32\WindowsPowerShell\v1.0\;C:\Windows\System32\OpenSSH\;C:\Program Files (x86)\NVIDIA Corporation\PhysX\Common;C:\WINDOWS\system32;C:\WINDOWS;C:\WINDOWS\System32\Wbem;C:\WINDOWS\System32\WindowsPowerShell\v1.0\;C:\WINDOWS\System32\OpenSSH\;C:\Program Files (x86)\Microsoft SQL Server\160\Tools\Binn\;C:\Program Files\Microsoft SQL Server\160\Tools\Binn\;C:\Program Files\Microsoft SQL Server\Client SDK\ODBC\170\Tools\Binn\;C:\Program Files\Microsoft SQL Server\160\DTS\Binn\;C:\Program Files (x86)\Microsoft SQL Server\160\DTS\Binn\;C:\Program Files\Microsoft SQL Server\150\Tools\Binn\;C:\Program Files\NVIDIA Corporation\NVIDIA app\NvDLISR;C:\Program Files\nodejs\;C:\Program Files\dotnet\;C:\flutter\bin;D:\Git\cmd;C:\Program Files (x86)\Windows Kits\10\Windows Performance Toolkit\;C:\Users\Q530\AppData\Local\Pub\Cache\bin;C:\xampp1\php;C:\ProgramData\ComposerSetup\bin;;C:\Program Files\Docker\Docker\resources\bin;c:\Users\Q530\AppData\Local\Programs\Trae\bin;C:\Users\Q530\AppData\Local\Programs\Python\Python313\Scripts\;C:\Users\Q530\AppData\Local\Programs\Python\Python313\;C:\Users\Q530\AppData\Local\Programs\Python\Launcher\;C:\Users\Q530\AppData\Local\Microsoft\WindowsApps;C:\Users\Q530\AppData\Local\Programs\Microsoft VS Code\bin;C:\Users\Q530\AppData\Roaming\npm;C:\Users\Q530\.dotnet\tools;C:\Program Files\OpenSSL-Win64;D:\2280602644_nguyentuanquoc\BaiTap2\flutter\bin;C:\Users\Q530\AppData\Roaming\Composer\vendor\bin;C:\xampp1\php;D:\cursor\resources\app\bin;C:\Users\Q530\AppData\Local\GitHubDesktop\bin;C:\Users\Q530\AppData\Local\Microsoft\WindowsApps;
USERNAME=Q530
TERM=dumb
OS=Windows_NT
PROCESSOR_IDENTIFIER=Intel64 Family 6 Model 186 Stepping 2, GenuineIntel
TMP=C:\Users\Q530\AppData\Local\Temp
TEMP=C:\Users\Q530\AppData\Local\Temp




Periodic native trim disabled

---------------  S Y S T E M  ---------------

OS:
 Windows 11 , 64 bit Build 26100 (10.0.26100.7920)
OS uptime: 0 days 0:58 hours
Hyper-V role detected

CPU: total 16 (initial active 16) (8 cores per cpu, 2 threads per core) family 6 model 186 stepping 2 microcode 0x411f, cx8, cmov, fxsr, ht, mmx, 3dnowpref, sse, sse2, sse3, ssse3, sse4.1, sse4.2, popcnt, lzcnt, tsc, tscinvbit, avx, avx2, aes, erms, clmul, bmi1, bmi2, adx, sha, fma, vzeroupper, clflush, clflushopt, clwb, hv, serialize, rdtscp, rdpid, fsrm, f16c, cet_ibt, cet_ss
Processor Information for processor 0
  Max Mhz: 2400, Current Mhz: 2400, Mhz Limit: 2400
Processor Information for processor 1
  Max Mhz: 2400, Current Mhz: 1520, Mhz Limit: 2400
Processor Information for processor 2
  Max Mhz: 2400, Current Mhz: 1520, Mhz Limit: 2400
Processor Information for processor 3
  Max Mhz: 2400, Current Mhz: 2400, Mhz Limit: 2400
Processor Information for processor 4
  Max Mhz: 2400, Current Mhz: 1520, Mhz Limit: 2400
Processor Information for processor 5
  Max Mhz: 2400, Current Mhz: 2400, Mhz Limit: 2400
Processor Information for processor 6
  Max Mhz: 2400, Current Mhz: 2400, Mhz Limit: 2400
Processor Information for processor 7
  Max Mhz: 2400, Current Mhz: 2400, Mhz Limit: 2400
Processor Information for processor 8
  Max Mhz: 2400, Current Mhz: 2400, Mhz Limit: 2400
Processor Information for processor 9
  Max Mhz: 2400, Current Mhz: 2400, Mhz Limit: 2400
Processor Information for processor 10
  Max Mhz: 2400, Current Mhz: 2400, Mhz Limit: 2400
Processor Information for processor 11
  Max Mhz: 2400, Current Mhz: 2400, Mhz Limit: 2400
Processor Information for processor 12
  Max Mhz: 2400, Current Mhz: 2400, Mhz Limit: 2400
Processor Information for processor 13
  Max Mhz: 2400, Current Mhz: 1466, Mhz Limit: 2400
Processor Information for processor 14
  Max Mhz: 2400, Current Mhz: 1466, Mhz Limit: 2400
Processor Information for processor 15
  Max Mhz: 2400, Current Mhz: 2400, Mhz Limit: 2400

Memory: 4k page, system-wide physical 16010M (1094M free)
TotalPageFile size 20106M (AvailPageFile size 2M)
current process WorkingSet (physical memory assigned to process): 178M, peak: 178M
current process commit charge ("private bytes"): 403M, peak: 404M

vm_info: Java HotSpot(TM) 64-Bit Server VM (21.0.2+13-LTS-58) for windows-amd64 JRE (21.0.2+13-LTS-58), built on 2024-01-05T18:32:24Z by "mach5one" with MS VC++ 17.1 (VS2022)

END.
